#! /c/Source/iverilog-install/bin/vvp
:ivl_version "12.0 (devel)" "(s20150603-1110-g18392a46)";
:ivl_delay_selection "TYPICAL";
:vpi_time_precision + 0;
:vpi_module "D:\Dev\iverilog\lib\ivl\system.vpi";
:vpi_module "D:\Dev\iverilog\lib\ivl\vhdl_sys.vpi";
:vpi_module "D:\Dev\iverilog\lib\ivl\vhdl_textio.vpi";
:vpi_module "D:\Dev\iverilog\lib\ivl\v2005_math.vpi";
:vpi_module "D:\Dev\iverilog\lib\ivl\va_math.vpi";
S_0000022fb49d34d0 .scope module, "testbench_fp" "testbench_fp" 2 9;
 .timescale 0 0;
v0000022fb4af0780_0 .net "DataAdr", 31 0, v0000022fb4aea330_0;  1 drivers
v0000022fb4aefa60_0 .net "MemWrite", 0 0, L_0000022fb4a54650;  1 drivers
v0000022fb4aef100_0 .net "WriteData", 31 0, L_0000022fb4b4ec90;  1 drivers
v0000022fb4aef9c0_0 .var "clk", 0 0;
v0000022fb4aee840_0 .var "reset", 0 0;
E_0000022fb4a6cb80 .event negedge, v0000022fb4a7c2d0_0;
S_0000022fb49d3660 .scope module, "dut" "top" 2 15, 3 1 0, S_0000022fb49d34d0;
 .timescale 0 0;
    .port_info 0 /INPUT 1 "clk";
    .port_info 1 /INPUT 1 "reset";
    .port_info 2 /OUTPUT 32 "WriteData";
    .port_info 3 /OUTPUT 32 "DataAdr";
    .port_info 4 /OUTPUT 1 "MemWrite";
v0000022fb4aeede0_0 .net "DataAdr", 31 0, v0000022fb4aea330_0;  alias, 1 drivers
v0000022fb4af0280_0 .net "Instr", 31 0, L_0000022fb4b52890;  1 drivers
v0000022fb4aee520_0 .net "MemWrite", 0 0, L_0000022fb4a54650;  alias, 1 drivers
v0000022fb4aeeac0_0 .net "PC", 31 0, v0000022fb4ae97f0_0;  1 drivers
v0000022fb4aefb00_0 .net "ReadData", 31 0, L_0000022fb4b51d30;  1 drivers
v0000022fb4aee5c0_0 .net "WriteData", 31 0, L_0000022fb4b4ec90;  alias, 1 drivers
v0000022fb4aef600_0 .net "clk", 0 0, v0000022fb4aef9c0_0;  1 drivers
v0000022fb4aef880_0 .net "reset", 0 0, v0000022fb4aee840_0;  1 drivers
S_0000022fb49d37f0 .scope module, "arm" "arm" 3 16, 4 1 0, S_0000022fb49d3660;
 .timescale 0 0;
    .port_info 0 /INPUT 1 "clk";
    .port_info 1 /INPUT 1 "reset";
    .port_info 2 /OUTPUT 32 "PC";
    .port_info 3 /INPUT 32 "Instr";
    .port_info 4 /OUTPUT 1 "MemWrite";
    .port_info 5 /OUTPUT 32 "ALUResult";
    .port_info 6 /OUTPUT 32 "WriteData";
    .port_info 7 /INPUT 32 "ReadData";
v0000022fb4af0b40_0 .net "ALUControl", 3 0, v0000022fb4ad8ce0_0;  1 drivers
v0000022fb4af0be0_0 .net "ALUFlags", 3 0, v0000022fb4ae9e30_0;  1 drivers
v0000022fb4af0d20_0 .net "ALUResult", 31 0, v0000022fb4aea330_0;  alias, 1 drivers
v0000022fb4af1ae0_0 .net "ALUSrc", 0 0, L_0000022fb4aee340;  1 drivers
v0000022fb4af10e0_0 .net "AuxW", 0 0, v0000022fb4ad7660_0;  1 drivers
v0000022fb4af12c0_0 .net "ImmSrc", 1 0, L_0000022fb4af0aa0;  1 drivers
v0000022fb4af0e60_0 .net "Instr", 31 0, L_0000022fb4b52890;  alias, 1 drivers
v0000022fb4af1680_0 .net "MemWrite", 0 0, L_0000022fb4a54650;  alias, 1 drivers
v0000022fb4af1360_0 .net "MemtoReg", 0 0, L_0000022fb4aee660;  1 drivers
v0000022fb4af0c80_0 .net "Mul", 0 0, v0000022fb4ad73e0_0;  1 drivers
v0000022fb4af0dc0_0 .net "PC", 31 0, v0000022fb4ae97f0_0;  alias, 1 drivers
v0000022fb4af17c0_0 .net "PCSrc", 0 0, L_0000022fb4a54880;  1 drivers
v0000022fb4af1860_0 .net "ReadData", 31 0, L_0000022fb4b51d30;  alias, 1 drivers
v0000022fb4af0f00_0 .net "RegSrc", 1 0, L_0000022fb4aef2e0;  1 drivers
v0000022fb4af19a0_0 .net "RegWrite", 0 0, L_0000022fb4a547a0;  1 drivers
v0000022fb4af1a40_0 .net "WriteData", 31 0, L_0000022fb4b4ec90;  alias, 1 drivers
v0000022fb4af0820_0 .net "clk", 0 0, v0000022fb4aef9c0_0;  alias, 1 drivers
v0000022fb4aee480_0 .net "reset", 0 0, v0000022fb4aee840_0;  alias, 1 drivers
S_0000022fb49d2f80 .scope module, "c" "controller" 4 31, 5 1 0, S_0000022fb49d37f0;
 .timescale 0 0;
    .port_info 0 /INPUT 1 "clk";
    .port_info 1 /INPUT 1 "reset";
    .port_info 2 /INPUT 32 "Instr";
    .port_info 3 /INPUT 4 "ALUFlags";
    .port_info 4 /OUTPUT 2 "RegSrc";
    .port_info 5 /OUTPUT 1 "RegWrite";
    .port_info 6 /OUTPUT 2 "ImmSrc";
    .port_info 7 /OUTPUT 1 "ALUSrc";
    .port_info 8 /OUTPUT 4 "ALUControl";
    .port_info 9 /OUTPUT 1 "MemWrite";
    .port_info 10 /OUTPUT 1 "MemtoReg";
    .port_info 11 /OUTPUT 1 "AuxW";
    .port_info 12 /OUTPUT 1 "Mul";
    .port_info 13 /OUTPUT 1 "PCSrc";
v0000022fb4ad7480_0 .net "ALUControl", 3 0, v0000022fb4ad8ce0_0;  alias, 1 drivers
v0000022fb4ad84c0_0 .net "ALUFlags", 3 0, v0000022fb4ae9e30_0;  alias, 1 drivers
v0000022fb4ad8ba0_0 .net "ALUSrc", 0 0, L_0000022fb4aee340;  alias, 1 drivers
v0000022fb4ad8560_0 .net "AuxW", 0 0, v0000022fb4ad7660_0;  alias, 1 drivers
v0000022fb4ad7980_0 .net "FlagW", 1 0, v0000022fb4ad9140_0;  1 drivers
v0000022fb4ad8d80_0 .net "ImmSrc", 1 0, L_0000022fb4af0aa0;  alias, 1 drivers
v0000022fb4ad7a20_0 .net "Instr", 31 0, L_0000022fb4b52890;  alias, 1 drivers
v0000022fb4ad7f20_0 .net "MemW", 0 0, L_0000022fb4aefba0;  1 drivers
v0000022fb4ad7840_0 .net "MemWrite", 0 0, L_0000022fb4a54650;  alias, 1 drivers
v0000022fb4ad7fc0_0 .net "MemtoReg", 0 0, L_0000022fb4aee660;  alias, 1 drivers
v0000022fb4ad81a0_0 .net "Mul", 0 0, v0000022fb4ad73e0_0;  alias, 1 drivers
v0000022fb4ad9000_0 .net "PCS", 0 0, L_0000022fb4a53460;  1 drivers
v0000022fb4ad8100_0 .net "PCSrc", 0 0, L_0000022fb4a54880;  alias, 1 drivers
v0000022fb4ad8240_0 .net "RegSrc", 1 0, L_0000022fb4aef2e0;  alias, 1 drivers
v0000022fb4ad82e0_0 .net "RegW", 0 0, L_0000022fb4af0960;  1 drivers
v0000022fb4ad90a0_0 .net "RegWrite", 0 0, L_0000022fb4a547a0;  alias, 1 drivers
v0000022fb4ad8380_0 .net "clk", 0 0, v0000022fb4aef9c0_0;  alias, 1 drivers
v0000022fb4ad8600_0 .net "reset", 0 0, v0000022fb4aee840_0;  alias, 1 drivers
L_0000022fb4aefc40 .part L_0000022fb4b52890, 26, 2;
L_0000022fb4af03c0 .part L_0000022fb4b52890, 20, 6;
L_0000022fb4aef380 .part L_0000022fb4b52890, 12, 4;
L_0000022fb4aef060 .part L_0000022fb4b52890, 0, 12;
L_0000022fb4af0460 .part L_0000022fb4b52890, 28, 4;
S_0000022fb49d3110 .scope module, "cl" "condlogic" 5 60, 6 1 0, S_0000022fb49d2f80;
 .timescale 0 0;
    .port_info 0 /INPUT 1 "clk";
    .port_info 1 /INPUT 1 "reset";
    .port_info 2 /INPUT 4 "Cond";
    .port_info 3 /INPUT 4 "ALUFlags";
    .port_info 4 /INPUT 2 "FlagW";
    .port_info 5 /INPUT 1 "PCS";
    .port_info 6 /INPUT 1 "RegW";
    .port_info 7 /INPUT 1 "MemW";
    .port_info 8 /OUTPUT 1 "PCSrc";
    .port_info 9 /OUTPUT 1 "RegWrite";
    .port_info 10 /OUTPUT 1 "MemWrite";
L_0000022fb4a546c0 .functor AND 2, v0000022fb4ad9140_0, L_0000022fb4aeef20, C4<11>, C4<11>;
L_0000022fb4a547a0 .functor AND 1, L_0000022fb4af0960, v0000022fb4a7c9b0_0, C4<1>, C4<1>;
L_0000022fb4a54650 .functor AND 1, L_0000022fb4aefba0, v0000022fb4a7c9b0_0, C4<1>, C4<1>;
L_0000022fb4a54880 .functor AND 1, L_0000022fb4a53460, v0000022fb4a7c9b0_0, C4<1>, C4<1>;
v0000022fb4a7d770_0 .net "ALUFlags", 3 0, v0000022fb4ae9e30_0;  alias, 1 drivers
v0000022fb4a7cf50_0 .net "Cond", 3 0, L_0000022fb4af0460;  1 drivers
v0000022fb4a7d090_0 .net "CondEx", 0 0, v0000022fb4a7c9b0_0;  1 drivers
v0000022fb4a7d1d0_0 .net "FlagW", 1 0, v0000022fb4ad9140_0;  alias, 1 drivers
v0000022fb4a7d3b0_0 .net "FlagWrite", 1 0, L_0000022fb4a546c0;  1 drivers
v0000022fb4a7d450_0 .net "Flags", 3 0, L_0000022fb4aefd80;  1 drivers
v0000022fb4a7d810_0 .net "MemW", 0 0, L_0000022fb4aefba0;  alias, 1 drivers
v0000022fb49edd50_0 .net "MemWrite", 0 0, L_0000022fb4a54650;  alias, 1 drivers
v0000022fb49ee9d0_0 .net "PCS", 0 0, L_0000022fb4a53460;  alias, 1 drivers
v0000022fb49ef3d0_0 .net "PCSrc", 0 0, L_0000022fb4a54880;  alias, 1 drivers
v0000022fb49ed5d0_0 .net "RegW", 0 0, L_0000022fb4af0960;  alias, 1 drivers
v0000022fb4ad78e0_0 .net "RegWrite", 0 0, L_0000022fb4a547a0;  alias, 1 drivers
v0000022fb4ad8a60_0 .net *"_ivl_13", 1 0, L_0000022fb4aeef20;  1 drivers
v0000022fb4ad7e80_0 .net "clk", 0 0, v0000022fb4aef9c0_0;  alias, 1 drivers
v0000022fb4ad7520_0 .net "reset", 0 0, v0000022fb4aee840_0;  alias, 1 drivers
L_0000022fb4aee8e0 .part L_0000022fb4a546c0, 1, 1;
L_0000022fb4aef4c0 .part v0000022fb4ae9e30_0, 2, 2;
L_0000022fb4aefce0 .part L_0000022fb4a546c0, 0, 1;
L_0000022fb4aeee80 .part v0000022fb4ae9e30_0, 0, 2;
L_0000022fb4aefd80 .concat8 [ 2 2 0 0], v0000022fb4a7ccd0_0, v0000022fb4a7c550_0;
L_0000022fb4aeef20 .concat [ 1 1 0 0], v0000022fb4a7c9b0_0, v0000022fb4a7c9b0_0;
S_0000022fb49d32a0 .scope module, "cc" "condcheck" 6 45, 7 1 0, S_0000022fb49d3110;
 .timescale 0 0;
    .port_info 0 /INPUT 4 "Cond";
    .port_info 1 /INPUT 4 "Flags";
    .port_info 2 /OUTPUT 1 "CondEx";
L_0000022fb4a545e0 .functor BUFZ 4, L_0000022fb4aefd80, C4<0000>, C4<0000>, C4<0000>;
L_0000022fb4a54730 .functor XNOR 1, L_0000022fb4aef1a0, L_0000022fb4aee7a0, C4<0>, C4<0>;
v0000022fb4a7cd70_0 .net "Cond", 3 0, L_0000022fb4af0460;  alias, 1 drivers
v0000022fb4a7c9b0_0 .var "CondEx", 0 0;
v0000022fb4a7caf0_0 .net "Flags", 3 0, L_0000022fb4aefd80;  alias, 1 drivers
v0000022fb4a7d950_0 .net *"_ivl_6", 3 0, L_0000022fb4a545e0;  1 drivers
v0000022fb4a7c4b0_0 .net "carry", 0 0, L_0000022fb4af0640;  1 drivers
v0000022fb4a7c690_0 .net "ge", 0 0, L_0000022fb4a54730;  1 drivers
v0000022fb4a7c0f0_0 .net "neg", 0 0, L_0000022fb4aef1a0;  1 drivers
v0000022fb4a7c190_0 .net "overflow", 0 0, L_0000022fb4aee7a0;  1 drivers
v0000022fb4a7d130_0 .net "zero", 0 0, L_0000022fb4af0320;  1 drivers
E_0000022fb4a6d480/0 .event anyedge, v0000022fb4a7cd70_0, v0000022fb4a7d130_0, v0000022fb4a7c4b0_0, v0000022fb4a7c0f0_0;
E_0000022fb4a6d480/1 .event anyedge, v0000022fb4a7c190_0, v0000022fb4a7c690_0;
E_0000022fb4a6d480 .event/or E_0000022fb4a6d480/0, E_0000022fb4a6d480/1;
L_0000022fb4aef1a0 .part L_0000022fb4a545e0, 3, 1;
L_0000022fb4af0320 .part L_0000022fb4a545e0, 2, 1;
L_0000022fb4af0640 .part L_0000022fb4a545e0, 1, 1;
L_0000022fb4aee7a0 .part L_0000022fb4a545e0, 0, 1;
S_0000022fb49ccb50 .scope module, "flagreg0" "flopenr" 6 37, 8 1 0, S_0000022fb49d3110;
 .timescale 0 0;
    .port_info 0 /INPUT 1 "clk";
    .port_info 1 /INPUT 1 "reset";
    .port_info 2 /INPUT 1 "en";
    .port_info 3 /INPUT 2 "d";
    .port_info 4 /OUTPUT 2 "q";
P_0000022fb4a6d780 .param/l "WIDTH" 0 8 8, +C4<00000000000000000000000000000010>;
v0000022fb4a7c2d0_0 .net "clk", 0 0, v0000022fb4aef9c0_0;  alias, 1 drivers
v0000022fb4a7ca50_0 .net "d", 1 0, L_0000022fb4aeee80;  1 drivers
v0000022fb4a7c7d0_0 .net "en", 0 0, L_0000022fb4aefce0;  1 drivers
v0000022fb4a7ccd0_0 .var "q", 1 0;
v0000022fb4a7ceb0_0 .net "reset", 0 0, v0000022fb4aee840_0;  alias, 1 drivers
E_0000022fb4a6d740 .event posedge, v0000022fb4a7ceb0_0, v0000022fb4a7c2d0_0;
S_0000022fb49ccce0 .scope module, "flagreg1" "flopenr" 6 29, 8 1 0, S_0000022fb49d3110;
 .timescale 0 0;
    .port_info 0 /INPUT 1 "clk";
    .port_info 1 /INPUT 1 "reset";
    .port_info 2 /INPUT 1 "en";
    .port_info 3 /INPUT 2 "d";
    .port_info 4 /OUTPUT 2 "q";
P_0000022fb4a6cd40 .param/l "WIDTH" 0 8 8, +C4<00000000000000000000000000000010>;
v0000022fb4a7d9f0_0 .net "clk", 0 0, v0000022fb4aef9c0_0;  alias, 1 drivers
v0000022fb4a7c730_0 .net "d", 1 0, L_0000022fb4aef4c0;  1 drivers
v0000022fb4a7cff0_0 .net "en", 0 0, L_0000022fb4aee8e0;  1 drivers
v0000022fb4a7c550_0 .var "q", 1 0;
v0000022fb4a7d590_0 .net "reset", 0 0, v0000022fb4aee840_0;  alias, 1 drivers
S_0000022fb49cce70 .scope module, "dec" "decode" 5 38, 9 1 0, S_0000022fb49d2f80;
 .timescale 0 0;
    .port_info 0 /INPUT 2 "Op";
    .port_info 1 /INPUT 6 "Funct";
    .port_info 2 /INPUT 4 "Rd";
    .port_info 3 /INPUT 12 "Src2";
    .port_info 4 /OUTPUT 2 "FlagW";
    .port_info 5 /OUTPUT 1 "PCS";
    .port_info 6 /OUTPUT 1 "RegW";
    .port_info 7 /OUTPUT 1 "MemW";
    .port_info 8 /OUTPUT 1 "AuxW";
    .port_info 9 /OUTPUT 1 "Mul";
    .port_info 10 /OUTPUT 1 "MemtoReg";
    .port_info 11 /OUTPUT 1 "DPUSSrc";
    .port_info 12 /OUTPUT 2 "ImmSrc";
    .port_info 13 /OUTPUT 2 "RegSrc";
    .port_info 14 /OUTPUT 4 "DPUSControl";
L_0000022fb4a533f0 .functor AND 1, L_0000022fb4af0a00, L_0000022fb4af0960, C4<1>, C4<1>;
L_0000022fb4a53460 .functor OR 1, L_0000022fb4a533f0, L_0000022fb4aee700, C4<0>, C4<0>;
v0000022fb4ad7660_0 .var "AuxW", 0 0;
v0000022fb4ad7b60_0 .net "Branch", 0 0, L_0000022fb4aee700;  1 drivers
v0000022fb4ad8ce0_0 .var "DPUSControl", 3 0;
v0000022fb4ad75c0_0 .net "DPUSOp", 0 0, L_0000022fb4aef920;  1 drivers
v0000022fb4ad8f60_0 .net "DPUSSrc", 0 0, L_0000022fb4aee340;  alias, 1 drivers
v0000022fb4ad9140_0 .var "FlagW", 1 0;
v0000022fb4ad8920_0 .net "Funct", 5 0, L_0000022fb4af03c0;  1 drivers
v0000022fb4ad7700_0 .net "ImmSrc", 1 0, L_0000022fb4af0aa0;  alias, 1 drivers
v0000022fb4ad7c00_0 .net "MemW", 0 0, L_0000022fb4aefba0;  alias, 1 drivers
v0000022fb4ad8420_0 .net "MemtoReg", 0 0, L_0000022fb4aee660;  alias, 1 drivers
v0000022fb4ad73e0_0 .var "Mul", 0 0;
v0000022fb4ad7340_0 .net "Op", 1 0, L_0000022fb4aefc40;  1 drivers
v0000022fb4ad87e0_0 .net "PCS", 0 0, L_0000022fb4a53460;  alias, 1 drivers
v0000022fb4ad7ca0_0 .net "Rd", 3 0, L_0000022fb4aef380;  1 drivers
v0000022fb4ad8b00_0 .net "RegSrc", 1 0, L_0000022fb4aef2e0;  alias, 1 drivers
v0000022fb4ad77a0_0 .net "RegW", 0 0, L_0000022fb4af0960;  alias, 1 drivers
v0000022fb4ad7ac0_0 .net "Src2", 11 0, L_0000022fb4aef060;  1 drivers
v0000022fb4ad8c40_0 .net *"_ivl_10", 9 0, v0000022fb4ad7de0_0;  1 drivers
L_0000022fb4af3308 .functor BUFT 1, C4<1111>, C4<0>, C4<0>, C4<0>;
v0000022fb4ad8060_0 .net/2u *"_ivl_11", 3 0, L_0000022fb4af3308;  1 drivers
v0000022fb4ad72a0_0 .net *"_ivl_13", 0 0, L_0000022fb4af0a00;  1 drivers
v0000022fb4ad7d40_0 .net *"_ivl_15", 0 0, L_0000022fb4a533f0;  1 drivers
v0000022fb4ad7de0_0 .var "controls", 9 0;
E_0000022fb4a6cd80 .event anyedge, v0000022fb4ad75c0_0, v0000022fb4ad7ac0_0, v0000022fb4ad8920_0, v0000022fb4ad8ce0_0;
E_0000022fb4a6cf00 .event anyedge, v0000022fb4ad7340_0, v0000022fb4ad8920_0;
L_0000022fb4aef2e0 .part v0000022fb4ad7de0_0, 8, 2;
L_0000022fb4af0aa0 .part v0000022fb4ad7de0_0, 6, 2;
L_0000022fb4aee340 .part v0000022fb4ad7de0_0, 5, 1;
L_0000022fb4aee660 .part v0000022fb4ad7de0_0, 4, 1;
L_0000022fb4af0960 .part v0000022fb4ad7de0_0, 3, 1;
L_0000022fb4aefba0 .part v0000022fb4ad7de0_0, 2, 1;
L_0000022fb4aee700 .part v0000022fb4ad7de0_0, 1, 1;
L_0000022fb4aef920 .part v0000022fb4ad7de0_0, 0, 1;
L_0000022fb4af0a00 .cmp/eq 4, L_0000022fb4aef380, L_0000022fb4af3308;
S_0000022fb49ab730 .scope module, "dp" "datapath" 4 51, 10 1 0, S_0000022fb49d37f0;
 .timescale 0 0;
    .port_info 0 /INPUT 1 "clk";
    .port_info 1 /INPUT 1 "reset";
    .port_info 2 /INPUT 2 "RegSrc";
    .port_info 3 /INPUT 1 "RegWrite";
    .port_info 4 /INPUT 2 "ImmSrc";
    .port_info 5 /INPUT 1 "ALUSrc";
    .port_info 6 /INPUT 4 "ALUControl";
    .port_info 7 /INPUT 1 "MemtoReg";
    .port_info 8 /INPUT 1 "PCSrc";
    .port_info 9 /OUTPUT 4 "ALUFlags";
    .port_info 10 /OUTPUT 32 "PC";
    .port_info 11 /INPUT 32 "Instr";
    .port_info 12 /OUTPUT 32 "ALUResult";
    .port_info 13 /OUTPUT 32 "WriteData";
    .port_info 14 /INPUT 32 "ReadData";
    .port_info 15 /INPUT 1 "AuxW";
    .port_info 16 /INPUT 1 "Mul";
L_0000022fb4a54810 .functor AND 1, L_0000022fb4a547a0, v0000022fb4ad7660_0, C4<1>, C4<1>;
v0000022fb4ae7ef0_0 .net "ALUControl", 3 0, v0000022fb4ad8ce0_0;  alias, 1 drivers
v0000022fb4ae8210_0 .net "ALUFlags", 3 0, v0000022fb4ae9e30_0;  alias, 1 drivers
v0000022fb4ae9610_0 .net "ALUResult", 31 0, v0000022fb4aea330_0;  alias, 1 drivers
v0000022fb4ae85d0_0 .net "ALUSrc", 0 0, L_0000022fb4aee340;  alias, 1 drivers
v0000022fb4ae7c70_0 .net "AuxW", 0 0, v0000022fb4ad7660_0;  alias, 1 drivers
v0000022fb4ae7d10_0 .net "AuxiliarOut", 31 0, v0000022fb4aeae70_0;  1 drivers
v0000022fb4ae7db0_0 .net "ExtImm", 31 0, v0000022fb4ae9f70_0;  1 drivers
v0000022fb4ae8710_0 .net "ImmSrc", 1 0, L_0000022fb4af0aa0;  alias, 1 drivers
v0000022fb4ae7e50_0 .net "Instr", 31 0, L_0000022fb4b52890;  alias, 1 drivers
v0000022fb4af1b80_0 .net "MemtoReg", 0 0, L_0000022fb4aee660;  alias, 1 drivers
v0000022fb4af1220_0 .net "Mul", 0 0, v0000022fb4ad73e0_0;  alias, 1 drivers
v0000022fb4af15e0_0 .net "PC", 31 0, v0000022fb4ae97f0_0;  alias, 1 drivers
v0000022fb4af1cc0_0 .net "PCNext", 31 0, L_0000022fb4aee980;  1 drivers
v0000022fb4af1720_0 .net "PCPlus4", 31 0, L_0000022fb4af0500;  1 drivers
v0000022fb4af14a0_0 .net "PCPlus8", 31 0, L_0000022fb4af06e0;  1 drivers
v0000022fb4af1c20_0 .net "PCSrc", 0 0, L_0000022fb4a54880;  alias, 1 drivers
v0000022fb4af1fe0_0 .net "RA1", 3 0, L_0000022fb4aeff60;  1 drivers
v0000022fb4af1d60_0 .net "RA2", 3 0, L_0000022fb4b4e8d0;  1 drivers
v0000022fb4af1900_0 .net "ReadData", 31 0, L_0000022fb4b51d30;  alias, 1 drivers
v0000022fb4af1e00_0 .net "RegSrc", 1 0, L_0000022fb4aef2e0;  alias, 1 drivers
v0000022fb4af1ea0_0 .net "RegWrite", 0 0, L_0000022fb4a547a0;  alias, 1 drivers
v0000022fb4af0fa0_0 .net "Result", 31 0, L_0000022fb4b4dcf0;  1 drivers
v0000022fb4af1180_0 .net "SrcA", 31 0, L_0000022fb4b4f410;  1 drivers
v0000022fb4af1f40_0 .net "SrcB", 31 0, L_0000022fb4b4dd90;  1 drivers
v0000022fb4af2120_0 .net "WA3", 3 0, L_0000022fb4b4d4d0;  1 drivers
v0000022fb4af1040_0 .net "WriteData", 31 0, L_0000022fb4b4ec90;  alias, 1 drivers
v0000022fb4af2080_0 .net *"_ivl_11", 0 0, L_0000022fb4aeec00;  1 drivers
v0000022fb4af1400_0 .net *"_ivl_21", 0 0, L_0000022fb4b4fa50;  1 drivers
v0000022fb4af1540_0 .net "clk", 0 0, v0000022fb4aef9c0_0;  alias, 1 drivers
v0000022fb4af21c0_0 .net "reset", 0 0, v0000022fb4aee840_0;  alias, 1 drivers
L_0000022fb4aeeb60 .part L_0000022fb4b52890, 16, 4;
L_0000022fb4aef240 .part L_0000022fb4b52890, 0, 4;
L_0000022fb4aeec00 .part L_0000022fb4aef2e0, 0, 1;
L_0000022fb4af0000 .concat [ 1 1 0 0], L_0000022fb4aeec00, v0000022fb4ad73e0_0;
L_0000022fb4b4ef10 .part L_0000022fb4b52890, 0, 4;
L_0000022fb4b4efb0 .part L_0000022fb4b52890, 12, 4;
L_0000022fb4b4e470 .part L_0000022fb4b52890, 8, 4;
L_0000022fb4b4fa50 .part L_0000022fb4aef2e0, 1, 1;
L_0000022fb4b4f730 .concat [ 1 1 0 0], L_0000022fb4b4fa50, v0000022fb4ad73e0_0;
L_0000022fb4b4e330 .part L_0000022fb4b52890, 12, 4;
L_0000022fb4b4d570 .part L_0000022fb4b52890, 16, 4;
L_0000022fb4b4ea10 .part L_0000022fb4b52890, 12, 4;
L_0000022fb4b4d390 .part L_0000022fb4b52890, 0, 24;
S_0000022fb49a7290 .scope module, "dpus" "DPUS" 10 144, 11 3 0, S_0000022fb49ab730;
 .timescale 0 0;
    .port_info 0 /INPUT 32 "a";
    .port_info 1 /INPUT 32 "b";
    .port_info 2 /INPUT 4 "DPUSControl";
    .port_info 3 /OUTPUT 32 "Result";
    .port_info 4 /OUTPUT 32 "Auxiliar";
    .port_info 5 /OUTPUT 4 "DPUSFlags";
v0000022fb4aeae70_0 .var "Auxiliar", 31 0;
v0000022fb4ae9bb0_0 .net "AuxiliarALU", 31 0, L_0000022fb4b4df70;  1 drivers
v0000022fb4ae9cf0_0 .net "DPUSControl", 3 0, v0000022fb4ad8ce0_0;  alias, 1 drivers
v0000022fb4ae9e30_0 .var "DPUSFlags", 3 0;
v0000022fb4ae9ed0_0 .net "FlagsALU", 3 0, L_0000022fb4b4f4b0;  1 drivers
v0000022fb4aeaf10_0 .net "FlagsFPU", 3 0, v0000022fb4aeafb0_0;  1 drivers
v0000022fb4aea330_0 .var "Result", 31 0;
v0000022fb4aeadd0_0 .net "ResultALU", 31 0, v0000022fb4ad89c0_0;  1 drivers
v0000022fb4ae9d90_0 .net "ResultFPU", 31 0, v0000022fb4aeaab0_0;  1 drivers
v0000022fb4aea8d0_0 .net "a", 31 0, L_0000022fb4b4f410;  alias, 1 drivers
v0000022fb4aea970_0 .net "b", 31 0, L_0000022fb4b4dd90;  alias, 1 drivers
E_0000022fb4a6d880/0 .event anyedge, v0000022fb4ad8ce0_0, v0000022fb4aeaab0_0, v0000022fb4aeafb0_0, v0000022fb4ad89c0_0;
E_0000022fb4a6d880/1 .event anyedge, v0000022fb4ad8740_0, v0000022fb4ad8880_0;
E_0000022fb4a6d880 .event/or E_0000022fb4a6d880/0, E_0000022fb4a6d880/1;
L_0000022fb4b4d890 .part v0000022fb4ad8ce0_0, 0, 3;
L_0000022fb4b57640 .part v0000022fb4ad8ce0_0, 0, 2;
S_0000022fb49a7420 .scope module, "alu" "ALU" 11 17, 12 12 0, S_0000022fb49a7290;
 .timescale 0 0;
    .port_info 0 /INPUT 32 "a";
    .port_info 1 /INPUT 32 "b";
    .port_info 2 /OUTPUT 32 "Result";
    .port_info 3 /OUTPUT 4 "ALUFlags";
    .port_info 4 /INPUT 3 "ALUControl";
    .port_info 5 /OUTPUT 32 "Auxiliar";
L_0000022fb4a54570 .functor BUFZ 32, L_0000022fb4b4f410, C4<00000000000000000000000000000000>, C4<00000000000000000000000000000000>, C4<00000000000000000000000000000000>;
L_0000022fb4a00260 .functor BUFZ 32, L_0000022fb4b4dd90, C4<00000000000000000000000000000000>, C4<00000000000000000000000000000000>, C4<00000000000000000000000000000000>;
L_0000022fb4a394f0 .functor NOT 33, L_0000022fb4b4f870, C4<000000000000000000000000000000000>, C4<000000000000000000000000000000000>, C4<000000000000000000000000000000000>;
L_0000022fb4b526d0 .functor AND 1, L_0000022fb4b4f230, L_0000022fb4b4ebf0, C4<1>, C4<1>;
L_0000022fb4b52040 .functor XOR 1, L_0000022fb4b4ed30, L_0000022fb4b4edd0, C4<0>, C4<0>;
L_0000022fb4b524a0 .functor AND 1, L_0000022fb4b4d9d0, L_0000022fb4b52040, C4<1>, C4<1>;
L_0000022fb4b51940 .functor XOR 1, L_0000022fb4b4f0f0, L_0000022fb4b4d7f0, C4<0>, C4<0>;
L_0000022fb4b52740 .functor XOR 1, L_0000022fb4b51940, L_0000022fb4b4f5f0, C4<0>, C4<0>;
L_0000022fb4b52dd0 .functor NOT 1, L_0000022fb4b52740, C4<0>, C4<0>, C4<0>;
L_0000022fb4b52510 .functor AND 1, L_0000022fb4b524a0, L_0000022fb4b52dd0, C4<1>, C4<1>;
v0000022fb4ad86a0_0 .net "ALUControl", 2 0, L_0000022fb4b4d890;  1 drivers
v0000022fb4ad8740_0 .net "ALUFlags", 3 0, L_0000022fb4b4f4b0;  alias, 1 drivers
v0000022fb4ad8880_0 .net "Auxiliar", 31 0, L_0000022fb4b4df70;  alias, 1 drivers
v0000022fb4ad89c0_0 .var "Result", 31 0;
v0000022fb4ad8e20_0 .net *"_ivl_10", 63 0, L_0000022fb4b4e510;  1 drivers
L_0000022fb4af3548 .functor BUFT 1, C4<00000000000000000000000000000000>, C4<0>, C4<0>, C4<0>;
v0000022fb4ad8ec0_0 .net *"_ivl_13", 31 0, L_0000022fb4af3548;  1 drivers
v0000022fb4ade800_0 .net *"_ivl_14", 63 0, L_0000022fb4b4eb50;  1 drivers
L_0000022fb4af3590 .functor BUFT 1, C4<00000000000000000000000000000000>, C4<0>, C4<0>, C4<0>;
v0000022fb4add360_0 .net *"_ivl_17", 31 0, L_0000022fb4af3590;  1 drivers
v0000022fb4ade760_0 .net *"_ivl_21", 0 0, L_0000022fb4b4d430;  1 drivers
v0000022fb4add7c0_0 .net *"_ivl_24", 32 0, L_0000022fb4b4e1f0;  1 drivers
L_0000022fb4af35d8 .functor BUFT 1, C4<0>, C4<0>, C4<0>, C4<0>;
v0000022fb4addc20_0 .net *"_ivl_27", 0 0, L_0000022fb4af35d8;  1 drivers
v0000022fb4ade6c0_0 .net *"_ivl_29", 0 0, L_0000022fb4b4e290;  1 drivers
v0000022fb4adec60_0 .net *"_ivl_30", 32 0, L_0000022fb4b4f870;  1 drivers
L_0000022fb4af3620 .functor BUFT 1, C4<0>, C4<0>, C4<0>, C4<0>;
v0000022fb4add4a0_0 .net *"_ivl_33", 0 0, L_0000022fb4af3620;  1 drivers
v0000022fb4adef80_0 .net *"_ivl_34", 32 0, L_0000022fb4a394f0;  1 drivers
v0000022fb4ade080_0 .net *"_ivl_36", 32 0, L_0000022fb4b4f050;  1 drivers
L_0000022fb4af3668 .functor BUFT 1, C4<0>, C4<0>, C4<0>, C4<0>;
v0000022fb4addea0_0 .net *"_ivl_39", 0 0, L_0000022fb4af3668;  1 drivers
v0000022fb4add900_0 .net/s *"_ivl_4", 63 0, L_0000022fb4b4f910;  1 drivers
v0000022fb4adeb20_0 .net *"_ivl_40", 32 0, L_0000022fb4b4d6b0;  1 drivers
v0000022fb4adeda0_0 .net *"_ivl_42", 32 0, L_0000022fb4b4f2d0;  1 drivers
v0000022fb4adea80_0 .net *"_ivl_45", 0 0, L_0000022fb4b4e830;  1 drivers
v0000022fb4ade3a0_0 .net *"_ivl_46", 32 0, L_0000022fb4b4ded0;  1 drivers
L_0000022fb4af36b0 .functor BUFT 1, C4<00000000000000000000000000000000>, C4<0>, C4<0>, C4<0>;
v0000022fb4addf40_0 .net *"_ivl_49", 31 0, L_0000022fb4af36b0;  1 drivers
v0000022fb4ade120_0 .net *"_ivl_55", 1 0, L_0000022fb4b4e5b0;  1 drivers
L_0000022fb4af36f8 .functor BUFT 1, C4<00>, C4<0>, C4<0>, C4<0>;
v0000022fb4add540_0 .net/2u *"_ivl_56", 1 0, L_0000022fb4af36f8;  1 drivers
v0000022fb4adee40_0 .net *"_ivl_58", 0 0, L_0000022fb4b4f230;  1 drivers
v0000022fb4adeee0_0 .net/s *"_ivl_6", 63 0, L_0000022fb4b4e650;  1 drivers
v0000022fb4ade4e0_0 .net *"_ivl_61", 0 0, L_0000022fb4b4ebf0;  1 drivers
v0000022fb4add400_0 .net *"_ivl_65", 1 0, L_0000022fb4b4f370;  1 drivers
L_0000022fb4af3740 .functor BUFT 1, C4<00>, C4<0>, C4<0>, C4<0>;
v0000022fb4add860_0 .net/2u *"_ivl_66", 1 0, L_0000022fb4af3740;  1 drivers
v0000022fb4ade580_0 .net *"_ivl_68", 0 0, L_0000022fb4b4d9d0;  1 drivers
v0000022fb4adf020_0 .net *"_ivl_71", 0 0, L_0000022fb4b4ed30;  1 drivers
v0000022fb4addcc0_0 .net *"_ivl_73", 0 0, L_0000022fb4b4edd0;  1 drivers
v0000022fb4ade440_0 .net *"_ivl_74", 0 0, L_0000022fb4b52040;  1 drivers
v0000022fb4add9a0_0 .net *"_ivl_76", 0 0, L_0000022fb4b524a0;  1 drivers
v0000022fb4adf0c0_0 .net *"_ivl_79", 0 0, L_0000022fb4b4f0f0;  1 drivers
v0000022fb4ade620_0 .net *"_ivl_81", 0 0, L_0000022fb4b4d7f0;  1 drivers
v0000022fb4ade8a0_0 .net *"_ivl_82", 0 0, L_0000022fb4b51940;  1 drivers
v0000022fb4add680_0 .net *"_ivl_85", 0 0, L_0000022fb4b4f5f0;  1 drivers
v0000022fb4addfe0_0 .net *"_ivl_86", 0 0, L_0000022fb4b52740;  1 drivers
v0000022fb4ade1c0_0 .net *"_ivl_88", 0 0, L_0000022fb4b52dd0;  1 drivers
v0000022fb4ade300_0 .net "a", 31 0, L_0000022fb4b4f410;  alias, 1 drivers
v0000022fb4add5e0_0 .net "b", 31 0, L_0000022fb4b4dd90;  alias, 1 drivers
v0000022fb4adf160_0 .net "carry", 0 0, L_0000022fb4b526d0;  1 drivers
v0000022fb4ade940_0 .net "mull", 63 0, L_0000022fb4b4e790;  1 drivers
v0000022fb4adda40_0 .var "neg", 0 0;
v0000022fb4add720_0 .net "overflow", 0 0, L_0000022fb4b52510;  1 drivers
v0000022fb4addb80_0 .net/s "sa", 31 0, L_0000022fb4a54570;  1 drivers
v0000022fb4ade260_0 .net/s "sb", 31 0, L_0000022fb4a00260;  1 drivers
v0000022fb4ade9e0_0 .net/s "smull", 63 0, L_0000022fb4b4eab0;  1 drivers
v0000022fb4adebc0_0 .net "sum", 32 0, L_0000022fb4b4d750;  1 drivers
v0000022fb4addae0_0 .net "umull", 63 0, L_0000022fb4b4d610;  1 drivers
v0000022fb4aded00_0 .var "zero", 0 0;
E_0000022fb4a6cdc0 .event anyedge, v0000022fb4ad86a0_0, v0000022fb4ad8880_0, v0000022fb4ad89c0_0;
E_0000022fb4a6cfc0 .event anyedge, v0000022fb4ad86a0_0, v0000022fb4ad89c0_0, v0000022fb4ad8880_0;
E_0000022fb4a6d040/0 .event anyedge, v0000022fb4ad86a0_0, v0000022fb4adebc0_0, v0000022fb4ade300_0, v0000022fb4add5e0_0;
E_0000022fb4a6d040/1 .event anyedge, v0000022fb4ade940_0;
E_0000022fb4a6d040 .event/or E_0000022fb4a6d040/0, E_0000022fb4a6d040/1;
L_0000022fb4b4f910 .extend/s 64, L_0000022fb4a54570;
L_0000022fb4b4e650 .extend/s 64, L_0000022fb4a00260;
L_0000022fb4b4eab0 .arith/mult 64, L_0000022fb4b4f910, L_0000022fb4b4e650;
L_0000022fb4b4e510 .concat [ 32 32 0 0], L_0000022fb4b4f410, L_0000022fb4af3548;
L_0000022fb4b4eb50 .concat [ 32 32 0 0], L_0000022fb4b4dd90, L_0000022fb4af3590;
L_0000022fb4b4d610 .arith/mult 64, L_0000022fb4b4e510, L_0000022fb4b4eb50;
L_0000022fb4b4d430 .part L_0000022fb4b4d890, 1, 1;
L_0000022fb4b4e790 .functor MUXZ 64, L_0000022fb4b4d610, L_0000022fb4b4eab0, L_0000022fb4b4d430, C4<>;
L_0000022fb4b4e1f0 .concat [ 32 1 0 0], L_0000022fb4b4f410, L_0000022fb4af35d8;
L_0000022fb4b4e290 .part L_0000022fb4b4d890, 0, 1;
L_0000022fb4b4f870 .concat [ 32 1 0 0], L_0000022fb4b4dd90, L_0000022fb4af3620;
L_0000022fb4b4f050 .concat [ 32 1 0 0], L_0000022fb4b4dd90, L_0000022fb4af3668;
L_0000022fb4b4d6b0 .functor MUXZ 33, L_0000022fb4b4f050, L_0000022fb4a394f0, L_0000022fb4b4e290, C4<>;
L_0000022fb4b4f2d0 .arith/sum 33, L_0000022fb4b4e1f0, L_0000022fb4b4d6b0;
L_0000022fb4b4e830 .part L_0000022fb4b4d890, 0, 1;
L_0000022fb4b4ded0 .concat [ 1 32 0 0], L_0000022fb4b4e830, L_0000022fb4af36b0;
L_0000022fb4b4d750 .arith/sum 33, L_0000022fb4b4f2d0, L_0000022fb4b4ded0;
L_0000022fb4b4df70 .part L_0000022fb4b4e790, 32, 32;
L_0000022fb4b4e5b0 .part L_0000022fb4b4d890, 1, 2;
L_0000022fb4b4f230 .cmp/eq 2, L_0000022fb4b4e5b0, L_0000022fb4af36f8;
L_0000022fb4b4ebf0 .part L_0000022fb4b4d750, 32, 1;
L_0000022fb4b4f370 .part L_0000022fb4b4d890, 1, 2;
L_0000022fb4b4d9d0 .cmp/eq 2, L_0000022fb4b4f370, L_0000022fb4af3740;
L_0000022fb4b4ed30 .part L_0000022fb4b4d750, 31, 1;
L_0000022fb4b4edd0 .part L_0000022fb4b4f410, 31, 1;
L_0000022fb4b4f0f0 .part L_0000022fb4b4d890, 0, 1;
L_0000022fb4b4d7f0 .part L_0000022fb4b4f410, 31, 1;
L_0000022fb4b4f5f0 .part L_0000022fb4b4dd90, 31, 1;
L_0000022fb4b4f4b0 .concat [ 1 1 1 1], L_0000022fb4b52510, L_0000022fb4b526d0, v0000022fb4aded00_0, v0000022fb4adda40_0;
S_0000022fb49a75b0 .scope module, "fpu" "FPU" 11 18, 13 9 0, S_0000022fb49a7290;
 .timescale 0 0;
    .port_info 0 /INPUT 32 "a";
    .port_info 1 /INPUT 32 "b";
    .port_info 2 /OUTPUT 32 "Result";
    .port_info 3 /OUTPUT 4 "FPUFlags";
    .port_info 4 /INPUT 2 "FPUControl";
v0000022fb4aea6f0_0 .net "FPUControl", 1 0, L_0000022fb4b57640;  1 drivers
v0000022fb4aeafb0_0 .var "FPUFlags", 3 0;
v0000022fb4aeaab0_0 .var "Result", 31 0;
v0000022fb4aea290_0 .net "a", 31 0, L_0000022fb4b4f410;  alias, 1 drivers
v0000022fb4aea470_0 .net "b", 31 0, L_0000022fb4b4dd90;  alias, 1 drivers
v0000022fb4aeb0f0_0 .net "half_add", 15 0, L_0000022fb4b50950;  1 drivers
v0000022fb4ae9c50_0 .net "half_add_flags", 3 0, L_0000022fb4b50bd0;  1 drivers
v0000022fb4aea010_0 .net "half_mult", 15 0, L_0000022fb4b57e60;  1 drivers
v0000022fb4aea1f0_0 .net "half_mult_flags", 3 0, L_0000022fb4b59440;  1 drivers
v0000022fb4aea510_0 .net "single_add", 31 0, L_0000022fb4b4db10;  1 drivers
v0000022fb4aeab50_0 .net "single_add_flags", 3 0, L_0000022fb4b4faf0;  1 drivers
v0000022fb4ae9b10_0 .net "single_mult", 31 0, L_0000022fb4b4fd70;  1 drivers
v0000022fb4aeabf0_0 .net "single_mult_flags", 3 0, L_0000022fb4b50450;  1 drivers
E_0000022fb4a6d000/0 .event anyedge, v0000022fb4aea6f0_0, v0000022fb4ae2a10_0, v0000022fb4ae3550_0, v0000022fb4ae4630_0;
E_0000022fb4a6d000/1 .event anyedge, v0000022fb4ae3ff0_0, v0000022fb4ae0950_0, v0000022fb4adf7d0_0, v0000022fb4ae1430_0;
E_0000022fb4a6d000/2 .event anyedge, v0000022fb4ae2510_0;
E_0000022fb4a6d000 .event/or E_0000022fb4a6d000/0, E_0000022fb4a6d000/1, E_0000022fb4a6d000/2;
L_0000022fb4b57f00 .part L_0000022fb4b4f410, 0, 16;
L_0000022fb4b57c80 .part L_0000022fb4b4dd90, 0, 16;
L_0000022fb4b587c0 .part L_0000022fb4b4f410, 0, 16;
L_0000022fb4b59300 .part L_0000022fb4b4dd90, 0, 16;
S_0000022fb49a0c20 .scope module, "half_fp_adder" "add_fp" 13 28, 14 3 0, S_0000022fb49a75b0;
 .timescale 0 0;
    .port_info 0 /INPUT 16 "a";
    .port_info 1 /INPUT 16 "b";
    .port_info 2 /OUTPUT 16 "res_add";
    .port_info 3 /OUTPUT 4 "flags_add";
P_0000022fb49da710 .param/l "EXPONENT_WIDTH" 0 14 11, +C4<00000000000000000000000000000101>;
P_0000022fb49da748 .param/l "MANTISA_WIDTH" 0 14 10, +C4<00000000000000000000000000001010>;
L_0000022fb4b51c50 .functor BUFZ 1, v0000022fb4adf410_0, C4<0>, C4<0>, C4<0>;
L_0000022fb4af3bc0 .functor BUFT 1, C4<1>, C4<0>, C4<0>, C4<0>;
v0000022fb4addd60_0 .net/2u *"_ivl_14", 0 0, L_0000022fb4af3bc0;  1 drivers
v0000022fb4add2c0_0 .net *"_ivl_17", 9 0, L_0000022fb4b508b0;  1 drivers
L_0000022fb4af3b78 .functor BUFT 1, C4<1>, C4<0>, C4<0>, C4<0>;
v0000022fb4adde00_0 .net/2u *"_ivl_4", 0 0, L_0000022fb4af3b78;  1 drivers
v0000022fb4ae0310_0 .net *"_ivl_7", 9 0, L_0000022fb4b50770;  1 drivers
v0000022fb4adfa50_0 .net "a", 15 0, L_0000022fb4b57f00;  1 drivers
v0000022fb4ae10d0_0 .var "adjust_exponent", 5 0;
v0000022fb4adfd70_0 .var "adjust_mant", 9 0;
v0000022fb4adf4b0_0 .net "b", 15 0, L_0000022fb4b57c80;  1 drivers
v0000022fb4adf5f0_0 .var "big_exponent", 4 0;
v0000022fb4ae03b0_0 .var "carry", 0 0;
v0000022fb4adf370_0 .var "diff_exponente", 4 0;
v0000022fb4ae06d0_0 .net "exponent_a", 4 0, L_0000022fb4b506d0;  1 drivers
v0000022fb4adf550_0 .net "exponent_b", 4 0, L_0000022fb4b4fc30;  1 drivers
v0000022fb4adf7d0_0 .net "flags_add", 3 0, L_0000022fb4b50bd0;  alias, 1 drivers
v0000022fb4adf690_0 .var "mant_a", 10 0;
v0000022fb4adfb90_0 .var "mant_b", 10 0;
v0000022fb4ae0d10_0 .var "mant_sum", 11 0;
v0000022fb4adf910_0 .net "mantisa_a", 10 0, L_0000022fb4b50810;  1 drivers
v0000022fb4adfcd0_0 .net "mantisa_b", 10 0, L_0000022fb4b4fcd0;  1 drivers
v0000022fb4ae0ef0_0 .net "neg", 0 0, L_0000022fb4b51c50;  1 drivers
v0000022fb4ae1170_0 .var "overflow", 0 0;
v0000022fb4ae0950_0 .net "res_add", 15 0, L_0000022fb4b50950;  alias, 1 drivers
v0000022fb4adf730_0 .var "res_exponent", 4 0;
v0000022fb4adf2d0_0 .var "res_mant", 9 0;
v0000022fb4adf410_0 .var "res_sign", 0 0;
v0000022fb4ae0c70_0 .net "sign_a", 0 0, L_0000022fb4b50090;  1 drivers
v0000022fb4ae0630_0 .net "sign_b", 0 0, L_0000022fb4b4fb90;  1 drivers
v0000022fb4adff50_0 .var "zero", 0 0;
E_0000022fb4a6d0c0 .event anyedge, v0000022fb4adf730_0, v0000022fb4adf2d0_0;
E_0000022fb4a6d180 .event anyedge, v0000022fb4ae10d0_0, v0000022fb4adfd70_0;
E_0000022fb4a6d1c0 .event anyedge, v0000022fb4ae0d10_0, v0000022fb4adf5f0_0;
E_0000022fb4a6d240 .event anyedge, v0000022fb4ae0c70_0, v0000022fb4ae0630_0, v0000022fb4adfb90_0, v0000022fb4adf690_0;
E_0000022fb4a6d280/0 .event anyedge, v0000022fb4ae06d0_0, v0000022fb4adf550_0, v0000022fb4adf910_0, v0000022fb4adfcd0_0;
E_0000022fb4a6d280/1 .event anyedge, v0000022fb4adf370_0;
E_0000022fb4a6d280 .event/or E_0000022fb4a6d280/0, E_0000022fb4a6d280/1;
L_0000022fb4b50090 .part L_0000022fb4b57f00, 15, 1;
L_0000022fb4b506d0 .part L_0000022fb4b57f00, 10, 5;
L_0000022fb4b50770 .part L_0000022fb4b57f00, 0, 10;
L_0000022fb4b50810 .concat [ 10 1 0 0], L_0000022fb4b50770, L_0000022fb4af3b78;
L_0000022fb4b4fb90 .part L_0000022fb4b57c80, 15, 1;
L_0000022fb4b4fc30 .part L_0000022fb4b57c80, 10, 5;
L_0000022fb4b508b0 .part L_0000022fb4b57c80, 0, 10;
L_0000022fb4b4fcd0 .concat [ 10 1 0 0], L_0000022fb4b508b0, L_0000022fb4af3bc0;
L_0000022fb4b50950 .concat [ 10 5 1 0], v0000022fb4adf2d0_0, v0000022fb4adf730_0, v0000022fb4adf410_0;
L_0000022fb4b50bd0 .concat [ 1 1 1 1], v0000022fb4ae1170_0, v0000022fb4ae03b0_0, v0000022fb4adff50_0, L_0000022fb4b51c50;
S_0000022fb499a880 .scope module, "half_fp_mult" "mult_fp" 13 32, 15 3 0, S_0000022fb49a75b0;
 .timescale 0 0;
    .port_info 0 /INPUT 16 "a";
    .port_info 1 /INPUT 16 "b";
    .port_info 2 /OUTPUT 16 "res_mult";
    .port_info 3 /OUTPUT 4 "flags_mult";
P_0000022fb49da910 .param/l "EXPONENT_WIDTH" 0 15 12, +C4<00000000000000000000000000000101>;
P_0000022fb49da948 .param/l "MANTISA_WIDTH" 0 15 11, +C4<00000000000000000000000000001010>;
L_0000022fb4b51cc0 .functor XOR 1, L_0000022fb4b58860, L_0000022fb4b594e0, C4<0>, C4<0>;
L_0000022fb4af3e00 .functor BUFT 1, C4<1>, C4<0>, C4<0>, C4<0>;
L_0000022fb4b527b0 .functor XNOR 1, L_0000022fb4b58fe0, L_0000022fb4af3e00, C4<0>, C4<0>;
L_0000022fb4af3e90 .functor BUFT 1, C4<1>, C4<0>, C4<0>, C4<0>;
L_0000022fb4b52ba0 .functor XNOR 1, L_0000022fb4b576e0, L_0000022fb4af3e90, C4<0>, C4<0>;
L_0000022fb4b52cf0 .functor BUFZ 1, L_0000022fb4b51cc0, C4<0>, C4<0>, C4<0>;
L_0000022fb4af3c50 .functor BUFT 1, C4<1>, C4<0>, C4<0>, C4<0>;
v0000022fb4ae0770_0 .net/2u *"_ivl_14", 0 0, L_0000022fb4af3c50;  1 drivers
v0000022fb4ae08b0_0 .net *"_ivl_17", 9 0, L_0000022fb4b57d20;  1 drivers
v0000022fb4adf870_0 .net *"_ivl_22", 5 0, L_0000022fb4b57be0;  1 drivers
L_0000022fb4af3c98 .functor BUFT 1, C4<0>, C4<0>, C4<0>, C4<0>;
v0000022fb4ae09f0_0 .net *"_ivl_25", 0 0, L_0000022fb4af3c98;  1 drivers
v0000022fb4adf9b0_0 .net *"_ivl_26", 5 0, L_0000022fb4b58900;  1 drivers
L_0000022fb4af3ce0 .functor BUFT 1, C4<0>, C4<0>, C4<0>, C4<0>;
v0000022fb4adfaf0_0 .net *"_ivl_29", 0 0, L_0000022fb4af3ce0;  1 drivers
v0000022fb4adfe10_0 .net *"_ivl_30", 5 0, L_0000022fb4b593a0;  1 drivers
L_0000022fb4af3d28 .functor BUFT 1, C4<001111>, C4<0>, C4<0>, C4<0>;
v0000022fb4adfc30_0 .net/2u *"_ivl_32", 5 0, L_0000022fb4af3d28;  1 drivers
v0000022fb4adfeb0_0 .net *"_ivl_36", 21 0, L_0000022fb4b59940;  1 drivers
L_0000022fb4af3d70 .functor BUFT 1, C4<00000000000>, C4<0>, C4<0>, C4<0>;
v0000022fb4adfff0_0 .net *"_ivl_39", 10 0, L_0000022fb4af3d70;  1 drivers
L_0000022fb4af3c08 .functor BUFT 1, C4<1>, C4<0>, C4<0>, C4<0>;
v0000022fb4ae0090_0 .net/2u *"_ivl_4", 0 0, L_0000022fb4af3c08;  1 drivers
v0000022fb4ae0130_0 .net *"_ivl_40", 21 0, L_0000022fb4b58680;  1 drivers
L_0000022fb4af3db8 .functor BUFT 1, C4<00000000000>, C4<0>, C4<0>, C4<0>;
v0000022fb4ae0a90_0 .net *"_ivl_43", 10 0, L_0000022fb4af3db8;  1 drivers
v0000022fb4ae0db0_0 .net *"_ivl_49", 0 0, L_0000022fb4b58fe0;  1 drivers
v0000022fb4ae0f90_0 .net/2u *"_ivl_50", 0 0, L_0000022fb4af3e00;  1 drivers
v0000022fb4ae01d0_0 .net *"_ivl_52", 0 0, L_0000022fb4b527b0;  1 drivers
L_0000022fb4af3e48 .functor BUFT 1, C4<000001>, C4<0>, C4<0>, C4<0>;
v0000022fb4ae0270_0 .net/2u *"_ivl_54", 5 0, L_0000022fb4af3e48;  1 drivers
v0000022fb4ae0450_0 .net *"_ivl_56", 5 0, L_0000022fb4b58220;  1 drivers
v0000022fb4ae04f0_0 .net *"_ivl_58", 5 0, L_0000022fb4b57dc0;  1 drivers
v0000022fb4ae0590_0 .net *"_ivl_63", 0 0, L_0000022fb4b576e0;  1 drivers
v0000022fb4ae0e50_0 .net/2u *"_ivl_64", 0 0, L_0000022fb4af3e90;  1 drivers
v0000022fb4ae0810_0 .net *"_ivl_66", 0 0, L_0000022fb4b52ba0;  1 drivers
v0000022fb4ae0bd0_0 .net *"_ivl_69", 9 0, L_0000022fb4b578c0;  1 drivers
v0000022fb4ae1030_0 .net *"_ivl_7", 9 0, L_0000022fb4b58e00;  1 drivers
v0000022fb4ae0b30_0 .net *"_ivl_71", 8 0, L_0000022fb4b582c0;  1 drivers
v0000022fb4ae2290_0 .net *"_ivl_73", 0 0, L_0000022fb4b58ea0;  1 drivers
v0000022fb4ae23d0_0 .net *"_ivl_74", 9 0, L_0000022fb4b57780;  1 drivers
v0000022fb4ae2330_0 .net "a", 15 0, L_0000022fb4b587c0;  1 drivers
v0000022fb4ae3050_0 .net "b", 15 0, L_0000022fb4b59300;  1 drivers
L_0000022fb4af3ed8 .functor BUFT 1, C4<0>, C4<0>, C4<0>, C4<0>;
v0000022fb4ae1bb0_0 .net "carry", 0 0, L_0000022fb4af3ed8;  1 drivers
v0000022fb4ae2d30_0 .net "exponent_a", 4 0, L_0000022fb4b59b20;  1 drivers
v0000022fb4ae32d0_0 .net "exponent_b", 4 0, L_0000022fb4b59260;  1 drivers
v0000022fb4ae2510_0 .net "flags_mult", 3 0, L_0000022fb4b59440;  alias, 1 drivers
v0000022fb4ae3190_0 .net "long_mult_mantisa", 21 0, L_0000022fb4b599e0;  1 drivers
v0000022fb4ae1610_0 .net "mantisa_a", 10 0, L_0000022fb4b58cc0;  1 drivers
v0000022fb4ae2bf0_0 .net "mantisa_b", 10 0, L_0000022fb4b598a0;  1 drivers
v0000022fb4ae2790_0 .net "mult_exponent", 5 0, L_0000022fb4b589a0;  1 drivers
v0000022fb4ae1c50_0 .net "mult_mantisa", 10 0, L_0000022fb4b59800;  1 drivers
v0000022fb4ae3230_0 .net "neg", 0 0, L_0000022fb4b52cf0;  1 drivers
v0000022fb4ae2830_0 .net "norm_exponent", 4 0, L_0000022fb4b58a40;  1 drivers
v0000022fb4ae16b0_0 .net "norm_mant", 9 0, L_0000022fb4b57820;  1 drivers
L_0000022fb4af3f20 .functor BUFT 1, C4<0>, C4<0>, C4<0>, C4<0>;
v0000022fb4ae2f10_0 .net "overflow", 0 0, L_0000022fb4af3f20;  1 drivers
v0000022fb4ae1750_0 .var "res_exponent", 4 0;
v0000022fb4ae3a50_0 .var "res_mant", 9 0;
v0000022fb4ae1430_0 .net "res_mult", 15 0, L_0000022fb4b57e60;  alias, 1 drivers
v0000022fb4ae2c90_0 .net "res_sign", 0 0, L_0000022fb4b51cc0;  1 drivers
v0000022fb4ae19d0_0 .net "sign_a", 0 0, L_0000022fb4b58860;  1 drivers
v0000022fb4ae12f0_0 .net "sign_b", 0 0, L_0000022fb4b594e0;  1 drivers
v0000022fb4ae1a70_0 .var "zero", 0 0;
E_0000022fb4a6d500 .event anyedge, v0000022fb4ae1750_0, v0000022fb4ae3a50_0;
E_0000022fb4a6d300/0 .event anyedge, v0000022fb4ae2d30_0, v0000022fb4ae1610_0, v0000022fb4ae32d0_0, v0000022fb4ae2bf0_0;
E_0000022fb4a6d300/1 .event anyedge, v0000022fb4ae2830_0, v0000022fb4ae16b0_0;
E_0000022fb4a6d300 .event/or E_0000022fb4a6d300/0, E_0000022fb4a6d300/1;
L_0000022fb4b58860 .part L_0000022fb4b587c0, 15, 1;
L_0000022fb4b59b20 .part L_0000022fb4b587c0, 10, 5;
L_0000022fb4b58e00 .part L_0000022fb4b587c0, 0, 10;
L_0000022fb4b58cc0 .concat [ 10 1 0 0], L_0000022fb4b58e00, L_0000022fb4af3c08;
L_0000022fb4b594e0 .part L_0000022fb4b59300, 15, 1;
L_0000022fb4b59260 .part L_0000022fb4b59300, 10, 5;
L_0000022fb4b57d20 .part L_0000022fb4b59300, 0, 10;
L_0000022fb4b598a0 .concat [ 10 1 0 0], L_0000022fb4b57d20, L_0000022fb4af3c50;
L_0000022fb4b57be0 .concat [ 5 1 0 0], L_0000022fb4b59b20, L_0000022fb4af3c98;
L_0000022fb4b58900 .concat [ 5 1 0 0], L_0000022fb4b59260, L_0000022fb4af3ce0;
L_0000022fb4b593a0 .arith/sum 6, L_0000022fb4b57be0, L_0000022fb4b58900;
L_0000022fb4b589a0 .arith/sub 6, L_0000022fb4b593a0, L_0000022fb4af3d28;
L_0000022fb4b59940 .concat [ 11 11 0 0], L_0000022fb4b58cc0, L_0000022fb4af3d70;
L_0000022fb4b58680 .concat [ 11 11 0 0], L_0000022fb4b598a0, L_0000022fb4af3db8;
L_0000022fb4b599e0 .arith/mult 22, L_0000022fb4b59940, L_0000022fb4b58680;
L_0000022fb4b59800 .part L_0000022fb4b599e0, 11, 11;
L_0000022fb4b58fe0 .part L_0000022fb4b59800, 10, 1;
L_0000022fb4b58220 .arith/sum 6, L_0000022fb4b589a0, L_0000022fb4af3e48;
L_0000022fb4b57dc0 .functor MUXZ 6, L_0000022fb4b589a0, L_0000022fb4b58220, L_0000022fb4b527b0, C4<>;
L_0000022fb4b58a40 .part L_0000022fb4b57dc0, 0, 5;
L_0000022fb4b576e0 .part L_0000022fb4b59800, 10, 1;
L_0000022fb4b578c0 .part L_0000022fb4b59800, 0, 10;
L_0000022fb4b582c0 .part L_0000022fb4b59800, 0, 9;
L_0000022fb4b58ea0 .part L_0000022fb4b599e0, 10, 1;
L_0000022fb4b57780 .concat [ 1 9 0 0], L_0000022fb4b58ea0, L_0000022fb4b582c0;
L_0000022fb4b57820 .functor MUXZ 10, L_0000022fb4b57780, L_0000022fb4b578c0, L_0000022fb4b52ba0, C4<>;
L_0000022fb4b57e60 .concat [ 10 5 1 0], v0000022fb4ae3a50_0, v0000022fb4ae1750_0, L_0000022fb4b51cc0;
L_0000022fb4b59440 .concat [ 1 1 1 1], L_0000022fb4af3f20, L_0000022fb4af3ed8, v0000022fb4ae1a70_0, L_0000022fb4b52cf0;
S_0000022fb4994b00 .scope module, "single_fp_adder" "add_fp" 13 19, 14 3 0, S_0000022fb49a75b0;
 .timescale 0 0;
    .port_info 0 /INPUT 32 "a";
    .port_info 1 /INPUT 32 "b";
    .port_info 2 /OUTPUT 32 "res_add";
    .port_info 3 /OUTPUT 4 "flags_add";
P_0000022fb49d9c90 .param/l "EXPONENT_WIDTH" 0 14 11, +C4<00000000000000000000000000001000>;
P_0000022fb49d9cc8 .param/l "MANTISA_WIDTH" 0 14 10, +C4<00000000000000000000000000010111>;
L_0000022fb4b520b0 .functor BUFZ 1, v0000022fb4ae1930_0, C4<0>, C4<0>, C4<0>;
L_0000022fb4af37d0 .functor BUFT 1, C4<1>, C4<0>, C4<0>, C4<0>;
v0000022fb4ae2470_0 .net/2u *"_ivl_14", 0 0, L_0000022fb4af37d0;  1 drivers
v0000022fb4ae2dd0_0 .net *"_ivl_17", 22 0, L_0000022fb4b4f7d0;  1 drivers
L_0000022fb4af3788 .functor BUFT 1, C4<1>, C4<0>, C4<0>, C4<0>;
v0000022fb4ae28d0_0 .net/2u *"_ivl_4", 0 0, L_0000022fb4af3788;  1 drivers
v0000022fb4ae2650_0 .net *"_ivl_7", 22 0, L_0000022fb4b4d930;  1 drivers
v0000022fb4ae1d90_0 .net "a", 31 0, L_0000022fb4b4f410;  alias, 1 drivers
v0000022fb4ae2e70_0 .var "adjust_exponent", 8 0;
v0000022fb4ae3370_0 .var "adjust_mant", 22 0;
v0000022fb4ae1570_0 .net "b", 31 0, L_0000022fb4b4dd90;  alias, 1 drivers
v0000022fb4ae3870_0 .var "big_exponent", 7 0;
v0000022fb4ae14d0_0 .var "carry", 0 0;
v0000022fb4ae25b0_0 .var "diff_exponente", 7 0;
v0000022fb4ae1b10_0 .net "exponent_a", 7 0, L_0000022fb4b4f9b0;  1 drivers
v0000022fb4ae3410_0 .net "exponent_b", 7 0, L_0000022fb4b4f690;  1 drivers
v0000022fb4ae3550_0 .net "flags_add", 3 0, L_0000022fb4b4faf0;  alias, 1 drivers
v0000022fb4ae2fb0_0 .var "mant_a", 23 0;
v0000022fb4ae34b0_0 .var "mant_b", 23 0;
v0000022fb4ae17f0_0 .var "mant_sum", 24 0;
v0000022fb4ae3910_0 .net "mantisa_a", 23 0, L_0000022fb4b4f190;  1 drivers
v0000022fb4ae26f0_0 .net "mantisa_b", 23 0, L_0000022fb4b4da70;  1 drivers
v0000022fb4ae2970_0 .net "neg", 0 0, L_0000022fb4b520b0;  1 drivers
v0000022fb4ae21f0_0 .var "overflow", 0 0;
v0000022fb4ae2a10_0 .net "res_add", 31 0, L_0000022fb4b4db10;  alias, 1 drivers
v0000022fb4ae1890_0 .var "res_exponent", 7 0;
v0000022fb4ae30f0_0 .var "res_mant", 22 0;
v0000022fb4ae1930_0 .var "res_sign", 0 0;
v0000022fb4ae2ab0_0 .net "sign_a", 0 0, L_0000022fb4b4de30;  1 drivers
v0000022fb4ae39b0_0 .net "sign_b", 0 0, L_0000022fb4b4f550;  1 drivers
v0000022fb4ae35f0_0 .var "zero", 0 0;
E_0000022fb4a6da00 .event anyedge, v0000022fb4ae1890_0, v0000022fb4ae30f0_0;
E_0000022fb4a6d5c0 .event anyedge, v0000022fb4ae2e70_0, v0000022fb4ae3370_0;
E_0000022fb4a6da40 .event anyedge, v0000022fb4ae17f0_0, v0000022fb4ae3870_0;
E_0000022fb4a6d940 .event anyedge, v0000022fb4ae2ab0_0, v0000022fb4ae39b0_0, v0000022fb4ae34b0_0, v0000022fb4ae2fb0_0;
E_0000022fb4a6d380/0 .event anyedge, v0000022fb4ae1b10_0, v0000022fb4ae3410_0, v0000022fb4ae3910_0, v0000022fb4ae26f0_0;
E_0000022fb4a6d380/1 .event anyedge, v0000022fb4ae25b0_0;
E_0000022fb4a6d380 .event/or E_0000022fb4a6d380/0, E_0000022fb4a6d380/1;
L_0000022fb4b4de30 .part L_0000022fb4b4f410, 31, 1;
L_0000022fb4b4f9b0 .part L_0000022fb4b4f410, 23, 8;
L_0000022fb4b4d930 .part L_0000022fb4b4f410, 0, 23;
L_0000022fb4b4f190 .concat [ 23 1 0 0], L_0000022fb4b4d930, L_0000022fb4af3788;
L_0000022fb4b4f550 .part L_0000022fb4b4dd90, 31, 1;
L_0000022fb4b4f690 .part L_0000022fb4b4dd90, 23, 8;
L_0000022fb4b4f7d0 .part L_0000022fb4b4dd90, 0, 23;
L_0000022fb4b4da70 .concat [ 23 1 0 0], L_0000022fb4b4f7d0, L_0000022fb4af37d0;
L_0000022fb4b4db10 .concat [ 23 8 1 0], v0000022fb4ae30f0_0, v0000022fb4ae1890_0, v0000022fb4ae1930_0;
L_0000022fb4b4faf0 .concat [ 1 1 1 1], v0000022fb4ae21f0_0, v0000022fb4ae14d0_0, v0000022fb4ae35f0_0, L_0000022fb4b520b0;
S_0000022fb4994c90 .scope module, "single_fp_mult" "mult_fp" 13 23, 15 3 0, S_0000022fb49a75b0;
 .timescale 0 0;
    .port_info 0 /INPUT 32 "a";
    .port_info 1 /INPUT 32 "b";
    .port_info 2 /OUTPUT 32 "res_mult";
    .port_info 3 /OUTPUT 4 "flags_mult";
P_0000022fb4ae6770 .param/l "EXPONENT_WIDTH" 0 15 12, +C4<00000000000000000000000000001000>;
P_0000022fb4ae67a8 .param/l "MANTISA_WIDTH" 0 15 11, +C4<00000000000000000000000000010111>;
L_0000022fb4b52970 .functor XOR 1, L_0000022fb4b4dbb0, L_0000022fb4b504f0, C4<0>, C4<0>;
L_0000022fb4af3a10 .functor BUFT 1, C4<1>, C4<0>, C4<0>, C4<0>;
L_0000022fb4b52200 .functor XNOR 1, L_0000022fb4b50630, L_0000022fb4af3a10, C4<0>, C4<0>;
L_0000022fb4af3aa0 .functor BUFT 1, C4<1>, C4<0>, C4<0>, C4<0>;
L_0000022fb4b52820 .functor XNOR 1, L_0000022fb4b4feb0, L_0000022fb4af3aa0, C4<0>, C4<0>;
L_0000022fb4b52660 .functor BUFZ 1, L_0000022fb4b52970, C4<0>, C4<0>, C4<0>;
L_0000022fb4af3860 .functor BUFT 1, C4<1>, C4<0>, C4<0>, C4<0>;
v0000022fb4ae1390_0 .net/2u *"_ivl_14", 0 0, L_0000022fb4af3860;  1 drivers
v0000022fb4ae2b50_0 .net *"_ivl_17", 22 0, L_0000022fb4b50270;  1 drivers
v0000022fb4ae3690_0 .net *"_ivl_22", 8 0, L_0000022fb4b50130;  1 drivers
L_0000022fb4af38a8 .functor BUFT 1, C4<0>, C4<0>, C4<0>, C4<0>;
v0000022fb4ae3730_0 .net *"_ivl_25", 0 0, L_0000022fb4af38a8;  1 drivers
v0000022fb4ae37d0_0 .net *"_ivl_26", 8 0, L_0000022fb4b50db0;  1 drivers
L_0000022fb4af38f0 .functor BUFT 1, C4<0>, C4<0>, C4<0>, C4<0>;
v0000022fb4ae1cf0_0 .net *"_ivl_29", 0 0, L_0000022fb4af38f0;  1 drivers
v0000022fb4ae1e30_0 .net *"_ivl_30", 8 0, L_0000022fb4b50310;  1 drivers
L_0000022fb4af3938 .functor BUFT 1, C4<001111111>, C4<0>, C4<0>, C4<0>;
v0000022fb4ae1ed0_0 .net/2u *"_ivl_32", 8 0, L_0000022fb4af3938;  1 drivers
v0000022fb4ae1f70_0 .net *"_ivl_36", 47 0, L_0000022fb4b509f0;  1 drivers
L_0000022fb4af3980 .functor BUFT 1, C4<000000000000000000000000>, C4<0>, C4<0>, C4<0>;
v0000022fb4ae2010_0 .net *"_ivl_39", 23 0, L_0000022fb4af3980;  1 drivers
L_0000022fb4af3818 .functor BUFT 1, C4<1>, C4<0>, C4<0>, C4<0>;
v0000022fb4ae20b0_0 .net/2u *"_ivl_4", 0 0, L_0000022fb4af3818;  1 drivers
v0000022fb4ae2150_0 .net *"_ivl_40", 47 0, L_0000022fb4b50a90;  1 drivers
L_0000022fb4af39c8 .functor BUFT 1, C4<000000000000000000000000>, C4<0>, C4<0>, C4<0>;
v0000022fb4ae3f50_0 .net *"_ivl_43", 23 0, L_0000022fb4af39c8;  1 drivers
v0000022fb4ae5030_0 .net *"_ivl_49", 0 0, L_0000022fb4b50630;  1 drivers
v0000022fb4ae3c30_0 .net/2u *"_ivl_50", 0 0, L_0000022fb4af3a10;  1 drivers
v0000022fb4ae50d0_0 .net *"_ivl_52", 0 0, L_0000022fb4b52200;  1 drivers
L_0000022fb4af3a58 .functor BUFT 1, C4<000000001>, C4<0>, C4<0>, C4<0>;
v0000022fb4ae5170_0 .net/2u *"_ivl_54", 8 0, L_0000022fb4af3a58;  1 drivers
v0000022fb4ae4f90_0 .net *"_ivl_56", 8 0, L_0000022fb4b4ff50;  1 drivers
v0000022fb4ae4c70_0 .net *"_ivl_58", 8 0, L_0000022fb4b50b30;  1 drivers
v0000022fb4ae48b0_0 .net *"_ivl_63", 0 0, L_0000022fb4b4feb0;  1 drivers
v0000022fb4ae4b30_0 .net/2u *"_ivl_64", 0 0, L_0000022fb4af3aa0;  1 drivers
v0000022fb4ae4bd0_0 .net *"_ivl_66", 0 0, L_0000022fb4b52820;  1 drivers
v0000022fb4ae4950_0 .net *"_ivl_69", 22 0, L_0000022fb4b51170;  1 drivers
v0000022fb4ae4db0_0 .net *"_ivl_7", 22 0, L_0000022fb4b50c70;  1 drivers
v0000022fb4ae43b0_0 .net *"_ivl_71", 21 0, L_0000022fb4b503b0;  1 drivers
v0000022fb4ae41d0_0 .net *"_ivl_73", 0 0, L_0000022fb4b50ef0;  1 drivers
v0000022fb4ae44f0_0 .net *"_ivl_74", 22 0, L_0000022fb4b51030;  1 drivers
v0000022fb4ae4d10_0 .net "a", 31 0, L_0000022fb4b4f410;  alias, 1 drivers
v0000022fb4ae4e50_0 .net "b", 31 0, L_0000022fb4b4dd90;  alias, 1 drivers
L_0000022fb4af3ae8 .functor BUFT 1, C4<0>, C4<0>, C4<0>, C4<0>;
v0000022fb4ae3af0_0 .net "carry", 0 0, L_0000022fb4af3ae8;  1 drivers
v0000022fb4ae4ef0_0 .net "exponent_a", 7 0, L_0000022fb4b510d0;  1 drivers
v0000022fb4ae4090_0 .net "exponent_b", 7 0, L_0000022fb4b50590;  1 drivers
v0000022fb4ae3ff0_0 .net "flags_mult", 3 0, L_0000022fb4b50450;  alias, 1 drivers
v0000022fb4ae3b90_0 .net "long_mult_mantisa", 47 0, L_0000022fb4b4fff0;  1 drivers
v0000022fb4ae3cd0_0 .net "mantisa_a", 23 0, L_0000022fb4b501d0;  1 drivers
v0000022fb4ae49f0_0 .net "mantisa_b", 23 0, L_0000022fb4b50d10;  1 drivers
v0000022fb4ae3d70_0 .net "mult_exponent", 8 0, L_0000022fb4b50e50;  1 drivers
v0000022fb4ae4130_0 .net "mult_mantisa", 23 0, L_0000022fb4b4fe10;  1 drivers
v0000022fb4ae3e10_0 .net "neg", 0 0, L_0000022fb4b52660;  1 drivers
v0000022fb4ae4450_0 .net "norm_exponent", 7 0, L_0000022fb4b50f90;  1 drivers
v0000022fb4ae3eb0_0 .net "norm_mant", 22 0, L_0000022fb4b51210;  1 drivers
L_0000022fb4af3b30 .functor BUFT 1, C4<0>, C4<0>, C4<0>, C4<0>;
v0000022fb4ae4270_0 .net "overflow", 0 0, L_0000022fb4af3b30;  1 drivers
v0000022fb4ae4590_0 .var "res_exponent", 7 0;
v0000022fb4ae4310_0 .var "res_mant", 22 0;
v0000022fb4ae4630_0 .net "res_mult", 31 0, L_0000022fb4b4fd70;  alias, 1 drivers
v0000022fb4ae46d0_0 .net "res_sign", 0 0, L_0000022fb4b52970;  1 drivers
v0000022fb4ae4810_0 .net "sign_a", 0 0, L_0000022fb4b4dbb0;  1 drivers
v0000022fb4ae4a90_0 .net "sign_b", 0 0, L_0000022fb4b504f0;  1 drivers
v0000022fb4ae4770_0 .var "zero", 0 0;
E_0000022fb4a6d400 .event anyedge, v0000022fb4ae4590_0, v0000022fb4ae4310_0;
E_0000022fb4a6d640/0 .event anyedge, v0000022fb4ae4ef0_0, v0000022fb4ae3cd0_0, v0000022fb4ae4090_0, v0000022fb4ae49f0_0;
E_0000022fb4a6d640/1 .event anyedge, v0000022fb4ae4450_0, v0000022fb4ae3eb0_0;
E_0000022fb4a6d640 .event/or E_0000022fb4a6d640/0, E_0000022fb4a6d640/1;
L_0000022fb4b4dbb0 .part L_0000022fb4b4f410, 31, 1;
L_0000022fb4b510d0 .part L_0000022fb4b4f410, 23, 8;
L_0000022fb4b50c70 .part L_0000022fb4b4f410, 0, 23;
L_0000022fb4b501d0 .concat [ 23 1 0 0], L_0000022fb4b50c70, L_0000022fb4af3818;
L_0000022fb4b504f0 .part L_0000022fb4b4dd90, 31, 1;
L_0000022fb4b50590 .part L_0000022fb4b4dd90, 23, 8;
L_0000022fb4b50270 .part L_0000022fb4b4dd90, 0, 23;
L_0000022fb4b50d10 .concat [ 23 1 0 0], L_0000022fb4b50270, L_0000022fb4af3860;
L_0000022fb4b50130 .concat [ 8 1 0 0], L_0000022fb4b510d0, L_0000022fb4af38a8;
L_0000022fb4b50db0 .concat [ 8 1 0 0], L_0000022fb4b50590, L_0000022fb4af38f0;
L_0000022fb4b50310 .arith/sum 9, L_0000022fb4b50130, L_0000022fb4b50db0;
L_0000022fb4b50e50 .arith/sub 9, L_0000022fb4b50310, L_0000022fb4af3938;
L_0000022fb4b509f0 .concat [ 24 24 0 0], L_0000022fb4b501d0, L_0000022fb4af3980;
L_0000022fb4b50a90 .concat [ 24 24 0 0], L_0000022fb4b50d10, L_0000022fb4af39c8;
L_0000022fb4b4fff0 .arith/mult 48, L_0000022fb4b509f0, L_0000022fb4b50a90;
L_0000022fb4b4fe10 .part L_0000022fb4b4fff0, 24, 24;
L_0000022fb4b50630 .part L_0000022fb4b4fe10, 23, 1;
L_0000022fb4b4ff50 .arith/sum 9, L_0000022fb4b50e50, L_0000022fb4af3a58;
L_0000022fb4b50b30 .functor MUXZ 9, L_0000022fb4b50e50, L_0000022fb4b4ff50, L_0000022fb4b52200, C4<>;
L_0000022fb4b50f90 .part L_0000022fb4b50b30, 0, 8;
L_0000022fb4b4feb0 .part L_0000022fb4b4fe10, 23, 1;
L_0000022fb4b51170 .part L_0000022fb4b4fe10, 0, 23;
L_0000022fb4b503b0 .part L_0000022fb4b4fe10, 0, 22;
L_0000022fb4b50ef0 .part L_0000022fb4b4fff0, 23, 1;
L_0000022fb4b51030 .concat [ 1 22 0 0], L_0000022fb4b50ef0, L_0000022fb4b503b0;
L_0000022fb4b51210 .functor MUXZ 23, L_0000022fb4b51030, L_0000022fb4b51170, L_0000022fb4b52820, C4<>;
L_0000022fb4b4fd70 .concat [ 23 8 1 0], v0000022fb4ae4310_0, v0000022fb4ae4590_0, L_0000022fb4b52970;
L_0000022fb4b50450 .concat [ 1 1 1 1], L_0000022fb4af3b30, L_0000022fb4af3ae8, v0000022fb4ae4770_0, L_0000022fb4b52660;
S_0000022fb4aeb7c0 .scope module, "ext" "extend" 10 131, 16 1 0, S_0000022fb49ab730;
 .timescale 0 0;
    .port_info 0 /INPUT 24 "Instr";
    .port_info 1 /INPUT 2 "ImmSrc";
    .port_info 2 /OUTPUT 32 "ExtImm";
v0000022fb4ae9f70_0 .var "ExtImm", 31 0;
v0000022fb4aea3d0_0 .net "ImmSrc", 1 0, L_0000022fb4af0aa0;  alias, 1 drivers
v0000022fb4aeac90_0 .net "Instr", 23 0, L_0000022fb4b4d390;  1 drivers
E_0000022fb4a6d9c0 .event anyedge, v0000022fb4ad7700_0, v0000022fb4aeac90_0;
S_0000022fb4aeb950 .scope module, "pcadd1" "adder" 10 68, 17 1 0, S_0000022fb49ab730;
 .timescale 0 0;
    .port_info 0 /INPUT 32 "a";
    .port_info 1 /INPUT 32 "b";
    .port_info 2 /OUTPUT 32 "y";
P_0000022fb4a6e3c0 .param/l "WIDTH" 0 17 6, +C4<00000000000000000000000000100000>;
v0000022fb4aea5b0_0 .net "a", 31 0, v0000022fb4ae97f0_0;  alias, 1 drivers
L_0000022fb4af3350 .functor BUFT 1, C4<00000000000000000000000000000100>, C4<0>, C4<0>, C4<0>;
v0000022fb4aea150_0 .net "b", 31 0, L_0000022fb4af3350;  1 drivers
v0000022fb4aead30_0 .net "y", 31 0, L_0000022fb4af0500;  alias, 1 drivers
L_0000022fb4af0500 .arith/sum 32, v0000022fb4ae97f0_0, L_0000022fb4af3350;
S_0000022fb4aebae0 .scope module, "pcadd2" "adder" 10 74, 17 1 0, S_0000022fb49ab730;
 .timescale 0 0;
    .port_info 0 /INPUT 32 "a";
    .port_info 1 /INPUT 32 "b";
    .port_info 2 /OUTPUT 32 "y";
P_0000022fb4a6e740 .param/l "WIDTH" 0 17 6, +C4<00000000000000000000000000100000>;
v0000022fb4aea0b0_0 .net "a", 31 0, L_0000022fb4af0500;  alias, 1 drivers
L_0000022fb4af3398 .functor BUFT 1, C4<00000000000000000000000000000100>, C4<0>, C4<0>, C4<0>;
v0000022fb4aea650_0 .net "b", 31 0, L_0000022fb4af3398;  1 drivers
v0000022fb4aea790_0 .net "y", 31 0, L_0000022fb4af06e0;  alias, 1 drivers
L_0000022fb4af06e0 .arith/sum 32, L_0000022fb4af0500, L_0000022fb4af3398;
S_0000022fb4aebc70 .scope module, "pcmux" "mux2" 10 54, 18 1 0, S_0000022fb49ab730;
 .timescale 0 0;
    .port_info 0 /INPUT 32 "d0";
    .port_info 1 /INPUT 32 "d1";
    .port_info 2 /INPUT 1 "s";
    .port_info 3 /OUTPUT 32 "y";
P_0000022fb4a6ea80 .param/l "WIDTH" 0 18 7, +C4<00000000000000000000000000100000>;
v0000022fb4aeb050_0 .net "d0", 31 0, L_0000022fb4af0500;  alias, 1 drivers
v0000022fb4aeb190_0 .net "d1", 31 0, L_0000022fb4b4dcf0;  alias, 1 drivers
v0000022fb4aea830_0 .net "s", 0 0, L_0000022fb4a54880;  alias, 1 drivers
v0000022fb4aeaa10_0 .net "y", 31 0, L_0000022fb4aee980;  alias, 1 drivers
L_0000022fb4aee980 .functor MUXZ 32, L_0000022fb4af0500, L_0000022fb4b4dcf0, L_0000022fb4a54880, C4<>;
S_0000022fb4aec120 .scope module, "pcreg" "flopr" 10 61, 19 1 0, S_0000022fb49ab730;
 .timescale 0 0;
    .port_info 0 /INPUT 1 "clk";
    .port_info 1 /INPUT 1 "reset";
    .port_info 2 /INPUT 32 "d";
    .port_info 3 /OUTPUT 32 "q";
P_0000022fb4a6e780 .param/l "WIDTH" 0 19 7, +C4<00000000000000000000000000100000>;
v0000022fb4ae79f0_0 .net "clk", 0 0, v0000022fb4aef9c0_0;  alias, 1 drivers
v0000022fb4ae8f30_0 .net "d", 31 0, L_0000022fb4aee980;  alias, 1 drivers
v0000022fb4ae97f0_0 .var "q", 31 0;
v0000022fb4ae7630_0 .net "reset", 0 0, v0000022fb4aee840_0;  alias, 1 drivers
S_0000022fb4aebe00 .scope module, "ra1mux" "mux3" 10 82, 20 7 0, S_0000022fb49ab730;
 .timescale 0 0;
    .port_info 0 /INPUT 4 "d0";
    .port_info 1 /INPUT 4 "d1";
    .port_info 2 /INPUT 4 "d2";
    .port_info 3 /INPUT 2 "s";
    .port_info 4 /OUTPUT 4 "y";
P_0000022fb4a6df40 .param/l "WIDTH" 0 20 14, +C4<00000000000000000000000000000100>;
v0000022fb4ae82b0_0 .net *"_ivl_1", 0 0, L_0000022fb4aee3e0;  1 drivers
v0000022fb4ae7590_0 .net *"_ivl_3", 0 0, L_0000022fb4aefec0;  1 drivers
v0000022fb4ae8530_0 .net *"_ivl_4", 3 0, L_0000022fb4aeea20;  1 drivers
v0000022fb4ae96b0_0 .net "d0", 3 0, L_0000022fb4aeeb60;  1 drivers
L_0000022fb4af33e0 .functor BUFT 1, C4<1111>, C4<0>, C4<0>, C4<0>;
v0000022fb4ae7810_0 .net "d1", 3 0, L_0000022fb4af33e0;  1 drivers
v0000022fb4ae76d0_0 .net "d2", 3 0, L_0000022fb4aef240;  1 drivers
v0000022fb4ae9930_0 .net "s", 1 0, L_0000022fb4af0000;  1 drivers
v0000022fb4ae87b0_0 .net "y", 3 0, L_0000022fb4aeff60;  alias, 1 drivers
L_0000022fb4aee3e0 .part L_0000022fb4af0000, 1, 1;
L_0000022fb4aefec0 .part L_0000022fb4af0000, 0, 1;
L_0000022fb4aeea20 .functor MUXZ 4, L_0000022fb4aeeb60, L_0000022fb4af33e0, L_0000022fb4aefec0, C4<>;
L_0000022fb4aeff60 .functor MUXZ 4, L_0000022fb4aeea20, L_0000022fb4aef240, L_0000022fb4aee3e0, C4<>;
S_0000022fb4aeb630 .scope module, "ra2mux" "mux3" 10 91, 20 7 0, S_0000022fb49ab730;
 .timescale 0 0;
    .port_info 0 /INPUT 4 "d0";
    .port_info 1 /INPUT 4 "d1";
    .port_info 2 /INPUT 4 "d2";
    .port_info 3 /INPUT 2 "s";
    .port_info 4 /OUTPUT 4 "y";
P_0000022fb4a6e6c0 .param/l "WIDTH" 0 20 14, +C4<00000000000000000000000000000100>;
v0000022fb4ae99d0_0 .net *"_ivl_1", 0 0, L_0000022fb4af0140;  1 drivers
v0000022fb4ae9890_0 .net *"_ivl_3", 0 0, L_0000022fb4b4ee70;  1 drivers
v0000022fb4ae7f90_0 .net *"_ivl_4", 3 0, L_0000022fb4b4dc50;  1 drivers
v0000022fb4ae8350_0 .net "d0", 3 0, L_0000022fb4b4ef10;  1 drivers
v0000022fb4ae74f0_0 .net "d1", 3 0, L_0000022fb4b4efb0;  1 drivers
v0000022fb4ae73b0_0 .net "d2", 3 0, L_0000022fb4b4e470;  1 drivers
v0000022fb4ae8df0_0 .net "s", 1 0, L_0000022fb4b4f730;  1 drivers
v0000022fb4ae8670_0 .net "y", 3 0, L_0000022fb4b4e8d0;  alias, 1 drivers
L_0000022fb4af0140 .part L_0000022fb4b4f730, 1, 1;
L_0000022fb4b4ee70 .part L_0000022fb4b4f730, 0, 1;
L_0000022fb4b4dc50 .functor MUXZ 4, L_0000022fb4b4ef10, L_0000022fb4b4efb0, L_0000022fb4b4ee70, C4<>;
L_0000022fb4b4e8d0 .functor MUXZ 4, L_0000022fb4b4dc50, L_0000022fb4b4e470, L_0000022fb4af0140, C4<>;
S_0000022fb4aebf90 .scope module, "resmux" "mux2" 10 124, 18 1 0, S_0000022fb49ab730;
 .timescale 0 0;
    .port_info 0 /INPUT 32 "d0";
    .port_info 1 /INPUT 32 "d1";
    .port_info 2 /INPUT 1 "s";
    .port_info 3 /OUTPUT 32 "y";
P_0000022fb4a6e7c0 .param/l "WIDTH" 0 18 7, +C4<00000000000000000000000000100000>;
v0000022fb4ae8c10_0 .net "d0", 31 0, v0000022fb4aea330_0;  alias, 1 drivers
v0000022fb4ae9070_0 .net "d1", 31 0, L_0000022fb4b51d30;  alias, 1 drivers
v0000022fb4ae8b70_0 .net "s", 0 0, L_0000022fb4aee660;  alias, 1 drivers
v0000022fb4ae8850_0 .net "y", 31 0, L_0000022fb4b4dcf0;  alias, 1 drivers
L_0000022fb4b4dcf0 .functor MUXZ 32, v0000022fb4aea330_0, L_0000022fb4b51d30, L_0000022fb4aee660, C4<>;
S_0000022fb4aeb4a0 .scope module, "rf" "regfile" 10 108, 21 1 0, S_0000022fb49ab730;
 .timescale 0 0;
    .port_info 0 /INPUT 1 "clk";
    .port_info 1 /INPUT 1 "we3";
    .port_info 2 /INPUT 4 "ra1";
    .port_info 3 /INPUT 4 "ra2";
    .port_info 4 /INPUT 4 "wa3";
    .port_info 5 /INPUT 32 "wd3";
    .port_info 6 /INPUT 4 "wa4";
    .port_info 7 /INPUT 32 "wd4";
    .port_info 8 /INPUT 1 "we4";
    .port_info 9 /INPUT 32 "r15";
    .port_info 10 /OUTPUT 32 "rd1";
    .port_info 11 /OUTPUT 32 "rd2";
L_0000022fb4af3428 .functor BUFT 1, C4<1111>, C4<0>, C4<0>, C4<0>;
v0000022fb4ae7450_0 .net/2u *"_ivl_0", 3 0, L_0000022fb4af3428;  1 drivers
L_0000022fb4af34b8 .functor BUFT 1, C4<1111>, C4<0>, C4<0>, C4<0>;
v0000022fb4ae7a90_0 .net/2u *"_ivl_12", 3 0, L_0000022fb4af34b8;  1 drivers
v0000022fb4ae9a70_0 .net *"_ivl_14", 0 0, L_0000022fb4b4e150;  1 drivers
v0000022fb4ae7770_0 .net *"_ivl_16", 31 0, L_0000022fb4b4e3d0;  1 drivers
v0000022fb4ae88f0_0 .net *"_ivl_18", 5 0, L_0000022fb4b4e970;  1 drivers
v0000022fb4ae94d0_0 .net *"_ivl_2", 0 0, L_0000022fb4b4e010;  1 drivers
L_0000022fb4af3500 .functor BUFT 1, C4<00>, C4<0>, C4<0>, C4<0>;
v0000022fb4ae8e90_0 .net *"_ivl_21", 1 0, L_0000022fb4af3500;  1 drivers
v0000022fb4ae8fd0_0 .net *"_ivl_4", 31 0, L_0000022fb4b4e6f0;  1 drivers
v0000022fb4ae83f0_0 .net *"_ivl_6", 5 0, L_0000022fb4b4e0b0;  1 drivers
L_0000022fb4af3470 .functor BUFT 1, C4<00>, C4<0>, C4<0>, C4<0>;
v0000022fb4ae8a30_0 .net *"_ivl_9", 1 0, L_0000022fb4af3470;  1 drivers
v0000022fb4ae7310_0 .net "clk", 0 0, v0000022fb4aef9c0_0;  alias, 1 drivers
v0000022fb4ae78b0_0 .net "r15", 31 0, L_0000022fb4af06e0;  alias, 1 drivers
v0000022fb4ae8030_0 .net "ra1", 3 0, L_0000022fb4aeff60;  alias, 1 drivers
v0000022fb4ae8990_0 .net "ra2", 3 0, L_0000022fb4b4e8d0;  alias, 1 drivers
v0000022fb4ae80d0_0 .net "rd1", 31 0, L_0000022fb4b4f410;  alias, 1 drivers
v0000022fb4ae9110_0 .net "rd2", 31 0, L_0000022fb4b4ec90;  alias, 1 drivers
v0000022fb4ae7950 .array "rf", 0 14, 31 0;
v0000022fb4ae8ad0_0 .net "wa3", 3 0, L_0000022fb4b4d4d0;  alias, 1 drivers
v0000022fb4ae7b30_0 .net "wa4", 3 0, L_0000022fb4b4ea10;  1 drivers
v0000022fb4ae9250_0 .net "wd3", 31 0, L_0000022fb4b4dcf0;  alias, 1 drivers
v0000022fb4ae8cb0_0 .net "wd4", 31 0, v0000022fb4aeae70_0;  alias, 1 drivers
v0000022fb4ae8490_0 .net "we3", 0 0, L_0000022fb4a547a0;  alias, 1 drivers
v0000022fb4ae9390_0 .net "we4", 0 0, L_0000022fb4a54810;  1 drivers
E_0000022fb4a6eb40 .event posedge, v0000022fb4a7c2d0_0;
L_0000022fb4b4e010 .cmp/eq 4, L_0000022fb4aeff60, L_0000022fb4af3428;
L_0000022fb4b4e6f0 .array/port v0000022fb4ae7950, L_0000022fb4b4e0b0;
L_0000022fb4b4e0b0 .concat [ 4 2 0 0], L_0000022fb4aeff60, L_0000022fb4af3470;
L_0000022fb4b4f410 .functor MUXZ 32, L_0000022fb4b4e6f0, L_0000022fb4af06e0, L_0000022fb4b4e010, C4<>;
L_0000022fb4b4e150 .cmp/eq 4, L_0000022fb4b4e8d0, L_0000022fb4af34b8;
L_0000022fb4b4e3d0 .array/port v0000022fb4ae7950, L_0000022fb4b4e970;
L_0000022fb4b4e970 .concat [ 4 2 0 0], L_0000022fb4b4e8d0, L_0000022fb4af3500;
L_0000022fb4b4ec90 .functor MUXZ 32, L_0000022fb4b4e3d0, L_0000022fb4af06e0, L_0000022fb4b4e150, C4<>;
S_0000022fb4aeb310 .scope module, "srcbmux" "mux2" 10 137, 18 1 0, S_0000022fb49ab730;
 .timescale 0 0;
    .port_info 0 /INPUT 32 "d0";
    .port_info 1 /INPUT 32 "d1";
    .port_info 2 /INPUT 1 "s";
    .port_info 3 /OUTPUT 32 "y";
P_0000022fb4a6e800 .param/l "WIDTH" 0 18 7, +C4<00000000000000000000000000100000>;
v0000022fb4ae91b0_0 .net "d0", 31 0, L_0000022fb4b4ec90;  alias, 1 drivers
v0000022fb4ae8d50_0 .net "d1", 31 0, v0000022fb4ae9f70_0;  alias, 1 drivers
v0000022fb4ae92f0_0 .net "s", 0 0, L_0000022fb4aee340;  alias, 1 drivers
v0000022fb4ae9430_0 .net "y", 31 0, L_0000022fb4b4dd90;  alias, 1 drivers
L_0000022fb4b4dd90 .functor MUXZ 32, L_0000022fb4b4ec90, v0000022fb4ae9f70_0, L_0000022fb4aee340, C4<>;
S_0000022fb4aed130 .scope module, "wa3mux" "mux2" 10 100, 18 1 0, S_0000022fb49ab730;
 .timescale 0 0;
    .port_info 0 /INPUT 4 "d0";
    .port_info 1 /INPUT 4 "d1";
    .port_info 2 /INPUT 1 "s";
    .port_info 3 /OUTPUT 4 "y";
P_0000022fb4a6e840 .param/l "WIDTH" 0 18 7, +C4<00000000000000000000000000000100>;
v0000022fb4ae7bd0_0 .net "d0", 3 0, L_0000022fb4b4e330;  1 drivers
v0000022fb4ae9750_0 .net "d1", 3 0, L_0000022fb4b4d570;  1 drivers
v0000022fb4ae8170_0 .net "s", 0 0, v0000022fb4ad73e0_0;  alias, 1 drivers
v0000022fb4ae9570_0 .net "y", 3 0, L_0000022fb4b4d4d0;  alias, 1 drivers
L_0000022fb4b4d4d0 .functor MUXZ 4, L_0000022fb4b4e330, L_0000022fb4b4d570, v0000022fb4ad73e0_0, C4<>;
S_0000022fb4aed770 .scope module, "dmem" "dmem" 3 30, 22 1 0, S_0000022fb49d3660;
 .timescale 0 0;
    .port_info 0 /INPUT 1 "clk";
    .port_info 1 /INPUT 1 "we";
    .port_info 2 /INPUT 32 "a";
    .port_info 3 /INPUT 32 "wd";
    .port_info 4 /OUTPUT 32 "rd";
L_0000022fb4b51d30 .functor BUFZ 32, L_0000022fb4b57a00, C4<00000000000000000000000000000000>, C4<00000000000000000000000000000000>, C4<00000000000000000000000000000000>;
v0000022fb4aefe20 .array "RAM", 0 511, 31 0;
v0000022fb4aef6a0_0 .net *"_ivl_0", 31 0, L_0000022fb4b57a00;  1 drivers
v0000022fb4aeefc0_0 .net *"_ivl_3", 29 0, L_0000022fb4b58d60;  1 drivers
v0000022fb4aef420_0 .net "a", 31 0, v0000022fb4aea330_0;  alias, 1 drivers
v0000022fb4aef7e0_0 .net "clk", 0 0, v0000022fb4aef9c0_0;  alias, 1 drivers
v0000022fb4aeeca0_0 .net "rd", 31 0, L_0000022fb4b51d30;  alias, 1 drivers
v0000022fb4af08c0_0 .net "wd", 31 0, L_0000022fb4b4ec90;  alias, 1 drivers
v0000022fb4aef560_0 .net "we", 0 0, L_0000022fb4a54650;  alias, 1 drivers
L_0000022fb4b57a00 .array/port v0000022fb4aefe20, L_0000022fb4b58d60;
L_0000022fb4b58d60 .part v0000022fb4aea330_0, 2, 30;
S_0000022fb4aed450 .scope module, "imem" "imem" 3 26, 23 1 0, S_0000022fb49d3660;
 .timescale 0 0;
    .port_info 0 /INPUT 32 "a";
    .port_info 1 /OUTPUT 32 "rd";
L_0000022fb4b52890 .functor BUFZ 32, L_0000022fb4b573c0, C4<00000000000000000000000000000000>, C4<00000000000000000000000000000000>, C4<00000000000000000000000000000000>;
v0000022fb4af05a0 .array "RAM", 0 63, 31 0;
v0000022fb4af01e0_0 .net *"_ivl_0", 31 0, L_0000022fb4b573c0;  1 drivers
v0000022fb4af00a0_0 .net *"_ivl_3", 29 0, L_0000022fb4b57460;  1 drivers
v0000022fb4aef740_0 .net "a", 31 0, v0000022fb4ae97f0_0;  alias, 1 drivers
v0000022fb4aeed40_0 .net "rd", 31 0, L_0000022fb4b52890;  alias, 1 drivers
L_0000022fb4b573c0 .array/port v0000022fb4af05a0, L_0000022fb4b57460;
L_0000022fb4b57460 .part v0000022fb4ae97f0_0, 2, 30;
    .scope S_0000022fb49cce70;
T_0 ;
    %wait E_0000022fb4a6cf00;
    %load/vec4 v0000022fb4ad7340_0;
    %dup/vec4;
    %pushi/vec4 0, 0, 2;
    %cmp/x;
    %jmp/1 T_0.0, 4;
    %dup/vec4;
    %pushi/vec4 1, 0, 2;
    %cmp/x;
    %jmp/1 T_0.1, 4;
    %dup/vec4;
    %pushi/vec4 2, 0, 2;
    %cmp/x;
    %jmp/1 T_0.2, 4;
    %pushi/vec4 1023, 1023, 10;
    %store/vec4 v0000022fb4ad7de0_0, 0, 10;
    %jmp T_0.4;
T_0.0 ;
    %load/vec4 v0000022fb4ad8920_0;
    %parti/s 1, 5, 4;
    %flag_set/vec4 8;
    %jmp/0xz  T_0.5, 8;
    %pushi/vec4 41, 0, 10;
    %store/vec4 v0000022fb4ad7de0_0, 0, 10;
    %jmp T_0.6;
T_0.5 ;
    %pushi/vec4 9, 0, 10;
    %store/vec4 v0000022fb4ad7de0_0, 0, 10;
T_0.6 ;
    %jmp T_0.4;
T_0.1 ;
    %load/vec4 v0000022fb4ad8920_0;
    %parti/s 1, 0, 2;
    %flag_set/vec4 8;
    %jmp/0xz  T_0.7, 8;
    %pushi/vec4 120, 0, 10;
    %store/vec4 v0000022fb4ad7de0_0, 0, 10;
    %jmp T_0.8;
T_0.7 ;
    %pushi/vec4 628, 0, 10;
    %store/vec4 v0000022fb4ad7de0_0, 0, 10;
T_0.8 ;
    %jmp T_0.4;
T_0.2 ;
    %pushi/vec4 418, 0, 10;
    %store/vec4 v0000022fb4ad7de0_0, 0, 10;
    %jmp T_0.4;
T_0.4 ;
    %pop/vec4 1;
    %jmp T_0;
    .thread T_0, $push;
    .scope S_0000022fb49cce70;
T_1 ;
    %wait E_0000022fb4a6cd80;
    %load/vec4 v0000022fb4ad75c0_0;
    %flag_set/vec4 8;
    %jmp/0xz  T_1.0, 8;
    %load/vec4 v0000022fb4ad7ac0_0;
    %parti/s 4, 4, 4;
    %dup/vec4;
    %pushi/vec4 9, 0, 4;
    %cmp/u;
    %jmp/1 T_1.2, 6;
    %pushi/vec4 0, 0, 1;
    %store/vec4 v0000022fb4ad73e0_0, 0, 1;
    %pushi/vec4 0, 0, 1;
    %store/vec4 v0000022fb4ad7660_0, 0, 1;
    %load/vec4 v0000022fb4ad8920_0;
    %parti/s 4, 1, 2;
    %dup/vec4;
    %pushi/vec4 4, 0, 4;
    %cmp/u;
    %jmp/1 T_1.5, 6;
    %dup/vec4;
    %pushi/vec4 2, 0, 4;
    %cmp/u;
    %jmp/1 T_1.6, 6;
    %dup/vec4;
    %pushi/vec4 0, 0, 4;
    %cmp/u;
    %jmp/1 T_1.7, 6;
    %dup/vec4;
    %pushi/vec4 12, 0, 4;
    %cmp/u;
    %jmp/1 T_1.8, 6;
    %dup/vec4;
    %pushi/vec4 10, 0, 4;
    %cmp/u;
    %jmp/1 T_1.9, 6;
    %dup/vec4;
    %pushi/vec4 11, 0, 4;
    %cmp/u;
    %jmp/1 T_1.10, 6;
    %pushi/vec4 15, 15, 4;
    %store/vec4 v0000022fb4ad8ce0_0, 0, 4;
    %jmp T_1.12;
T_1.5 ;
    %pushi/vec4 0, 0, 4;
    %store/vec4 v0000022fb4ad8ce0_0, 0, 4;
    %jmp T_1.12;
T_1.6 ;
    %pushi/vec4 1, 0, 4;
    %store/vec4 v0000022fb4ad8ce0_0, 0, 4;
    %jmp T_1.12;
T_1.7 ;
    %pushi/vec4 2, 0, 4;
    %store/vec4 v0000022fb4ad8ce0_0, 0, 4;
    %jmp T_1.12;
T_1.8 ;
    %pushi/vec4 3, 0, 4;
    %store/vec4 v0000022fb4ad8ce0_0, 0, 4;
    %jmp T_1.12;
T_1.9 ;
    %pushi/vec4 10, 0, 4;
    %store/vec4 v0000022fb4ad8ce0_0, 0, 4;
    %jmp T_1.12;
T_1.10 ;
    %pushi/vec4 8, 0, 4;
    %store/vec4 v0000022fb4ad8ce0_0, 0, 4;
    %jmp T_1.12;
T_1.12 ;
    %pop/vec4 1;
    %jmp T_1.4;
T_1.2 ;
    %pushi/vec4 1, 0, 1;
    %store/vec4 v0000022fb4ad73e0_0, 0, 1;
    %load/vec4 v0000022fb4ad8920_0;
    %parti/s 3, 1, 2;
    %dup/vec4;
    %pushi/vec4 0, 0, 3;
    %cmp/u;
    %jmp/1 T_1.13, 6;
    %dup/vec4;
    %pushi/vec4 4, 0, 3;
    %cmp/u;
    %jmp/1 T_1.14, 6;
    %dup/vec4;
    %pushi/vec4 6, 0, 3;
    %cmp/u;
    %jmp/1 T_1.15, 6;
    %dup/vec4;
    %pushi/vec4 5, 0, 3;
    %cmp/u;
    %jmp/1 T_1.16, 6;
    %dup/vec4;
    %pushi/vec4 7, 0, 3;
    %cmp/u;
    %jmp/1 T_1.17, 6;
    %pushi/vec4 15, 15, 4;
    %store/vec4 v0000022fb4ad8ce0_0, 0, 4;
    %pushi/vec4 0, 0, 1;
    %store/vec4 v0000022fb4ad7660_0, 0, 1;
    %jmp T_1.19;
T_1.13 ;
    %pushi/vec4 4, 0, 4;
    %store/vec4 v0000022fb4ad8ce0_0, 0, 4;
    %pushi/vec4 0, 0, 1;
    %store/vec4 v0000022fb4ad7660_0, 0, 1;
    %jmp T_1.19;
T_1.14 ;
    %pushi/vec4 5, 0, 4;
    %store/vec4 v0000022fb4ad8ce0_0, 0, 4;
    %pushi/vec4 1, 0, 1;
    %store/vec4 v0000022fb4ad7660_0, 0, 1;
    %jmp T_1.19;
T_1.15 ;
    %pushi/vec4 7, 0, 4;
    %store/vec4 v0000022fb4ad8ce0_0, 0, 4;
    %pushi/vec4 1, 0, 1;
    %store/vec4 v0000022fb4ad7660_0, 0, 1;
    %jmp T_1.19;
T_1.16 ;
    %pushi/vec4 11, 0, 4;
    %store/vec4 v0000022fb4ad8ce0_0, 0, 4;
    %pushi/vec4 0, 0, 1;
    %store/vec4 v0000022fb4ad7660_0, 0, 1;
    %jmp T_1.19;
T_1.17 ;
    %pushi/vec4 9, 0, 4;
    %store/vec4 v0000022fb4ad8ce0_0, 0, 4;
    %pushi/vec4 0, 0, 1;
    %store/vec4 v0000022fb4ad7660_0, 0, 1;
    %jmp T_1.19;
T_1.19 ;
    %pop/vec4 1;
    %jmp T_1.4;
T_1.4 ;
    %pop/vec4 1;
    %load/vec4 v0000022fb4ad8920_0;
    %parti/s 1, 0, 2;
    %ix/load 4, 1, 0;
    %flag_set/imm 4, 0;
    %store/vec4 v0000022fb4ad9140_0, 4, 1;
    %load/vec4 v0000022fb4ad8920_0;
    %parti/s 1, 0, 2;
    %load/vec4 v0000022fb4ad8ce0_0;
    %pushi/vec4 0, 0, 4;
    %cmp/e;
    %flag_get/vec4 4;
    %load/vec4 v0000022fb4ad8ce0_0;
    %pushi/vec4 1, 0, 4;
    %cmp/e;
    %flag_get/vec4 4;
    %or;
    %load/vec4 v0000022fb4ad8ce0_0;
    %pushi/vec4 8, 0, 4;
    %cmp/e;
    %flag_get/vec4 4;
    %or;
    %load/vec4 v0000022fb4ad8ce0_0;
    %pushi/vec4 10, 0, 4;
    %cmp/e;
    %flag_get/vec4 4;
    %or;
    %and;
    %ix/load 4, 0, 0;
    %flag_set/imm 4, 0;
    %store/vec4 v0000022fb4ad9140_0, 4, 1;
    %jmp T_1.1;
T_1.0 ;
    %pushi/vec4 0, 0, 4;
    %store/vec4 v0000022fb4ad8ce0_0, 0, 4;
    %pushi/vec4 0, 0, 2;
    %store/vec4 v0000022fb4ad9140_0, 0, 2;
T_1.1 ;
    %jmp T_1;
    .thread T_1, $push;
    .scope S_0000022fb49ccce0;
T_2 ;
    %wait E_0000022fb4a6d740;
    %load/vec4 v0000022fb4a7d590_0;
    %flag_set/vec4 8;
    %jmp/0xz  T_2.0, 8;
    %pushi/vec4 0, 0, 2;
    %assign/vec4 v0000022fb4a7c550_0, 0;
    %jmp T_2.1;
T_2.0 ;
    %load/vec4 v0000022fb4a7cff0_0;
    %flag_set/vec4 8;
    %jmp/0xz  T_2.2, 8;
    %load/vec4 v0000022fb4a7c730_0;
    %assign/vec4 v0000022fb4a7c550_0, 0;
T_2.2 ;
T_2.1 ;
    %jmp T_2;
    .thread T_2;
    .scope S_0000022fb49ccb50;
T_3 ;
    %wait E_0000022fb4a6d740;
    %load/vec4 v0000022fb4a7ceb0_0;
    %flag_set/vec4 8;
    %jmp/0xz  T_3.0, 8;
    %pushi/vec4 0, 0, 2;
    %assign/vec4 v0000022fb4a7ccd0_0, 0;
    %jmp T_3.1;
T_3.0 ;
    %load/vec4 v0000022fb4a7c7d0_0;
    %flag_set/vec4 8;
    %jmp/0xz  T_3.2, 8;
    %load/vec4 v0000022fb4a7ca50_0;
    %assign/vec4 v0000022fb4a7ccd0_0, 0;
T_3.2 ;
T_3.1 ;
    %jmp T_3;
    .thread T_3;
    .scope S_0000022fb49d32a0;
T_4 ;
    %wait E_0000022fb4a6d480;
    %load/vec4 v0000022fb4a7cd70_0;
    %dup/vec4;
    %pushi/vec4 0, 0, 4;
    %cmp/u;
    %jmp/1 T_4.0, 6;
    %dup/vec4;
    %pushi/vec4 1, 0, 4;
    %cmp/u;
    %jmp/1 T_4.1, 6;
    %dup/vec4;
    %pushi/vec4 2, 0, 4;
    %cmp/u;
    %jmp/1 T_4.2, 6;
    %dup/vec4;
    %pushi/vec4 3, 0, 4;
    %cmp/u;
    %jmp/1 T_4.3, 6;
    %dup/vec4;
    %pushi/vec4 4, 0, 4;
    %cmp/u;
    %jmp/1 T_4.4, 6;
    %dup/vec4;
    %pushi/vec4 5, 0, 4;
    %cmp/u;
    %jmp/1 T_4.5, 6;
    %dup/vec4;
    %pushi/vec4 6, 0, 4;
    %cmp/u;
    %jmp/1 T_4.6, 6;
    %dup/vec4;
    %pushi/vec4 7, 0, 4;
    %cmp/u;
    %jmp/1 T_4.7, 6;
    %dup/vec4;
    %pushi/vec4 8, 0, 4;
    %cmp/u;
    %jmp/1 T_4.8, 6;
    %dup/vec4;
    %pushi/vec4 9, 0, 4;
    %cmp/u;
    %jmp/1 T_4.9, 6;
    %dup/vec4;
    %pushi/vec4 10, 0, 4;
    %cmp/u;
    %jmp/1 T_4.10, 6;
    %dup/vec4;
    %pushi/vec4 11, 0, 4;
    %cmp/u;
    %jmp/1 T_4.11, 6;
    %dup/vec4;
    %pushi/vec4 12, 0, 4;
    %cmp/u;
    %jmp/1 T_4.12, 6;
    %dup/vec4;
    %pushi/vec4 13, 0, 4;
    %cmp/u;
    %jmp/1 T_4.13, 6;
    %dup/vec4;
    %pushi/vec4 14, 0, 4;
    %cmp/u;
    %jmp/1 T_4.14, 6;
    %pushi/vec4 1, 1, 1;
    %store/vec4 v0000022fb4a7c9b0_0, 0, 1;
    %jmp T_4.16;
T_4.0 ;
    %load/vec4 v0000022fb4a7d130_0;
    %store/vec4 v0000022fb4a7c9b0_0, 0, 1;
    %jmp T_4.16;
T_4.1 ;
    %load/vec4 v0000022fb4a7d130_0;
    %inv;
    %store/vec4 v0000022fb4a7c9b0_0, 0, 1;
    %jmp T_4.16;
T_4.2 ;
    %load/vec4 v0000022fb4a7c4b0_0;
    %store/vec4 v0000022fb4a7c9b0_0, 0, 1;
    %jmp T_4.16;
T_4.3 ;
    %load/vec4 v0000022fb4a7c4b0_0;
    %inv;
    %store/vec4 v0000022fb4a7c9b0_0, 0, 1;
    %jmp T_4.16;
T_4.4 ;
    %load/vec4 v0000022fb4a7c0f0_0;
    %store/vec4 v0000022fb4a7c9b0_0, 0, 1;
    %jmp T_4.16;
T_4.5 ;
    %load/vec4 v0000022fb4a7c0f0_0;
    %inv;
    %store/vec4 v0000022fb4a7c9b0_0, 0, 1;
    %jmp T_4.16;
T_4.6 ;
    %load/vec4 v0000022fb4a7c190_0;
    %store/vec4 v0000022fb4a7c9b0_0, 0, 1;
    %jmp T_4.16;
T_4.7 ;
    %load/vec4 v0000022fb4a7c190_0;
    %inv;
    %store/vec4 v0000022fb4a7c9b0_0, 0, 1;
    %jmp T_4.16;
T_4.8 ;
    %load/vec4 v0000022fb4a7c4b0_0;
    %load/vec4 v0000022fb4a7d130_0;
    %inv;
    %and;
    %store/vec4 v0000022fb4a7c9b0_0, 0, 1;
    %jmp T_4.16;
T_4.9 ;
    %load/vec4 v0000022fb4a7c4b0_0;
    %load/vec4 v0000022fb4a7d130_0;
    %inv;
    %and;
    %inv;
    %store/vec4 v0000022fb4a7c9b0_0, 0, 1;
    %jmp T_4.16;
T_4.10 ;
    %load/vec4 v0000022fb4a7c690_0;
    %store/vec4 v0000022fb4a7c9b0_0, 0, 1;
    %jmp T_4.16;
T_4.11 ;
    %load/vec4 v0000022fb4a7c690_0;
    %inv;
    %store/vec4 v0000022fb4a7c9b0_0, 0, 1;
    %jmp T_4.16;
T_4.12 ;
    %load/vec4 v0000022fb4a7d130_0;
    %inv;
    %load/vec4 v0000022fb4a7c690_0;
    %and;
    %store/vec4 v0000022fb4a7c9b0_0, 0, 1;
    %jmp T_4.16;
T_4.13 ;
    %load/vec4 v0000022fb4a7d130_0;
    %inv;
    %load/vec4 v0000022fb4a7c690_0;
    %and;
    %inv;
    %store/vec4 v0000022fb4a7c9b0_0, 0, 1;
    %jmp T_4.16;
T_4.14 ;
    %pushi/vec4 1, 0, 1;
    %store/vec4 v0000022fb4a7c9b0_0, 0, 1;
    %jmp T_4.16;
T_4.16 ;
    %pop/vec4 1;
    %jmp T_4;
    .thread T_4, $push;
    .scope S_0000022fb4aec120;
T_5 ;
    %wait E_0000022fb4a6d740;
    %load/vec4 v0000022fb4ae7630_0;
    %flag_set/vec4 8;
    %jmp/0xz  T_5.0, 8;
    %pushi/vec4 0, 0, 32;
    %assign/vec4 v0000022fb4ae97f0_0, 0;
    %jmp T_5.1;
T_5.0 ;
    %load/vec4 v0000022fb4ae8f30_0;
    %assign/vec4 v0000022fb4ae97f0_0, 0;
T_5.1 ;
    %jmp T_5;
    .thread T_5;
    .scope S_0000022fb4aeb4a0;
T_6 ;
    %wait E_0000022fb4a6eb40;
    %load/vec4 v0000022fb4ae8490_0;
    %load/vec4 v0000022fb4ae9390_0;
    %and;
    %flag_set/vec4 8;
    %jmp/0xz  T_6.0, 8;
    %load/vec4 v0000022fb4ae9250_0;
    %load/vec4 v0000022fb4ae8ad0_0;
    %pad/u 6;
    %ix/vec4 3;
    %ix/load 4, 0, 0; Constant delay
    %assign/vec4/a/d v0000022fb4ae7950, 0, 4;
    %load/vec4 v0000022fb4ae8cb0_0;
    %load/vec4 v0000022fb4ae7b30_0;
    %pad/u 6;
    %ix/vec4 3;
    %ix/load 4, 0, 0; Constant delay
    %assign/vec4/a/d v0000022fb4ae7950, 0, 4;
    %jmp T_6.1;
T_6.0 ;
    %load/vec4 v0000022fb4ae8490_0;
    %flag_set/vec4 8;
    %jmp/0xz  T_6.2, 8;
    %load/vec4 v0000022fb4ae9250_0;
    %load/vec4 v0000022fb4ae8ad0_0;
    %pad/u 6;
    %ix/vec4 3;
    %ix/load 4, 0, 0; Constant delay
    %assign/vec4/a/d v0000022fb4ae7950, 0, 4;
    %jmp T_6.3;
T_6.2 ;
    %load/vec4 v0000022fb4ae9390_0;
    %flag_set/vec4 8;
    %jmp/0xz  T_6.4, 8;
    %load/vec4 v0000022fb4ae8cb0_0;
    %load/vec4 v0000022fb4ae7b30_0;
    %pad/u 6;
    %ix/vec4 3;
    %ix/load 4, 0, 0; Constant delay
    %assign/vec4/a/d v0000022fb4ae7950, 0, 4;
T_6.4 ;
T_6.3 ;
T_6.1 ;
    %jmp T_6;
    .thread T_6;
    .scope S_0000022fb4aeb7c0;
T_7 ;
    %wait E_0000022fb4a6d9c0;
    %load/vec4 v0000022fb4aea3d0_0;
    %dup/vec4;
    %pushi/vec4 0, 0, 2;
    %cmp/u;
    %jmp/1 T_7.0, 6;
    %dup/vec4;
    %pushi/vec4 1, 0, 2;
    %cmp/u;
    %jmp/1 T_7.1, 6;
    %dup/vec4;
    %pushi/vec4 2, 0, 2;
    %cmp/u;
    %jmp/1 T_7.2, 6;
    %pushi/vec4 4294967295, 4294967295, 32;
    %store/vec4 v0000022fb4ae9f70_0, 0, 32;
    %jmp T_7.4;
T_7.0 ;
    %pushi/vec4 0, 0, 24;
    %load/vec4 v0000022fb4aeac90_0;
    %parti/s 8, 0, 2;
    %concat/vec4; draw_concat_vec4
    %store/vec4 v0000022fb4ae9f70_0, 0, 32;
    %jmp T_7.4;
T_7.1 ;
    %pushi/vec4 0, 0, 20;
    %load/vec4 v0000022fb4aeac90_0;
    %parti/s 12, 0, 2;
    %concat/vec4; draw_concat_vec4
    %store/vec4 v0000022fb4ae9f70_0, 0, 32;
    %jmp T_7.4;
T_7.2 ;
    %load/vec4 v0000022fb4aeac90_0;
    %parti/s 1, 23, 6;
    %replicate 6;
    %load/vec4 v0000022fb4aeac90_0;
    %concat/vec4; draw_concat_vec4
    %concati/vec4 0, 0, 2;
    %store/vec4 v0000022fb4ae9f70_0, 0, 32;
    %jmp T_7.4;
T_7.4 ;
    %pop/vec4 1;
    %jmp T_7;
    .thread T_7, $push;
    .scope S_0000022fb49a7420;
T_8 ;
    %wait E_0000022fb4a6d040;
    %load/vec4 v0000022fb4ad86a0_0;
    %dup/vec4;
    %pushi/vec4 0, 1, 3;
    %cmp/x;
    %jmp/1 T_8.0, 4;
    %dup/vec4;
    %pushi/vec4 2, 0, 3;
    %cmp/x;
    %jmp/1 T_8.1, 4;
    %dup/vec4;
    %pushi/vec4 3, 0, 3;
    %cmp/x;
    %jmp/1 T_8.2, 4;
    %dup/vec4;
    %pushi/vec4 4, 3, 3;
    %cmp/x;
    %jmp/1 T_8.3, 4;
    %jmp T_8.4;
T_8.0 ;
    %load/vec4 v0000022fb4adebc0_0;
    %pad/u 32;
    %store/vec4 v0000022fb4ad89c0_0, 0, 32;
    %jmp T_8.4;
T_8.1 ;
    %load/vec4 v0000022fb4ade300_0;
    %load/vec4 v0000022fb4add5e0_0;
    %and;
    %store/vec4 v0000022fb4ad89c0_0, 0, 32;
    %jmp T_8.4;
T_8.2 ;
    %load/vec4 v0000022fb4ade300_0;
    %load/vec4 v0000022fb4add5e0_0;
    %or;
    %store/vec4 v0000022fb4ad89c0_0, 0, 32;
    %jmp T_8.4;
T_8.3 ;
    %load/vec4 v0000022fb4ade940_0;
    %parti/s 32, 0, 2;
    %store/vec4 v0000022fb4ad89c0_0, 0, 32;
    %jmp T_8.4;
T_8.4 ;
    %pop/vec4 1;
    %jmp T_8;
    .thread T_8, $push;
    .scope S_0000022fb49a7420;
T_9 ;
    %wait E_0000022fb4a6cfc0;
    %load/vec4 v0000022fb4ad86a0_0;
    %dup/vec4;
    %pushi/vec4 5, 2, 3;
    %cmp/x;
    %jmp/1 T_9.0, 4;
    %load/vec4 v0000022fb4ad89c0_0;
    %pushi/vec4 0, 0, 32;
    %cmp/e;
    %flag_get/vec4 4;
    %store/vec4 v0000022fb4aded00_0, 0, 1;
    %jmp T_9.2;
T_9.0 ;
    %load/vec4 v0000022fb4ad89c0_0;
    %pushi/vec4 0, 0, 32;
    %cmp/e;
    %flag_get/vec4 4;
    %load/vec4 v0000022fb4ad8880_0;
    %pushi/vec4 0, 0, 32;
    %cmp/e;
    %flag_get/vec4 4;
    %and;
    %store/vec4 v0000022fb4aded00_0, 0, 1;
    %jmp T_9.2;
T_9.2 ;
    %pop/vec4 1;
    %jmp T_9;
    .thread T_9, $push;
    .scope S_0000022fb49a7420;
T_10 ;
    %wait E_0000022fb4a6cdc0;
    %load/vec4 v0000022fb4ad86a0_0;
    %dup/vec4;
    %pushi/vec4 4, 1, 3;
    %cmp/x;
    %jmp/1 T_10.0, 4;
    %dup/vec4;
    %pushi/vec4 7, 0, 3;
    %cmp/x;
    %jmp/1 T_10.1, 4;
    %load/vec4 v0000022fb4ad89c0_0;
    %parti/s 1, 31, 6;
    %store/vec4 v0000022fb4adda40_0, 0, 1;
    %jmp T_10.3;
T_10.0 ;
    %pushi/vec4 0, 0, 1;
    %store/vec4 v0000022fb4adda40_0, 0, 1;
    %jmp T_10.3;
T_10.1 ;
    %load/vec4 v0000022fb4ad8880_0;
    %parti/s 1, 31, 6;
    %store/vec4 v0000022fb4adda40_0, 0, 1;
    %jmp T_10.3;
T_10.3 ;
    %pop/vec4 1;
    %jmp T_10;
    .thread T_10, $push;
    .scope S_0000022fb4994b00;
T_11 ;
    %wait E_0000022fb4a6d380;
    %load/vec4 v0000022fb4ae3410_0;
    %load/vec4 v0000022fb4ae1b10_0;
    %cmp/u;
    %jmp/0xz  T_11.0, 5;
    %load/vec4 v0000022fb4ae1b10_0;
    %store/vec4 v0000022fb4ae3870_0, 0, 8;
    %load/vec4 v0000022fb4ae1b10_0;
    %load/vec4 v0000022fb4ae3410_0;
    %sub;
    %store/vec4 v0000022fb4ae25b0_0, 0, 8;
    %load/vec4 v0000022fb4ae3910_0;
    %store/vec4 v0000022fb4ae2fb0_0, 0, 24;
    %load/vec4 v0000022fb4ae26f0_0;
    %ix/getv 4, v0000022fb4ae25b0_0;
    %shiftr 4;
    %store/vec4 v0000022fb4ae34b0_0, 0, 24;
    %jmp T_11.1;
T_11.0 ;
    %load/vec4 v0000022fb4ae3410_0;
    %store/vec4 v0000022fb4ae3870_0, 0, 8;
    %load/vec4 v0000022fb4ae3410_0;
    %load/vec4 v0000022fb4ae1b10_0;
    %sub;
    %store/vec4 v0000022fb4ae25b0_0, 0, 8;
    %load/vec4 v0000022fb4ae3910_0;
    %ix/getv 4, v0000022fb4ae25b0_0;
    %shiftr 4;
    %store/vec4 v0000022fb4ae2fb0_0, 0, 24;
    %load/vec4 v0000022fb4ae26f0_0;
    %store/vec4 v0000022fb4ae34b0_0, 0, 24;
T_11.1 ;
    %jmp T_11;
    .thread T_11, $push;
    .scope S_0000022fb4994b00;
T_12 ;
    %wait E_0000022fb4a6d940;
    %load/vec4 v0000022fb4ae2ab0_0;
    %load/vec4 v0000022fb4ae39b0_0;
    %xor;
    %flag_set/vec4 8;
    %jmp/0xz  T_12.0, 8;
    %load/vec4 v0000022fb4ae2fb0_0;
    %load/vec4 v0000022fb4ae34b0_0;
    %cmp/u;
    %jmp/0xz  T_12.2, 5;
    %load/vec4 v0000022fb4ae39b0_0;
    %store/vec4 v0000022fb4ae1930_0, 0, 1;
    %load/vec4 v0000022fb4ae34b0_0;
    %pad/u 25;
    %load/vec4 v0000022fb4ae2fb0_0;
    %pad/u 25;
    %sub;
    %store/vec4 v0000022fb4ae17f0_0, 0, 25;
    %jmp T_12.3;
T_12.2 ;
    %load/vec4 v0000022fb4ae2ab0_0;
    %store/vec4 v0000022fb4ae1930_0, 0, 1;
    %load/vec4 v0000022fb4ae2fb0_0;
    %pad/u 25;
    %load/vec4 v0000022fb4ae34b0_0;
    %pad/u 25;
    %sub;
    %store/vec4 v0000022fb4ae17f0_0, 0, 25;
T_12.3 ;
    %jmp T_12.1;
T_12.0 ;
    %load/vec4 v0000022fb4ae2fb0_0;
    %pad/u 25;
    %load/vec4 v0000022fb4ae34b0_0;
    %pad/u 25;
    %add;
    %store/vec4 v0000022fb4ae17f0_0, 0, 25;
    %load/vec4 v0000022fb4ae2ab0_0;
    %store/vec4 v0000022fb4ae1930_0, 0, 1;
T_12.1 ;
    %jmp T_12;
    .thread T_12, $push;
    .scope S_0000022fb4994b00;
T_13 ;
    %wait E_0000022fb4a6da40;
    %load/vec4 v0000022fb4ae17f0_0;
    %parti/s 1, 24, 6;
    %cmpi/e 1, 0, 1;
    %jmp/0xz  T_13.0, 4;
    %pushi/vec4 1, 0, 1;
    %store/vec4 v0000022fb4ae14d0_0, 0, 1;
    %load/vec4 v0000022fb4ae17f0_0;
    %parti/s 23, 1, 2;
    %store/vec4 v0000022fb4ae3370_0, 0, 23;
    %load/vec4 v0000022fb4ae3870_0;
    %pad/u 9;
    %addi 1, 0, 9;
    %store/vec4 v0000022fb4ae2e70_0, 0, 9;
    %jmp T_13.1;
T_13.0 ;
    %pushi/vec4 0, 0, 1;
    %store/vec4 v0000022fb4ae14d0_0, 0, 1;
    %load/vec4 v0000022fb4ae17f0_0;
    %parti/s 23, 0, 2;
    %store/vec4 v0000022fb4ae3370_0, 0, 23;
    %load/vec4 v0000022fb4ae3870_0;
    %pad/u 9;
    %store/vec4 v0000022fb4ae2e70_0, 0, 9;
T_13.1 ;
    %jmp T_13;
    .thread T_13, $push;
    .scope S_0000022fb4994b00;
T_14 ;
    %wait E_0000022fb4a6d5c0;
    %load/vec4 v0000022fb4ae2e70_0;
    %parti/s 1, 8, 5;
    %cmpi/e 1, 0, 1;
    %flag_mov 8, 4;
    %load/vec4 v0000022fb4ae2e70_0;
    %parti/s 8, 0, 2;
    %cmpi/e 255, 0, 8;
    %flag_or 4, 8;
    %jmp/0xz  T_14.0, 4;
    %pushi/vec4 1, 0, 1;
    %store/vec4 v0000022fb4ae21f0_0, 0, 1;
    %pushi/vec4 255, 0, 8;
    %store/vec4 v0000022fb4ae1890_0, 0, 8;
    %pushi/vec4 0, 0, 23;
    %store/vec4 v0000022fb4ae30f0_0, 0, 23;
    %jmp T_14.1;
T_14.0 ;
    %pushi/vec4 0, 0, 1;
    %store/vec4 v0000022fb4ae21f0_0, 0, 1;
    %load/vec4 v0000022fb4ae2e70_0;
    %parti/s 8, 0, 2;
    %store/vec4 v0000022fb4ae1890_0, 0, 8;
    %load/vec4 v0000022fb4ae3370_0;
    %store/vec4 v0000022fb4ae30f0_0, 0, 23;
T_14.1 ;
    %jmp T_14;
    .thread T_14, $push;
    .scope S_0000022fb4994b00;
T_15 ;
    %wait E_0000022fb4a6da00;
    %load/vec4 v0000022fb4ae1890_0;
    %pushi/vec4 0, 0, 8;
    %cmp/e;
    %flag_get/vec4 4;
    %load/vec4 v0000022fb4ae30f0_0;
    %pushi/vec4 0, 0, 23;
    %cmp/e;
    %flag_get/vec4 4;
    %and;
    %flag_set/vec4 8;
    %jmp/0xz  T_15.0, 8;
    %pushi/vec4 1, 0, 1;
    %store/vec4 v0000022fb4ae35f0_0, 0, 1;
    %jmp T_15.1;
T_15.0 ;
    %pushi/vec4 0, 0, 1;
    %store/vec4 v0000022fb4ae35f0_0, 0, 1;
T_15.1 ;
    %jmp T_15;
    .thread T_15, $push;
    .scope S_0000022fb4994c90;
T_16 ;
    %wait E_0000022fb4a6d640;
    %load/vec4 v0000022fb4ae4ef0_0;
    %pushi/vec4 0, 0, 8;
    %cmp/e;
    %flag_get/vec4 4;
    %load/vec4 v0000022fb4ae3cd0_0;
    %parti/s 23, 0, 2;
    %pushi/vec4 0, 0, 23;
    %cmp/e;
    %flag_get/vec4 4;
    %and;
    %flag_set/vec4 8;
    %load/vec4 v0000022fb4ae4090_0;
    %pushi/vec4 0, 0, 8;
    %cmp/e;
    %flag_get/vec4 4;
    %load/vec4 v0000022fb4ae49f0_0;
    %parti/s 23, 0, 2;
    %pushi/vec4 0, 0, 23;
    %cmp/e;
    %flag_get/vec4 4;
    %and;
    %flag_set/vec4 9;
    %flag_or 9, 8;
    %jmp/0xz  T_16.0, 9;
    %pushi/vec4 0, 0, 8;
    %store/vec4 v0000022fb4ae4590_0, 0, 8;
    %pushi/vec4 0, 0, 23;
    %store/vec4 v0000022fb4ae4310_0, 0, 23;
    %jmp T_16.1;
T_16.0 ;
    %load/vec4 v0000022fb4ae4450_0;
    %store/vec4 v0000022fb4ae4590_0, 0, 8;
    %load/vec4 v0000022fb4ae3eb0_0;
    %store/vec4 v0000022fb4ae4310_0, 0, 23;
T_16.1 ;
    %jmp T_16;
    .thread T_16, $push;
    .scope S_0000022fb4994c90;
T_17 ;
    %wait E_0000022fb4a6d400;
    %load/vec4 v0000022fb4ae4590_0;
    %pushi/vec4 0, 0, 8;
    %cmp/e;
    %flag_get/vec4 4;
    %load/vec4 v0000022fb4ae4310_0;
    %pushi/vec4 0, 0, 23;
    %cmp/e;
    %flag_get/vec4 4;
    %and;
    %flag_set/vec4 8;
    %jmp/0xz  T_17.0, 8;
    %pushi/vec4 1, 0, 1;
    %store/vec4 v0000022fb4ae4770_0, 0, 1;
    %jmp T_17.1;
T_17.0 ;
    %pushi/vec4 0, 0, 1;
    %store/vec4 v0000022fb4ae4770_0, 0, 1;
T_17.1 ;
    %jmp T_17;
    .thread T_17, $push;
    .scope S_0000022fb49a0c20;
T_18 ;
    %wait E_0000022fb4a6d280;
    %load/vec4 v0000022fb4adf550_0;
    %load/vec4 v0000022fb4ae06d0_0;
    %cmp/u;
    %jmp/0xz  T_18.0, 5;
    %load/vec4 v0000022fb4ae06d0_0;
    %store/vec4 v0000022fb4adf5f0_0, 0, 5;
    %load/vec4 v0000022fb4ae06d0_0;
    %load/vec4 v0000022fb4adf550_0;
    %sub;
    %store/vec4 v0000022fb4adf370_0, 0, 5;
    %load/vec4 v0000022fb4adf910_0;
    %store/vec4 v0000022fb4adf690_0, 0, 11;
    %load/vec4 v0000022fb4adfcd0_0;
    %ix/getv 4, v0000022fb4adf370_0;
    %shiftr 4;
    %store/vec4 v0000022fb4adfb90_0, 0, 11;
    %jmp T_18.1;
T_18.0 ;
    %load/vec4 v0000022fb4adf550_0;
    %store/vec4 v0000022fb4adf5f0_0, 0, 5;
    %load/vec4 v0000022fb4adf550_0;
    %load/vec4 v0000022fb4ae06d0_0;
    %sub;
    %store/vec4 v0000022fb4adf370_0, 0, 5;
    %load/vec4 v0000022fb4adf910_0;
    %ix/getv 4, v0000022fb4adf370_0;
    %shiftr 4;
    %store/vec4 v0000022fb4adf690_0, 0, 11;
    %load/vec4 v0000022fb4adfcd0_0;
    %store/vec4 v0000022fb4adfb90_0, 0, 11;
T_18.1 ;
    %jmp T_18;
    .thread T_18, $push;
    .scope S_0000022fb49a0c20;
T_19 ;
    %wait E_0000022fb4a6d240;
    %load/vec4 v0000022fb4ae0c70_0;
    %load/vec4 v0000022fb4ae0630_0;
    %xor;
    %flag_set/vec4 8;
    %jmp/0xz  T_19.0, 8;
    %load/vec4 v0000022fb4adf690_0;
    %load/vec4 v0000022fb4adfb90_0;
    %cmp/u;
    %jmp/0xz  T_19.2, 5;
    %load/vec4 v0000022fb4ae0630_0;
    %store/vec4 v0000022fb4adf410_0, 0, 1;
    %load/vec4 v0000022fb4adfb90_0;
    %pad/u 12;
    %load/vec4 v0000022fb4adf690_0;
    %pad/u 12;
    %sub;
    %store/vec4 v0000022fb4ae0d10_0, 0, 12;
    %jmp T_19.3;
T_19.2 ;
    %load/vec4 v0000022fb4ae0c70_0;
    %store/vec4 v0000022fb4adf410_0, 0, 1;
    %load/vec4 v0000022fb4adf690_0;
    %pad/u 12;
    %load/vec4 v0000022fb4adfb90_0;
    %pad/u 12;
    %sub;
    %store/vec4 v0000022fb4ae0d10_0, 0, 12;
T_19.3 ;
    %jmp T_19.1;
T_19.0 ;
    %load/vec4 v0000022fb4adf690_0;
    %pad/u 12;
    %load/vec4 v0000022fb4adfb90_0;
    %pad/u 12;
    %add;
    %store/vec4 v0000022fb4ae0d10_0, 0, 12;
    %load/vec4 v0000022fb4ae0c70_0;
    %store/vec4 v0000022fb4adf410_0, 0, 1;
T_19.1 ;
    %jmp T_19;
    .thread T_19, $push;
    .scope S_0000022fb49a0c20;
T_20 ;
    %wait E_0000022fb4a6d1c0;
    %load/vec4 v0000022fb4ae0d10_0;
    %parti/s 1, 11, 5;
    %cmpi/e 1, 0, 1;
    %jmp/0xz  T_20.0, 4;
    %pushi/vec4 1, 0, 1;
    %store/vec4 v0000022fb4ae03b0_0, 0, 1;
    %load/vec4 v0000022fb4ae0d10_0;
    %parti/s 10, 1, 2;
    %store/vec4 v0000022fb4adfd70_0, 0, 10;
    %load/vec4 v0000022fb4adf5f0_0;
    %pad/u 6;
    %addi 1, 0, 6;
    %store/vec4 v0000022fb4ae10d0_0, 0, 6;
    %jmp T_20.1;
T_20.0 ;
    %pushi/vec4 0, 0, 1;
    %store/vec4 v0000022fb4ae03b0_0, 0, 1;
    %load/vec4 v0000022fb4ae0d10_0;
    %parti/s 10, 0, 2;
    %store/vec4 v0000022fb4adfd70_0, 0, 10;
    %load/vec4 v0000022fb4adf5f0_0;
    %pad/u 6;
    %store/vec4 v0000022fb4ae10d0_0, 0, 6;
T_20.1 ;
    %jmp T_20;
    .thread T_20, $push;
    .scope S_0000022fb49a0c20;
T_21 ;
    %wait E_0000022fb4a6d180;
    %load/vec4 v0000022fb4ae10d0_0;
    %parti/s 1, 5, 4;
    %cmpi/e 1, 0, 1;
    %flag_mov 8, 4;
    %load/vec4 v0000022fb4ae10d0_0;
    %parti/s 5, 0, 2;
    %cmpi/e 31, 0, 5;
    %flag_or 4, 8;
    %jmp/0xz  T_21.0, 4;
    %pushi/vec4 1, 0, 1;
    %store/vec4 v0000022fb4ae1170_0, 0, 1;
    %pushi/vec4 31, 0, 5;
    %store/vec4 v0000022fb4adf730_0, 0, 5;
    %pushi/vec4 0, 0, 10;
    %store/vec4 v0000022fb4adf2d0_0, 0, 10;
    %jmp T_21.1;
T_21.0 ;
    %pushi/vec4 0, 0, 1;
    %store/vec4 v0000022fb4ae1170_0, 0, 1;
    %load/vec4 v0000022fb4ae10d0_0;
    %parti/s 5, 0, 2;
    %store/vec4 v0000022fb4adf730_0, 0, 5;
    %load/vec4 v0000022fb4adfd70_0;
    %store/vec4 v0000022fb4adf2d0_0, 0, 10;
T_21.1 ;
    %jmp T_21;
    .thread T_21, $push;
    .scope S_0000022fb49a0c20;
T_22 ;
    %wait E_0000022fb4a6d0c0;
    %load/vec4 v0000022fb4adf730_0;
    %pushi/vec4 0, 0, 5;
    %cmp/e;
    %flag_get/vec4 4;
    %load/vec4 v0000022fb4adf2d0_0;
    %pushi/vec4 0, 0, 10;
    %cmp/e;
    %flag_get/vec4 4;
    %and;
    %flag_set/vec4 8;
    %jmp/0xz  T_22.0, 8;
    %pushi/vec4 1, 0, 1;
    %store/vec4 v0000022fb4adff50_0, 0, 1;
    %jmp T_22.1;
T_22.0 ;
    %pushi/vec4 0, 0, 1;
    %store/vec4 v0000022fb4adff50_0, 0, 1;
T_22.1 ;
    %jmp T_22;
    .thread T_22, $push;
    .scope S_0000022fb499a880;
T_23 ;
    %wait E_0000022fb4a6d300;
    %load/vec4 v0000022fb4ae2d30_0;
    %pushi/vec4 0, 0, 5;
    %cmp/e;
    %flag_get/vec4 4;
    %load/vec4 v0000022fb4ae1610_0;
    %parti/s 10, 0, 2;
    %pushi/vec4 0, 0, 10;
    %cmp/e;
    %flag_get/vec4 4;
    %and;
    %flag_set/vec4 8;
    %load/vec4 v0000022fb4ae32d0_0;
    %pushi/vec4 0, 0, 5;
    %cmp/e;
    %flag_get/vec4 4;
    %load/vec4 v0000022fb4ae2bf0_0;
    %parti/s 10, 0, 2;
    %pushi/vec4 0, 0, 10;
    %cmp/e;
    %flag_get/vec4 4;
    %and;
    %flag_set/vec4 9;
    %flag_or 9, 8;
    %jmp/0xz  T_23.0, 9;
    %pushi/vec4 0, 0, 5;
    %store/vec4 v0000022fb4ae1750_0, 0, 5;
    %pushi/vec4 0, 0, 10;
    %store/vec4 v0000022fb4ae3a50_0, 0, 10;
    %jmp T_23.1;
T_23.0 ;
    %load/vec4 v0000022fb4ae2830_0;
    %store/vec4 v0000022fb4ae1750_0, 0, 5;
    %load/vec4 v0000022fb4ae16b0_0;
    %store/vec4 v0000022fb4ae3a50_0, 0, 10;
T_23.1 ;
    %jmp T_23;
    .thread T_23, $push;
    .scope S_0000022fb499a880;
T_24 ;
    %wait E_0000022fb4a6d500;
    %load/vec4 v0000022fb4ae1750_0;
    %pushi/vec4 0, 0, 5;
    %cmp/e;
    %flag_get/vec4 4;
    %load/vec4 v0000022fb4ae3a50_0;
    %pushi/vec4 0, 0, 10;
    %cmp/e;
    %flag_get/vec4 4;
    %and;
    %flag_set/vec4 8;
    %jmp/0xz  T_24.0, 8;
    %pushi/vec4 1, 0, 1;
    %store/vec4 v0000022fb4ae1a70_0, 0, 1;
    %jmp T_24.1;
T_24.0 ;
    %pushi/vec4 0, 0, 1;
    %store/vec4 v0000022fb4ae1a70_0, 0, 1;
T_24.1 ;
    %jmp T_24;
    .thread T_24, $push;
    .scope S_0000022fb49a75b0;
T_25 ;
    %wait E_0000022fb4a6d000;
    %load/vec4 v0000022fb4aea6f0_0;
    %dup/vec4;
    %pushi/vec4 2, 0, 2;
    %cmp/x;
    %jmp/1 T_25.0, 4;
    %dup/vec4;
    %pushi/vec4 3, 0, 2;
    %cmp/x;
    %jmp/1 T_25.1, 4;
    %dup/vec4;
    %pushi/vec4 0, 0, 2;
    %cmp/x;
    %jmp/1 T_25.2, 4;
    %dup/vec4;
    %pushi/vec4 1, 0, 2;
    %cmp/x;
    %jmp/1 T_25.3, 4;
    %jmp T_25.4;
T_25.0 ;
    %load/vec4 v0000022fb4aea510_0;
    %store/vec4 v0000022fb4aeaab0_0, 0, 32;
    %load/vec4 v0000022fb4aeab50_0;
    %store/vec4 v0000022fb4aeafb0_0, 0, 4;
    %jmp T_25.4;
T_25.1 ;
    %load/vec4 v0000022fb4ae9b10_0;
    %store/vec4 v0000022fb4aeaab0_0, 0, 32;
    %load/vec4 v0000022fb4aeabf0_0;
    %store/vec4 v0000022fb4aeafb0_0, 0, 4;
    %jmp T_25.4;
T_25.2 ;
    %pushi/vec4 0, 0, 16;
    %load/vec4 v0000022fb4aeb0f0_0;
    %concat/vec4; draw_concat_vec4
    %store/vec4 v0000022fb4aeaab0_0, 0, 32;
    %load/vec4 v0000022fb4ae9c50_0;
    %store/vec4 v0000022fb4aeafb0_0, 0, 4;
    %jmp T_25.4;
T_25.3 ;
    %pushi/vec4 0, 0, 16;
    %load/vec4 v0000022fb4aea010_0;
    %concat/vec4; draw_concat_vec4
    %store/vec4 v0000022fb4aeaab0_0, 0, 32;
    %load/vec4 v0000022fb4aea1f0_0;
    %store/vec4 v0000022fb4aeafb0_0, 0, 4;
    %jmp T_25.4;
T_25.4 ;
    %pop/vec4 1;
    %jmp T_25;
    .thread T_25, $push;
    .scope S_0000022fb49a7290;
T_26 ;
    %wait E_0000022fb4a6d880;
    %load/vec4 v0000022fb4ae9cf0_0;
    %parti/s 1, 3, 3;
    %flag_set/vec4 8;
    %jmp/0xz  T_26.0, 8;
    %load/vec4 v0000022fb4ae9d90_0;
    %store/vec4 v0000022fb4aea330_0, 0, 32;
    %load/vec4 v0000022fb4aeaf10_0;
    %store/vec4 v0000022fb4ae9e30_0, 0, 4;
    %pushi/vec4 4294967295, 4294967295, 32;
    %store/vec4 v0000022fb4aeae70_0, 0, 32;
    %jmp T_26.1;
T_26.0 ;
    %load/vec4 v0000022fb4aeadd0_0;
    %store/vec4 v0000022fb4aea330_0, 0, 32;
    %load/vec4 v0000022fb4ae9ed0_0;
    %store/vec4 v0000022fb4ae9e30_0, 0, 4;
    %load/vec4 v0000022fb4ae9bb0_0;
    %store/vec4 v0000022fb4aeae70_0, 0, 32;
T_26.1 ;
    %jmp T_26;
    .thread T_26, $push;
    .scope S_0000022fb4aed450;
T_27 ;
    %vpi_call 23 10 "$readmemb", "memfile_fp.dat", v0000022fb4af05a0 {0 0 0};
    %end;
    .thread T_27;
    .scope S_0000022fb4aed770;
T_28 ;
    %vpi_call 22 16 "$readmemb", "memfile_fp.dat", v0000022fb4aefe20 {0 0 0};
    %end;
    .thread T_28;
    .scope S_0000022fb4aed770;
T_29 ;
    %wait E_0000022fb4a6eb40;
    %load/vec4 v0000022fb4aef560_0;
    %flag_set/vec4 8;
    %jmp/0xz  T_29.0, 8;
    %load/vec4 v0000022fb4af08c0_0;
    %load/vec4 v0000022fb4aef420_0;
    %parti/s 30, 2, 3;
    %ix/vec4 3;
    %ix/load 4, 0, 0; Constant delay
    %assign/vec4/a/d v0000022fb4aefe20, 0, 4;
T_29.0 ;
    %jmp T_29;
    .thread T_29;
    .scope S_0000022fb49d34d0;
T_30 ;
    %pushi/vec4 1, 0, 1;
    %assign/vec4 v0000022fb4aee840_0, 0;
    %delay 22, 0;
    %pushi/vec4 0, 0, 1;
    %assign/vec4 v0000022fb4aee840_0, 0;
    %end;
    .thread T_30;
    .scope S_0000022fb49d34d0;
T_31 ;
    %pushi/vec4 1, 0, 1;
    %assign/vec4 v0000022fb4aef9c0_0, 0;
    %delay 5, 0;
    %pushi/vec4 0, 0, 1;
    %assign/vec4 v0000022fb4aef9c0_0, 0;
    %delay 5, 0;
    %jmp T_31;
    .thread T_31;
    .scope S_0000022fb49d34d0;
T_32 ;
    %wait E_0000022fb4a6cb80;
    %load/vec4 v0000022fb4aefa60_0;
    %flag_set/vec4 8;
    %jmp/0xz  T_32.0, 8;
    %load/vec4 v0000022fb4af0780_0;
    %cmpi/e 160, 0, 32;
    %jmp/0xz  T_32.2, 6;
    %vpi_call 2 39 "$display", "wd=%h", v0000022fb4aef100_0 {0 0 0};
    %load/vec4 v0000022fb4aef100_0;
    %cmpi/e 1107469323, 0, 32;
    %jmp/0xz  T_32.4, 4;
    %vpi_call 2 41 "$display", "Simulation succeeded" {0 0 0};
    %vpi_call 2 42 "$stop" {0 0 0};
    %jmp T_32.5;
T_32.4 ;
    %vpi_call 2 45 "$display", "Simulation failed" {0 0 0};
    %vpi_call 2 46 "$stop" {0 0 0};
T_32.5 ;
T_32.2 ;
T_32.0 ;
    %jmp T_32;
    .thread T_32;
    .scope S_0000022fb49d34d0;
T_33 ;
    %vpi_call 2 50 "$dumpfile", "arm_single_fp.vcd" {0 0 0};
    %vpi_call 2 51 "$dumpvars" {0 0 0};
    %end;
    .thread T_33;
# The file index is used to find the file name in the following table.
:file_names 24;
    "N/A";
    "<interactive>";
    "testbench_fp.v";
    "top.v";
    "arm.v";
    "controller.v";
    "condlogic.v";
    "condcheck.v";
    "flopenr.v";
    "decode.v";
    "datapath.v";
    "dpus.v";
    "alu.v";
    "fpu.v";
    "add_fp.v";
    "mult_fp.v";
    "extend.v";
    "adder.v";
    "mux2.v";
    "flopr.v";
    "mux3.v";
    "regfile.v";
    "dmem.v";
    "imem.v";
