#! /c/Source/iverilog-install/bin/vvp
:ivl_version "12.0 (devel)" "(s20150603-1110-g18392a46)";
:ivl_delay_selection "TYPICAL";
:vpi_time_precision + 0;
:vpi_module "D:\Dev\iverilog\lib\ivl\system.vpi";
:vpi_module "D:\Dev\iverilog\lib\ivl\vhdl_sys.vpi";
:vpi_module "D:\Dev\iverilog\lib\ivl\vhdl_textio.vpi";
:vpi_module "D:\Dev\iverilog\lib\ivl\v2005_math.vpi";
:vpi_module "D:\Dev\iverilog\lib\ivl\va_math.vpi";
S_0000026a5f0ac3d0 .scope module, "fpu_tb" "fpu_tb" 2 2;
 .timescale 0 0;
v0000026a5f175b50_0 .var "FPUControl", 1 0;
v0000026a5f1758d0_0 .net "FPUFlags", 3 0, v0000026a5f173960_0;  1 drivers
v0000026a5f1746b0_0 .var "FPUFlags_expected", 3 0;
v0000026a5f1742f0_0 .net "Result", 31 0, v0000026a5f173dc0_0;  1 drivers
v0000026a5f1741b0_0 .var "Result_expected", 31 0;
v0000026a5f175470_0 .var "a", 31 0;
v0000026a5f174250_0 .var "b", 31 0;
v0000026a5f175510_0 .var "clk", 0 0;
v0000026a5f175790_0 .var "errors", 31 0;
v0000026a5f174f70_0 .var "reset", 0 0;
v0000026a5f1751f0 .array "testvector", 0 15, 101 0;
v0000026a5f175dd0_0 .var "vectornum", 31 0;
E_0000026a5f0ebee0 .event negedge, v0000026a5f175510_0;
E_0000026a5f0ebc20 .event posedge, v0000026a5f175510_0;
S_0000026a5f0ac560 .scope module, "fpu_dut" "FPU" 2 15, 3 9 0, S_0000026a5f0ac3d0;
 .timescale 0 0;
    .port_info 0 /INPUT 32 "a";
    .port_info 1 /INPUT 32 "b";
    .port_info 2 /OUTPUT 32 "Result";
    .port_info 3 /OUTPUT 4 "FPUFlags";
    .port_info 4 /INPUT 2 "FPUControl";
v0000026a5f1721a0_0 .net "FPUControl", 1 0, v0000026a5f175b50_0;  1 drivers
v0000026a5f173960_0 .var "FPUFlags", 3 0;
v0000026a5f173dc0_0 .var "Result", 31 0;
v0000026a5f173aa0_0 .net "a", 31 0, v0000026a5f175470_0;  1 drivers
v0000026a5f173e60_0 .net "b", 31 0, v0000026a5f174250_0;  1 drivers
v0000026a5f172880_0 .net "half_add", 15 0, L_0000026a5f1cebe0;  1 drivers
v0000026a5f172420_0 .net "half_add_flags", 3 0, L_0000026a5f1cf400;  1 drivers
v0000026a5f172240_0 .net "half_mult", 15 0, L_0000026a5f1ce780;  1 drivers
v0000026a5f1722e0_0 .net "half_mult_flags", 3 0, L_0000026a5f1ce500;  1 drivers
v0000026a5f172380_0 .net "single_add", 31 0, L_0000026a5f175330;  1 drivers
v0000026a5f1726a0_0 .net "single_add_flags", 3 0, L_0000026a5f174930;  1 drivers
v0000026a5f172920_0 .net "single_mult", 31 0, L_0000026a5f175ab0;  1 drivers
v0000026a5f173500_0 .net "single_mult_flags", 3 0, L_0000026a5f175c90;  1 drivers
E_0000026a5f0ec2e0/0 .event anyedge, v0000026a5f1721a0_0, v0000026a5f1332d0_0, v0000026a5f133b90_0, v0000026a5f172600_0;
E_0000026a5f0ec2e0/1 .event anyedge, v0000026a5f173000_0, v0000026a5f132080_0, v0000026a5f0df540_0, v0000026a5f1339b0_0;
E_0000026a5f0ec2e0/2 .event anyedge, v0000026a5f131cc0_0;
E_0000026a5f0ec2e0 .event/or E_0000026a5f0ec2e0/0, E_0000026a5f0ec2e0/1, E_0000026a5f0ec2e0/2;
L_0000026a5f1ce5a0 .part v0000026a5f175470_0, 0, 16;
L_0000026a5f1ce460 .part v0000026a5f174250_0, 0, 16;
L_0000026a5f1ce8c0 .part v0000026a5f175470_0, 0, 16;
L_0000026a5f1ce820 .part v0000026a5f174250_0, 0, 16;
S_0000026a5f0ac6f0 .scope module, "half_fp_adder" "add_fp" 3 28, 4 3 0, S_0000026a5f0ac560;
 .timescale 0 0;
    .port_info 0 /INPUT 16 "a";
    .port_info 1 /INPUT 16 "b";
    .port_info 2 /OUTPUT 16 "res_add";
    .port_info 3 /OUTPUT 4 "flags_add";
P_0000026a5f159c80 .param/l "EXPONENT_WIDTH" 0 4 11, +C4<00000000000000000000000000000101>;
P_0000026a5f159cb8 .param/l "MANTISA_WIDTH" 0 4 10, +C4<00000000000000000000000000001010>;
L_0000026a5f0d53b0 .functor BUFZ 1, v0000026a5f1308c0_0, C4<0>, C4<0>, C4<0>;
L_0000026a5f176470 .functor BUFT 1, C4<1>, C4<0>, C4<0>, C4<0>;
v0000026a5f0e0300_0 .net/2u *"_ivl_14", 0 0, L_0000026a5f176470;  1 drivers
v0000026a5f0e1340_0 .net *"_ivl_17", 9 0, L_0000026a5f1cf2c0;  1 drivers
L_0000026a5f176428 .functor BUFT 1, C4<1>, C4<0>, C4<0>, C4<0>;
v0000026a5f0df9a0_0 .net/2u *"_ivl_4", 0 0, L_0000026a5f176428;  1 drivers
v0000026a5f0e09e0_0 .net *"_ivl_7", 9 0, L_0000026a5f1ce960;  1 drivers
v0000026a5f0e0440_0 .net "a", 15 0, L_0000026a5f1ce5a0;  1 drivers
v0000026a5f0e0bc0_0 .var "adjust_exponent", 5 0;
v0000026a5f0e0ee0_0 .var "adjust_mant", 9 0;
v0000026a5f0e0f80_0 .net "b", 15 0, L_0000026a5f1ce460;  1 drivers
v0000026a5f0e08a0_0 .var "big_exponent", 4 0;
v0000026a5f0e0c60_0 .var "carry", 0 0;
v0000026a5f0e0940_0 .var "diff_exponente", 4 0;
v0000026a5f0e0a80_0 .net "exponent_a", 4 0, L_0000026a5f1cedc0;  1 drivers
v0000026a5f0e13e0_0 .net "exponent_b", 4 0, L_0000026a5f1cefa0;  1 drivers
v0000026a5f0df540_0 .net "flags_add", 3 0, L_0000026a5f1cf400;  alias, 1 drivers
v0000026a5f0df5e0_0 .var "mant_a", 10 0;
v0000026a5f0dfa40_0 .var "mant_b", 10 0;
v0000026a5f0dfae0_0 .var "mant_sum", 11 0;
v0000026a5f131720_0 .net "mantisa_a", 10 0, L_0000026a5f1cff40;  1 drivers
v0000026a5f130aa0_0 .net "mantisa_b", 10 0, L_0000026a5f1ce0a0;  1 drivers
v0000026a5f1305a0_0 .net "neg", 0 0, L_0000026a5f0d53b0;  1 drivers
v0000026a5f131f40_0 .var "overflow", 0 0;
v0000026a5f132080_0 .net "res_add", 15 0, L_0000026a5f1cebe0;  alias, 1 drivers
v0000026a5f130b40_0 .var "res_exponent", 4 0;
v0000026a5f130e60_0 .var "res_mant", 9 0;
v0000026a5f1308c0_0 .var "res_sign", 0 0;
v0000026a5f130d20_0 .net "sign_a", 0 0, L_0000026a5f1ce3c0;  1 drivers
v0000026a5f131680_0 .net "sign_b", 0 0, L_0000026a5f1cf4a0;  1 drivers
v0000026a5f1310e0_0 .var "zero", 0 0;
E_0000026a5f0eb8a0 .event anyedge, v0000026a5f130b40_0, v0000026a5f130e60_0;
E_0000026a5f0ec1e0 .event anyedge, v0000026a5f0e0bc0_0, v0000026a5f0e0ee0_0;
E_0000026a5f0eb8e0 .event anyedge, v0000026a5f0dfae0_0, v0000026a5f0e08a0_0;
E_0000026a5f0eb9a0 .event anyedge, v0000026a5f130d20_0, v0000026a5f131680_0, v0000026a5f0dfa40_0, v0000026a5f0df5e0_0;
E_0000026a5f0ebea0/0 .event anyedge, v0000026a5f0e0a80_0, v0000026a5f0e13e0_0, v0000026a5f131720_0, v0000026a5f130aa0_0;
E_0000026a5f0ebea0/1 .event anyedge, v0000026a5f0e0940_0;
E_0000026a5f0ebea0 .event/or E_0000026a5f0ebea0/0, E_0000026a5f0ebea0/1;
L_0000026a5f1ce3c0 .part L_0000026a5f1ce5a0, 15, 1;
L_0000026a5f1cedc0 .part L_0000026a5f1ce5a0, 10, 5;
L_0000026a5f1ce960 .part L_0000026a5f1ce5a0, 0, 10;
L_0000026a5f1cff40 .concat [ 10 1 0 0], L_0000026a5f1ce960, L_0000026a5f176428;
L_0000026a5f1cf4a0 .part L_0000026a5f1ce460, 15, 1;
L_0000026a5f1cefa0 .part L_0000026a5f1ce460, 10, 5;
L_0000026a5f1cf2c0 .part L_0000026a5f1ce460, 0, 10;
L_0000026a5f1ce0a0 .concat [ 10 1 0 0], L_0000026a5f1cf2c0, L_0000026a5f176470;
L_0000026a5f1cebe0 .concat [ 10 5 1 0], v0000026a5f130e60_0, v0000026a5f130b40_0, v0000026a5f1308c0_0;
L_0000026a5f1cf400 .concat [ 1 1 1 1], v0000026a5f131f40_0, v0000026a5f0e0c60_0, v0000026a5f1310e0_0, L_0000026a5f0d53b0;
S_0000026a5f09fd70 .scope module, "half_fp_mult" "mult_fp" 3 32, 5 3 0, S_0000026a5f0ac560;
 .timescale 0 0;
    .port_info 0 /INPUT 16 "a";
    .port_info 1 /INPUT 16 "b";
    .port_info 2 /OUTPUT 16 "res_mult";
    .port_info 3 /OUTPUT 4 "flags_mult";
P_0000026a5f159600 .param/l "EXPONENT_WIDTH" 0 5 12, +C4<00000000000000000000000000000101>;
P_0000026a5f159638 .param/l "MANTISA_WIDTH" 0 5 11, +C4<00000000000000000000000000001010>;
L_0000026a5f0d4700 .functor XOR 1, L_0000026a5f1cf220, L_0000026a5f1cfcc0, C4<0>, C4<0>;
L_0000026a5f1766b0 .functor BUFT 1, C4<1>, C4<0>, C4<0>, C4<0>;
L_0000026a5f0d4770 .functor XNOR 1, L_0000026a5f1cee60, L_0000026a5f1766b0, C4<0>, C4<0>;
L_0000026a5f176740 .functor BUFT 1, C4<1>, C4<0>, C4<0>, C4<0>;
L_0000026a5f0d47e0 .functor XNOR 1, L_0000026a5f1cf7c0, L_0000026a5f176740, C4<0>, C4<0>;
L_0000026a5f0d44d0 .functor BUFZ 1, L_0000026a5f0d4700, C4<0>, C4<0>, C4<0>;
L_0000026a5f176500 .functor BUFT 1, C4<1>, C4<0>, C4<0>, C4<0>;
v0000026a5f131400_0 .net/2u *"_ivl_14", 0 0, L_0000026a5f176500;  1 drivers
v0000026a5f131540_0 .net *"_ivl_17", 9 0, L_0000026a5f1cea00;  1 drivers
v0000026a5f130320_0 .net *"_ivl_22", 5 0, L_0000026a5f1ced20;  1 drivers
L_0000026a5f176548 .functor BUFT 1, C4<0>, C4<0>, C4<0>, C4<0>;
v0000026a5f1306e0_0 .net *"_ivl_25", 0 0, L_0000026a5f176548;  1 drivers
v0000026a5f130640_0 .net *"_ivl_26", 5 0, L_0000026a5f1cf540;  1 drivers
L_0000026a5f176590 .functor BUFT 1, C4<0>, C4<0>, C4<0>, C4<0>;
v0000026a5f1314a0_0 .net *"_ivl_29", 0 0, L_0000026a5f176590;  1 drivers
v0000026a5f1315e0_0 .net *"_ivl_30", 5 0, L_0000026a5f1cfb80;  1 drivers
L_0000026a5f1765d8 .functor BUFT 1, C4<001111>, C4<0>, C4<0>, C4<0>;
v0000026a5f1312c0_0 .net/2u *"_ivl_32", 5 0, L_0000026a5f1765d8;  1 drivers
v0000026a5f130280_0 .net *"_ivl_36", 21 0, L_0000026a5f1ceb40;  1 drivers
L_0000026a5f176620 .functor BUFT 1, C4<00000000000>, C4<0>, C4<0>, C4<0>;
v0000026a5f131ae0_0 .net *"_ivl_39", 10 0, L_0000026a5f176620;  1 drivers
L_0000026a5f1764b8 .functor BUFT 1, C4<1>, C4<0>, C4<0>, C4<0>;
v0000026a5f132120_0 .net/2u *"_ivl_4", 0 0, L_0000026a5f1764b8;  1 drivers
v0000026a5f131ea0_0 .net *"_ivl_40", 21 0, L_0000026a5f1cf5e0;  1 drivers
L_0000026a5f176668 .functor BUFT 1, C4<00000000000>, C4<0>, C4<0>, C4<0>;
v0000026a5f130fa0_0 .net *"_ivl_43", 10 0, L_0000026a5f176668;  1 drivers
v0000026a5f131fe0_0 .net *"_ivl_49", 0 0, L_0000026a5f1cee60;  1 drivers
v0000026a5f131a40_0 .net/2u *"_ivl_50", 0 0, L_0000026a5f1766b0;  1 drivers
v0000026a5f131b80_0 .net *"_ivl_52", 0 0, L_0000026a5f0d4770;  1 drivers
L_0000026a5f1766f8 .functor BUFT 1, C4<000001>, C4<0>, C4<0>, C4<0>;
v0000026a5f131860_0 .net/2u *"_ivl_54", 5 0, L_0000026a5f1766f8;  1 drivers
v0000026a5f130be0_0 .net *"_ivl_56", 5 0, L_0000026a5f1ce6e0;  1 drivers
v0000026a5f130780_0 .net *"_ivl_58", 5 0, L_0000026a5f1cf680;  1 drivers
v0000026a5f130c80_0 .net *"_ivl_63", 0 0, L_0000026a5f1cf7c0;  1 drivers
v0000026a5f131d60_0 .net/2u *"_ivl_64", 0 0, L_0000026a5f176740;  1 drivers
v0000026a5f1317c0_0 .net *"_ivl_66", 0 0, L_0000026a5f0d47e0;  1 drivers
v0000026a5f1303c0_0 .net *"_ivl_69", 9 0, L_0000026a5f1ce140;  1 drivers
v0000026a5f130dc0_0 .net *"_ivl_7", 9 0, L_0000026a5f1cfea0;  1 drivers
v0000026a5f131900_0 .net *"_ivl_71", 8 0, L_0000026a5f1ce280;  1 drivers
v0000026a5f1319a0_0 .net *"_ivl_73", 0 0, L_0000026a5f1cef00;  1 drivers
v0000026a5f130f00_0 .net *"_ivl_74", 9 0, L_0000026a5f1cf9a0;  1 drivers
v0000026a5f131c20_0 .net "a", 15 0, L_0000026a5f1ce8c0;  1 drivers
v0000026a5f130460_0 .net "b", 15 0, L_0000026a5f1ce820;  1 drivers
L_0000026a5f176788 .functor BUFT 1, C4<0>, C4<0>, C4<0>, C4<0>;
v0000026a5f130500_0 .net "carry", 0 0, L_0000026a5f176788;  1 drivers
v0000026a5f130820_0 .net "exponent_a", 4 0, L_0000026a5f1ceaa0;  1 drivers
v0000026a5f131220_0 .net "exponent_b", 4 0, L_0000026a5f1cec80;  1 drivers
v0000026a5f131cc0_0 .net "flags_mult", 3 0, L_0000026a5f1ce500;  alias, 1 drivers
v0000026a5f131e00_0 .net "long_mult_mantisa", 21 0, L_0000026a5f1ce1e0;  1 drivers
v0000026a5f130a00_0 .net "mantisa_a", 10 0, L_0000026a5f1cfc20;  1 drivers
v0000026a5f130960_0 .net "mantisa_b", 10 0, L_0000026a5f1cfd60;  1 drivers
v0000026a5f131040_0 .net "mult_exponent", 5 0, L_0000026a5f1cf360;  1 drivers
v0000026a5f131180_0 .net "mult_mantisa", 10 0, L_0000026a5f1cfe00;  1 drivers
v0000026a5f131360_0 .net "neg", 0 0, L_0000026a5f0d44d0;  1 drivers
v0000026a5f133cd0_0 .net "norm_exponent", 4 0, L_0000026a5f1cf860;  1 drivers
v0000026a5f132650_0 .net "norm_mant", 9 0, L_0000026a5f1ce320;  1 drivers
L_0000026a5f1767d0 .functor BUFT 1, C4<0>, C4<0>, C4<0>, C4<0>;
v0000026a5f133230_0 .net "overflow", 0 0, L_0000026a5f1767d0;  1 drivers
v0000026a5f133410_0 .var "res_exponent", 4 0;
v0000026a5f132830_0 .var "res_mant", 9 0;
v0000026a5f1339b0_0 .net "res_mult", 15 0, L_0000026a5f1ce780;  alias, 1 drivers
v0000026a5f1334b0_0 .net "res_sign", 0 0, L_0000026a5f0d4700;  1 drivers
v0000026a5f132b50_0 .net "sign_a", 0 0, L_0000026a5f1cf220;  1 drivers
v0000026a5f132a10_0 .net "sign_b", 0 0, L_0000026a5f1cfcc0;  1 drivers
v0000026a5f133870_0 .var "zero", 0 0;
E_0000026a5f0eba60 .event anyedge, v0000026a5f133410_0, v0000026a5f132830_0;
E_0000026a5f0ebae0/0 .event anyedge, v0000026a5f130820_0, v0000026a5f130a00_0, v0000026a5f131220_0, v0000026a5f130960_0;
E_0000026a5f0ebae0/1 .event anyedge, v0000026a5f133cd0_0, v0000026a5f132650_0;
E_0000026a5f0ebae0 .event/or E_0000026a5f0ebae0/0, E_0000026a5f0ebae0/1;
L_0000026a5f1cf220 .part L_0000026a5f1ce8c0, 15, 1;
L_0000026a5f1ceaa0 .part L_0000026a5f1ce8c0, 10, 5;
L_0000026a5f1cfea0 .part L_0000026a5f1ce8c0, 0, 10;
L_0000026a5f1cfc20 .concat [ 10 1 0 0], L_0000026a5f1cfea0, L_0000026a5f1764b8;
L_0000026a5f1cfcc0 .part L_0000026a5f1ce820, 15, 1;
L_0000026a5f1cec80 .part L_0000026a5f1ce820, 10, 5;
L_0000026a5f1cea00 .part L_0000026a5f1ce820, 0, 10;
L_0000026a5f1cfd60 .concat [ 10 1 0 0], L_0000026a5f1cea00, L_0000026a5f176500;
L_0000026a5f1ced20 .concat [ 5 1 0 0], L_0000026a5f1ceaa0, L_0000026a5f176548;
L_0000026a5f1cf540 .concat [ 5 1 0 0], L_0000026a5f1cec80, L_0000026a5f176590;
L_0000026a5f1cfb80 .arith/sum 6, L_0000026a5f1ced20, L_0000026a5f1cf540;
L_0000026a5f1cf360 .arith/sub 6, L_0000026a5f1cfb80, L_0000026a5f1765d8;
L_0000026a5f1ceb40 .concat [ 11 11 0 0], L_0000026a5f1cfc20, L_0000026a5f176620;
L_0000026a5f1cf5e0 .concat [ 11 11 0 0], L_0000026a5f1cfd60, L_0000026a5f176668;
L_0000026a5f1ce1e0 .arith/mult 22, L_0000026a5f1ceb40, L_0000026a5f1cf5e0;
L_0000026a5f1cfe00 .part L_0000026a5f1ce1e0, 11, 11;
L_0000026a5f1cee60 .part L_0000026a5f1cfe00, 10, 1;
L_0000026a5f1ce6e0 .arith/sum 6, L_0000026a5f1cf360, L_0000026a5f1766f8;
L_0000026a5f1cf680 .functor MUXZ 6, L_0000026a5f1cf360, L_0000026a5f1ce6e0, L_0000026a5f0d4770, C4<>;
L_0000026a5f1cf860 .part L_0000026a5f1cf680, 0, 5;
L_0000026a5f1cf7c0 .part L_0000026a5f1cfe00, 10, 1;
L_0000026a5f1ce140 .part L_0000026a5f1cfe00, 0, 10;
L_0000026a5f1ce280 .part L_0000026a5f1cfe00, 0, 9;
L_0000026a5f1cef00 .part L_0000026a5f1ce1e0, 10, 1;
L_0000026a5f1cf9a0 .concat [ 1 9 0 0], L_0000026a5f1cef00, L_0000026a5f1ce280;
L_0000026a5f1ce320 .functor MUXZ 10, L_0000026a5f1cf9a0, L_0000026a5f1ce140, L_0000026a5f0d47e0, C4<>;
L_0000026a5f1ce780 .concat [ 10 5 1 0], v0000026a5f132830_0, v0000026a5f133410_0, L_0000026a5f0d4700;
L_0000026a5f1ce500 .concat [ 1 1 1 1], L_0000026a5f1767d0, L_0000026a5f176788, v0000026a5f133870_0, L_0000026a5f0d44d0;
S_0000026a5f09ff00 .scope module, "single_fp_adder" "add_fp" 3 19, 4 3 0, S_0000026a5f0ac560;
 .timescale 0 0;
    .port_info 0 /INPUT 32 "a";
    .port_info 1 /INPUT 32 "b";
    .port_info 2 /OUTPUT 32 "res_add";
    .port_info 3 /OUTPUT 4 "flags_add";
P_0000026a5f159d80 .param/l "EXPONENT_WIDTH" 0 4 11, +C4<00000000000000000000000000001000>;
P_0000026a5f159db8 .param/l "MANTISA_WIDTH" 0 4 10, +C4<00000000000000000000000000010111>;
L_0000026a5f0d5340 .functor BUFZ 1, v0000026a5f132d30_0, C4<0>, C4<0>, C4<0>;
L_0000026a5f176080 .functor BUFT 1, C4<1>, C4<0>, C4<0>, C4<0>;
v0000026a5f133d70_0 .net/2u *"_ivl_14", 0 0, L_0000026a5f176080;  1 drivers
v0000026a5f133550_0 .net *"_ivl_17", 22 0, L_0000026a5f1744d0;  1 drivers
L_0000026a5f176038 .functor BUFT 1, C4<1>, C4<0>, C4<0>, C4<0>;
v0000026a5f133af0_0 .net/2u *"_ivl_4", 0 0, L_0000026a5f176038;  1 drivers
v0000026a5f1328d0_0 .net *"_ivl_7", 22 0, L_0000026a5f175e70;  1 drivers
v0000026a5f132970_0 .net "a", 31 0, v0000026a5f175470_0;  alias, 1 drivers
v0000026a5f132510_0 .var "adjust_exponent", 8 0;
v0000026a5f133690_0 .var "adjust_mant", 22 0;
v0000026a5f134090_0 .net "b", 31 0, v0000026a5f174250_0;  alias, 1 drivers
v0000026a5f133a50_0 .var "big_exponent", 7 0;
v0000026a5f133190_0 .var "carry", 0 0;
v0000026a5f1335f0_0 .var "diff_exponente", 7 0;
v0000026a5f1337d0_0 .net "exponent_a", 7 0, L_0000026a5f175970;  1 drivers
v0000026a5f133910_0 .net "exponent_b", 7 0, L_0000026a5f174570;  1 drivers
v0000026a5f133b90_0 .net "flags_add", 3 0, L_0000026a5f174930;  alias, 1 drivers
v0000026a5f134130_0 .var "mant_a", 23 0;
v0000026a5f1326f0_0 .var "mant_b", 23 0;
v0000026a5f132bf0_0 .var "mant_sum", 24 0;
v0000026a5f132ab0_0 .net "mantisa_a", 23 0, L_0000026a5f174750;  1 drivers
v0000026a5f132290_0 .net "mantisa_b", 23 0, L_0000026a5f175a10;  1 drivers
v0000026a5f132c90_0 .net "neg", 0 0, L_0000026a5f0d5340;  1 drivers
v0000026a5f133730_0 .var "overflow", 0 0;
v0000026a5f1332d0_0 .net "res_add", 31 0, L_0000026a5f175330;  alias, 1 drivers
v0000026a5f133c30_0 .var "res_exponent", 7 0;
v0000026a5f132330_0 .var "res_mant", 22 0;
v0000026a5f132d30_0 .var "res_sign", 0 0;
v0000026a5f133050_0 .net "sign_a", 0 0, L_0000026a5f174430;  1 drivers
v0000026a5f133e10_0 .net "sign_b", 0 0, L_0000026a5f1749d0;  1 drivers
v0000026a5f133eb0_0 .var "zero", 0 0;
E_0000026a5f0ec120 .event anyedge, v0000026a5f133c30_0, v0000026a5f132330_0;
E_0000026a5f0ec020 .event anyedge, v0000026a5f132510_0, v0000026a5f133690_0;
E_0000026a5f0ec3a0 .event anyedge, v0000026a5f132bf0_0, v0000026a5f133a50_0;
E_0000026a5f0ebce0 .event anyedge, v0000026a5f133050_0, v0000026a5f133e10_0, v0000026a5f1326f0_0, v0000026a5f134130_0;
E_0000026a5f0ec4a0/0 .event anyedge, v0000026a5f1337d0_0, v0000026a5f133910_0, v0000026a5f132ab0_0, v0000026a5f132290_0;
E_0000026a5f0ec4a0/1 .event anyedge, v0000026a5f1335f0_0;
E_0000026a5f0ec4a0 .event/or E_0000026a5f0ec4a0/0, E_0000026a5f0ec4a0/1;
L_0000026a5f174430 .part v0000026a5f175470_0, 31, 1;
L_0000026a5f175970 .part v0000026a5f175470_0, 23, 8;
L_0000026a5f175e70 .part v0000026a5f175470_0, 0, 23;
L_0000026a5f174750 .concat [ 23 1 0 0], L_0000026a5f175e70, L_0000026a5f176038;
L_0000026a5f1749d0 .part v0000026a5f174250_0, 31, 1;
L_0000026a5f174570 .part v0000026a5f174250_0, 23, 8;
L_0000026a5f1744d0 .part v0000026a5f174250_0, 0, 23;
L_0000026a5f175a10 .concat [ 23 1 0 0], L_0000026a5f1744d0, L_0000026a5f176080;
L_0000026a5f175330 .concat [ 23 8 1 0], v0000026a5f132330_0, v0000026a5f133c30_0, v0000026a5f132d30_0;
L_0000026a5f174930 .concat [ 1 1 1 1], v0000026a5f133730_0, v0000026a5f133190_0, v0000026a5f133eb0_0, L_0000026a5f0d5340;
S_0000026a5f095d10 .scope module, "single_fp_mult" "mult_fp" 3 23, 5 3 0, S_0000026a5f0ac560;
 .timescale 0 0;
    .port_info 0 /INPUT 32 "a";
    .port_info 1 /INPUT 32 "b";
    .port_info 2 /OUTPUT 32 "res_mult";
    .port_info 3 /OUTPUT 4 "flags_mult";
P_0000026a5f159680 .param/l "EXPONENT_WIDTH" 0 5 12, +C4<00000000000000000000000000001000>;
P_0000026a5f1596b8 .param/l "MANTISA_WIDTH" 0 5 11, +C4<00000000000000000000000000010111>;
L_0000026a5f0d4690 .functor XOR 1, L_0000026a5f175830, L_0000026a5f174110, C4<0>, C4<0>;
L_0000026a5f1762c0 .functor BUFT 1, C4<1>, C4<0>, C4<0>, C4<0>;
L_0000026a5f0d5180 .functor XNOR 1, L_0000026a5f175650, L_0000026a5f1762c0, C4<0>, C4<0>;
L_0000026a5f176350 .functor BUFT 1, C4<1>, C4<0>, C4<0>, C4<0>;
L_0000026a5f0d5260 .functor XNOR 1, L_0000026a5f175bf0, L_0000026a5f176350, C4<0>, C4<0>;
L_0000026a5f0d52d0 .functor BUFZ 1, L_0000026a5f0d4690, C4<0>, C4<0>, C4<0>;
L_0000026a5f176110 .functor BUFT 1, C4<1>, C4<0>, C4<0>, C4<0>;
v0000026a5f133f50_0 .net/2u *"_ivl_14", 0 0, L_0000026a5f176110;  1 drivers
v0000026a5f1323d0_0 .net *"_ivl_17", 22 0, L_0000026a5f175150;  1 drivers
v0000026a5f132fb0_0 .net *"_ivl_22", 8 0, L_0000026a5f174610;  1 drivers
L_0000026a5f176158 .functor BUFT 1, C4<0>, C4<0>, C4<0>, C4<0>;
v0000026a5f132470_0 .net *"_ivl_25", 0 0, L_0000026a5f176158;  1 drivers
v0000026a5f132dd0_0 .net *"_ivl_26", 8 0, L_0000026a5f1747f0;  1 drivers
L_0000026a5f1761a0 .functor BUFT 1, C4<0>, C4<0>, C4<0>, C4<0>;
v0000026a5f133ff0_0 .net *"_ivl_29", 0 0, L_0000026a5f1761a0;  1 drivers
v0000026a5f133370_0 .net *"_ivl_30", 8 0, L_0000026a5f1756f0;  1 drivers
L_0000026a5f1761e8 .functor BUFT 1, C4<001111111>, C4<0>, C4<0>, C4<0>;
v0000026a5f132e70_0 .net/2u *"_ivl_32", 8 0, L_0000026a5f1761e8;  1 drivers
v0000026a5f1325b0_0 .net *"_ivl_36", 47 0, L_0000026a5f174a70;  1 drivers
L_0000026a5f176230 .functor BUFT 1, C4<000000000000000000000000>, C4<0>, C4<0>, C4<0>;
v0000026a5f1330f0_0 .net *"_ivl_39", 23 0, L_0000026a5f176230;  1 drivers
L_0000026a5f1760c8 .functor BUFT 1, C4<1>, C4<0>, C4<0>, C4<0>;
v0000026a5f132790_0 .net/2u *"_ivl_4", 0 0, L_0000026a5f1760c8;  1 drivers
v0000026a5f132f10_0 .net *"_ivl_40", 47 0, L_0000026a5f174b10;  1 drivers
L_0000026a5f176278 .functor BUFT 1, C4<000000000000000000000000>, C4<0>, C4<0>, C4<0>;
v0000026a5f172060_0 .net *"_ivl_43", 23 0, L_0000026a5f176278;  1 drivers
v0000026a5f173640_0 .net *"_ivl_49", 0 0, L_0000026a5f175650;  1 drivers
v0000026a5f173820_0 .net/2u *"_ivl_50", 0 0, L_0000026a5f1762c0;  1 drivers
v0000026a5f1730a0_0 .net *"_ivl_52", 0 0, L_0000026a5f0d5180;  1 drivers
L_0000026a5f176308 .functor BUFT 1, C4<000000001>, C4<0>, C4<0>, C4<0>;
v0000026a5f172c40_0 .net/2u *"_ivl_54", 8 0, L_0000026a5f176308;  1 drivers
v0000026a5f172740_0 .net *"_ivl_56", 8 0, L_0000026a5f1753d0;  1 drivers
v0000026a5f173b40_0 .net *"_ivl_58", 8 0, L_0000026a5f174d90;  1 drivers
v0000026a5f172f60_0 .net *"_ivl_63", 0 0, L_0000026a5f175bf0;  1 drivers
v0000026a5f1729c0_0 .net/2u *"_ivl_64", 0 0, L_0000026a5f176350;  1 drivers
v0000026a5f172ba0_0 .net *"_ivl_66", 0 0, L_0000026a5f0d5260;  1 drivers
v0000026a5f1738c0_0 .net *"_ivl_69", 22 0, L_0000026a5f174cf0;  1 drivers
v0000026a5f172a60_0 .net *"_ivl_7", 22 0, L_0000026a5f175f10;  1 drivers
v0000026a5f172b00_0 .net *"_ivl_71", 21 0, L_0000026a5f174e30;  1 drivers
v0000026a5f172ce0_0 .net *"_ivl_73", 0 0, L_0000026a5f174ed0;  1 drivers
v0000026a5f173f00_0 .net *"_ivl_74", 22 0, L_0000026a5f175010;  1 drivers
v0000026a5f172d80_0 .net "a", 31 0, v0000026a5f175470_0;  alias, 1 drivers
v0000026a5f172e20_0 .net "b", 31 0, v0000026a5f174250_0;  alias, 1 drivers
L_0000026a5f176398 .functor BUFT 1, C4<0>, C4<0>, C4<0>, C4<0>;
v0000026a5f1727e0_0 .net "carry", 0 0, L_0000026a5f176398;  1 drivers
v0000026a5f172ec0_0 .net "exponent_a", 7 0, L_0000026a5f1750b0;  1 drivers
v0000026a5f1736e0_0 .net "exponent_b", 7 0, L_0000026a5f175d30;  1 drivers
v0000026a5f173000_0 .net "flags_mult", 3 0, L_0000026a5f175c90;  alias, 1 drivers
v0000026a5f173be0_0 .net "long_mult_mantisa", 47 0, L_0000026a5f174bb0;  1 drivers
v0000026a5f173d20_0 .net "mantisa_a", 23 0, L_0000026a5f174070;  1 drivers
v0000026a5f173140_0 .net "mantisa_b", 23 0, L_0000026a5f174390;  1 drivers
v0000026a5f1731e0_0 .net "mult_exponent", 8 0, L_0000026a5f174890;  1 drivers
v0000026a5f173280_0 .net "mult_mantisa", 23 0, L_0000026a5f174c50;  1 drivers
v0000026a5f173c80_0 .net "neg", 0 0, L_0000026a5f0d52d0;  1 drivers
v0000026a5f172100_0 .net "norm_exponent", 7 0, L_0000026a5f175290;  1 drivers
v0000026a5f1735a0_0 .net "norm_mant", 22 0, L_0000026a5f1755b0;  1 drivers
L_0000026a5f1763e0 .functor BUFT 1, C4<0>, C4<0>, C4<0>, C4<0>;
v0000026a5f173460_0 .net "overflow", 0 0, L_0000026a5f1763e0;  1 drivers
v0000026a5f173320_0 .var "res_exponent", 7 0;
v0000026a5f173780_0 .var "res_mant", 22 0;
v0000026a5f172600_0 .net "res_mult", 31 0, L_0000026a5f175ab0;  alias, 1 drivers
v0000026a5f1724c0_0 .net "res_sign", 0 0, L_0000026a5f0d4690;  1 drivers
v0000026a5f1733c0_0 .net "sign_a", 0 0, L_0000026a5f175830;  1 drivers
v0000026a5f173a00_0 .net "sign_b", 0 0, L_0000026a5f174110;  1 drivers
v0000026a5f172560_0 .var "zero", 0 0;
E_0000026a5f0eb9e0 .event anyedge, v0000026a5f173320_0, v0000026a5f173780_0;
E_0000026a5f0ebd20/0 .event anyedge, v0000026a5f172ec0_0, v0000026a5f173d20_0, v0000026a5f1736e0_0, v0000026a5f173140_0;
E_0000026a5f0ebd20/1 .event anyedge, v0000026a5f172100_0, v0000026a5f1735a0_0;
E_0000026a5f0ebd20 .event/or E_0000026a5f0ebd20/0, E_0000026a5f0ebd20/1;
L_0000026a5f175830 .part v0000026a5f175470_0, 31, 1;
L_0000026a5f1750b0 .part v0000026a5f175470_0, 23, 8;
L_0000026a5f175f10 .part v0000026a5f175470_0, 0, 23;
L_0000026a5f174070 .concat [ 23 1 0 0], L_0000026a5f175f10, L_0000026a5f1760c8;
L_0000026a5f174110 .part v0000026a5f174250_0, 31, 1;
L_0000026a5f175d30 .part v0000026a5f174250_0, 23, 8;
L_0000026a5f175150 .part v0000026a5f174250_0, 0, 23;
L_0000026a5f174390 .concat [ 23 1 0 0], L_0000026a5f175150, L_0000026a5f176110;
L_0000026a5f174610 .concat [ 8 1 0 0], L_0000026a5f1750b0, L_0000026a5f176158;
L_0000026a5f1747f0 .concat [ 8 1 0 0], L_0000026a5f175d30, L_0000026a5f1761a0;
L_0000026a5f1756f0 .arith/sum 9, L_0000026a5f174610, L_0000026a5f1747f0;
L_0000026a5f174890 .arith/sub 9, L_0000026a5f1756f0, L_0000026a5f1761e8;
L_0000026a5f174a70 .concat [ 24 24 0 0], L_0000026a5f174070, L_0000026a5f176230;
L_0000026a5f174b10 .concat [ 24 24 0 0], L_0000026a5f174390, L_0000026a5f176278;
L_0000026a5f174bb0 .arith/mult 48, L_0000026a5f174a70, L_0000026a5f174b10;
L_0000026a5f174c50 .part L_0000026a5f174bb0, 24, 24;
L_0000026a5f175650 .part L_0000026a5f174c50, 23, 1;
L_0000026a5f1753d0 .arith/sum 9, L_0000026a5f174890, L_0000026a5f176308;
L_0000026a5f174d90 .functor MUXZ 9, L_0000026a5f174890, L_0000026a5f1753d0, L_0000026a5f0d5180, C4<>;
L_0000026a5f175290 .part L_0000026a5f174d90, 0, 8;
L_0000026a5f175bf0 .part L_0000026a5f174c50, 23, 1;
L_0000026a5f174cf0 .part L_0000026a5f174c50, 0, 23;
L_0000026a5f174e30 .part L_0000026a5f174c50, 0, 22;
L_0000026a5f174ed0 .part L_0000026a5f174bb0, 23, 1;
L_0000026a5f175010 .concat [ 1 22 0 0], L_0000026a5f174ed0, L_0000026a5f174e30;
L_0000026a5f1755b0 .functor MUXZ 23, L_0000026a5f175010, L_0000026a5f174cf0, L_0000026a5f0d5260, C4<>;
L_0000026a5f175ab0 .concat [ 23 8 1 0], v0000026a5f173780_0, v0000026a5f173320_0, L_0000026a5f0d4690;
L_0000026a5f175c90 .concat [ 1 1 1 1], L_0000026a5f1763e0, L_0000026a5f176398, v0000026a5f172560_0, L_0000026a5f0d52d0;
    .scope S_0000026a5f09ff00;
T_0 ;
    %wait E_0000026a5f0ec4a0;
    %load/vec4 v0000026a5f133910_0;
    %load/vec4 v0000026a5f1337d0_0;
    %cmp/u;
    %jmp/0xz  T_0.0, 5;
    %load/vec4 v0000026a5f1337d0_0;
    %store/vec4 v0000026a5f133a50_0, 0, 8;
    %load/vec4 v0000026a5f1337d0_0;
    %load/vec4 v0000026a5f133910_0;
    %sub;
    %store/vec4 v0000026a5f1335f0_0, 0, 8;
    %load/vec4 v0000026a5f132ab0_0;
    %store/vec4 v0000026a5f134130_0, 0, 24;
    %load/vec4 v0000026a5f132290_0;
    %ix/getv 4, v0000026a5f1335f0_0;
    %shiftr 4;
    %store/vec4 v0000026a5f1326f0_0, 0, 24;
    %jmp T_0.1;
T_0.0 ;
    %load/vec4 v0000026a5f133910_0;
    %store/vec4 v0000026a5f133a50_0, 0, 8;
    %load/vec4 v0000026a5f133910_0;
    %load/vec4 v0000026a5f1337d0_0;
    %sub;
    %store/vec4 v0000026a5f1335f0_0, 0, 8;
    %load/vec4 v0000026a5f132ab0_0;
    %ix/getv 4, v0000026a5f1335f0_0;
    %shiftr 4;
    %store/vec4 v0000026a5f134130_0, 0, 24;
    %load/vec4 v0000026a5f132290_0;
    %store/vec4 v0000026a5f1326f0_0, 0, 24;
T_0.1 ;
    %jmp T_0;
    .thread T_0, $push;
    .scope S_0000026a5f09ff00;
T_1 ;
    %wait E_0000026a5f0ebce0;
    %load/vec4 v0000026a5f133050_0;
    %load/vec4 v0000026a5f133e10_0;
    %xor;
    %flag_set/vec4 8;
    %jmp/0xz  T_1.0, 8;
    %load/vec4 v0000026a5f134130_0;
    %load/vec4 v0000026a5f1326f0_0;
    %cmp/u;
    %jmp/0xz  T_1.2, 5;
    %load/vec4 v0000026a5f133e10_0;
    %store/vec4 v0000026a5f132d30_0, 0, 1;
    %load/vec4 v0000026a5f1326f0_0;
    %pad/u 25;
    %load/vec4 v0000026a5f134130_0;
    %pad/u 25;
    %sub;
    %store/vec4 v0000026a5f132bf0_0, 0, 25;
    %jmp T_1.3;
T_1.2 ;
    %load/vec4 v0000026a5f133050_0;
    %store/vec4 v0000026a5f132d30_0, 0, 1;
    %load/vec4 v0000026a5f134130_0;
    %pad/u 25;
    %load/vec4 v0000026a5f1326f0_0;
    %pad/u 25;
    %sub;
    %store/vec4 v0000026a5f132bf0_0, 0, 25;
T_1.3 ;
    %jmp T_1.1;
T_1.0 ;
    %load/vec4 v0000026a5f134130_0;
    %pad/u 25;
    %load/vec4 v0000026a5f1326f0_0;
    %pad/u 25;
    %add;
    %store/vec4 v0000026a5f132bf0_0, 0, 25;
    %load/vec4 v0000026a5f133050_0;
    %store/vec4 v0000026a5f132d30_0, 0, 1;
T_1.1 ;
    %jmp T_1;
    .thread T_1, $push;
    .scope S_0000026a5f09ff00;
T_2 ;
    %wait E_0000026a5f0ec3a0;
    %load/vec4 v0000026a5f132bf0_0;
    %parti/s 1, 24, 6;
    %cmpi/e 1, 0, 1;
    %jmp/0xz  T_2.0, 4;
    %pushi/vec4 1, 0, 1;
    %store/vec4 v0000026a5f133190_0, 0, 1;
    %load/vec4 v0000026a5f132bf0_0;
    %parti/s 23, 1, 2;
    %store/vec4 v0000026a5f133690_0, 0, 23;
    %load/vec4 v0000026a5f133a50_0;
    %pad/u 9;
    %addi 1, 0, 9;
    %store/vec4 v0000026a5f132510_0, 0, 9;
    %jmp T_2.1;
T_2.0 ;
    %pushi/vec4 0, 0, 1;
    %store/vec4 v0000026a5f133190_0, 0, 1;
    %load/vec4 v0000026a5f132bf0_0;
    %parti/s 23, 0, 2;
    %store/vec4 v0000026a5f133690_0, 0, 23;
    %load/vec4 v0000026a5f133a50_0;
    %pad/u 9;
    %store/vec4 v0000026a5f132510_0, 0, 9;
T_2.1 ;
    %jmp T_2;
    .thread T_2, $push;
    .scope S_0000026a5f09ff00;
T_3 ;
    %wait E_0000026a5f0ec020;
    %load/vec4 v0000026a5f132510_0;
    %parti/s 1, 8, 5;
    %cmpi/e 1, 0, 1;
    %flag_mov 8, 4;
    %load/vec4 v0000026a5f132510_0;
    %parti/s 8, 0, 2;
    %cmpi/e 255, 0, 8;
    %flag_or 4, 8;
    %jmp/0xz  T_3.0, 4;
    %pushi/vec4 1, 0, 1;
    %store/vec4 v0000026a5f133730_0, 0, 1;
    %pushi/vec4 255, 0, 8;
    %store/vec4 v0000026a5f133c30_0, 0, 8;
    %pushi/vec4 0, 0, 23;
    %store/vec4 v0000026a5f132330_0, 0, 23;
    %jmp T_3.1;
T_3.0 ;
    %pushi/vec4 0, 0, 1;
    %store/vec4 v0000026a5f133730_0, 0, 1;
    %load/vec4 v0000026a5f132510_0;
    %parti/s 8, 0, 2;
    %store/vec4 v0000026a5f133c30_0, 0, 8;
    %load/vec4 v0000026a5f133690_0;
    %store/vec4 v0000026a5f132330_0, 0, 23;
T_3.1 ;
    %jmp T_3;
    .thread T_3, $push;
    .scope S_0000026a5f09ff00;
T_4 ;
    %wait E_0000026a5f0ec120;
    %load/vec4 v0000026a5f133c30_0;
    %pushi/vec4 0, 0, 8;
    %cmp/e;
    %flag_get/vec4 4;
    %load/vec4 v0000026a5f132330_0;
    %pushi/vec4 0, 0, 23;
    %cmp/e;
    %flag_get/vec4 4;
    %and;
    %flag_set/vec4 8;
    %jmp/0xz  T_4.0, 8;
    %pushi/vec4 1, 0, 1;
    %store/vec4 v0000026a5f133eb0_0, 0, 1;
    %jmp T_4.1;
T_4.0 ;
    %pushi/vec4 0, 0, 1;
    %store/vec4 v0000026a5f133eb0_0, 0, 1;
T_4.1 ;
    %jmp T_4;
    .thread T_4, $push;
    .scope S_0000026a5f095d10;
T_5 ;
    %wait E_0000026a5f0ebd20;
    %load/vec4 v0000026a5f172ec0_0;
    %pushi/vec4 0, 0, 8;
    %cmp/e;
    %flag_get/vec4 4;
    %load/vec4 v0000026a5f173d20_0;
    %parti/s 23, 0, 2;
    %pushi/vec4 0, 0, 23;
    %cmp/e;
    %flag_get/vec4 4;
    %and;
    %flag_set/vec4 8;
    %load/vec4 v0000026a5f1736e0_0;
    %pushi/vec4 0, 0, 8;
    %cmp/e;
    %flag_get/vec4 4;
    %load/vec4 v0000026a5f173140_0;
    %parti/s 23, 0, 2;
    %pushi/vec4 0, 0, 23;
    %cmp/e;
    %flag_get/vec4 4;
    %and;
    %flag_set/vec4 9;
    %flag_or 9, 8;
    %jmp/0xz  T_5.0, 9;
    %pushi/vec4 0, 0, 8;
    %store/vec4 v0000026a5f173320_0, 0, 8;
    %pushi/vec4 0, 0, 23;
    %store/vec4 v0000026a5f173780_0, 0, 23;
    %jmp T_5.1;
T_5.0 ;
    %load/vec4 v0000026a5f172100_0;
    %store/vec4 v0000026a5f173320_0, 0, 8;
    %load/vec4 v0000026a5f1735a0_0;
    %store/vec4 v0000026a5f173780_0, 0, 23;
T_5.1 ;
    %jmp T_5;
    .thread T_5, $push;
    .scope S_0000026a5f095d10;
T_6 ;
    %wait E_0000026a5f0eb9e0;
    %load/vec4 v0000026a5f173320_0;
    %pushi/vec4 0, 0, 8;
    %cmp/e;
    %flag_get/vec4 4;
    %load/vec4 v0000026a5f173780_0;
    %pushi/vec4 0, 0, 23;
    %cmp/e;
    %flag_get/vec4 4;
    %and;
    %flag_set/vec4 8;
    %jmp/0xz  T_6.0, 8;
    %pushi/vec4 1, 0, 1;
    %store/vec4 v0000026a5f172560_0, 0, 1;
    %jmp T_6.1;
T_6.0 ;
    %pushi/vec4 0, 0, 1;
    %store/vec4 v0000026a5f172560_0, 0, 1;
T_6.1 ;
    %jmp T_6;
    .thread T_6, $push;
    .scope S_0000026a5f0ac6f0;
T_7 ;
    %wait E_0000026a5f0ebea0;
    %load/vec4 v0000026a5f0e13e0_0;
    %load/vec4 v0000026a5f0e0a80_0;
    %cmp/u;
    %jmp/0xz  T_7.0, 5;
    %load/vec4 v0000026a5f0e0a80_0;
    %store/vec4 v0000026a5f0e08a0_0, 0, 5;
    %load/vec4 v0000026a5f0e0a80_0;
    %load/vec4 v0000026a5f0e13e0_0;
    %sub;
    %store/vec4 v0000026a5f0e0940_0, 0, 5;
    %load/vec4 v0000026a5f131720_0;
    %store/vec4 v0000026a5f0df5e0_0, 0, 11;
    %load/vec4 v0000026a5f130aa0_0;
    %ix/getv 4, v0000026a5f0e0940_0;
    %shiftr 4;
    %store/vec4 v0000026a5f0dfa40_0, 0, 11;
    %jmp T_7.1;
T_7.0 ;
    %load/vec4 v0000026a5f0e13e0_0;
    %store/vec4 v0000026a5f0e08a0_0, 0, 5;
    %load/vec4 v0000026a5f0e13e0_0;
    %load/vec4 v0000026a5f0e0a80_0;
    %sub;
    %store/vec4 v0000026a5f0e0940_0, 0, 5;
    %load/vec4 v0000026a5f131720_0;
    %ix/getv 4, v0000026a5f0e0940_0;
    %shiftr 4;
    %store/vec4 v0000026a5f0df5e0_0, 0, 11;
    %load/vec4 v0000026a5f130aa0_0;
    %store/vec4 v0000026a5f0dfa40_0, 0, 11;
T_7.1 ;
    %jmp T_7;
    .thread T_7, $push;
    .scope S_0000026a5f0ac6f0;
T_8 ;
    %wait E_0000026a5f0eb9a0;
    %load/vec4 v0000026a5f130d20_0;
    %load/vec4 v0000026a5f131680_0;
    %xor;
    %flag_set/vec4 8;
    %jmp/0xz  T_8.0, 8;
    %load/vec4 v0000026a5f0df5e0_0;
    %load/vec4 v0000026a5f0dfa40_0;
    %cmp/u;
    %jmp/0xz  T_8.2, 5;
    %load/vec4 v0000026a5f131680_0;
    %store/vec4 v0000026a5f1308c0_0, 0, 1;
    %load/vec4 v0000026a5f0dfa40_0;
    %pad/u 12;
    %load/vec4 v0000026a5f0df5e0_0;
    %pad/u 12;
    %sub;
    %store/vec4 v0000026a5f0dfae0_0, 0, 12;
    %jmp T_8.3;
T_8.2 ;
    %load/vec4 v0000026a5f130d20_0;
    %store/vec4 v0000026a5f1308c0_0, 0, 1;
    %load/vec4 v0000026a5f0df5e0_0;
    %pad/u 12;
    %load/vec4 v0000026a5f0dfa40_0;
    %pad/u 12;
    %sub;
    %store/vec4 v0000026a5f0dfae0_0, 0, 12;
T_8.3 ;
    %jmp T_8.1;
T_8.0 ;
    %load/vec4 v0000026a5f0df5e0_0;
    %pad/u 12;
    %load/vec4 v0000026a5f0dfa40_0;
    %pad/u 12;
    %add;
    %store/vec4 v0000026a5f0dfae0_0, 0, 12;
    %load/vec4 v0000026a5f130d20_0;
    %store/vec4 v0000026a5f1308c0_0, 0, 1;
T_8.1 ;
    %jmp T_8;
    .thread T_8, $push;
    .scope S_0000026a5f0ac6f0;
T_9 ;
    %wait E_0000026a5f0eb8e0;
    %load/vec4 v0000026a5f0dfae0_0;
    %parti/s 1, 11, 5;
    %cmpi/e 1, 0, 1;
    %jmp/0xz  T_9.0, 4;
    %pushi/vec4 1, 0, 1;
    %store/vec4 v0000026a5f0e0c60_0, 0, 1;
    %load/vec4 v0000026a5f0dfae0_0;
    %parti/s 10, 1, 2;
    %store/vec4 v0000026a5f0e0ee0_0, 0, 10;
    %load/vec4 v0000026a5f0e08a0_0;
    %pad/u 6;
    %addi 1, 0, 6;
    %store/vec4 v0000026a5f0e0bc0_0, 0, 6;
    %jmp T_9.1;
T_9.0 ;
    %pushi/vec4 0, 0, 1;
    %store/vec4 v0000026a5f0e0c60_0, 0, 1;
    %load/vec4 v0000026a5f0dfae0_0;
    %parti/s 10, 0, 2;
    %store/vec4 v0000026a5f0e0ee0_0, 0, 10;
    %load/vec4 v0000026a5f0e08a0_0;
    %pad/u 6;
    %store/vec4 v0000026a5f0e0bc0_0, 0, 6;
T_9.1 ;
    %jmp T_9;
    .thread T_9, $push;
    .scope S_0000026a5f0ac6f0;
T_10 ;
    %wait E_0000026a5f0ec1e0;
    %load/vec4 v0000026a5f0e0bc0_0;
    %parti/s 1, 5, 4;
    %cmpi/e 1, 0, 1;
    %flag_mov 8, 4;
    %load/vec4 v0000026a5f0e0bc0_0;
    %parti/s 5, 0, 2;
    %cmpi/e 31, 0, 5;
    %flag_or 4, 8;
    %jmp/0xz  T_10.0, 4;
    %pushi/vec4 1, 0, 1;
    %store/vec4 v0000026a5f131f40_0, 0, 1;
    %pushi/vec4 31, 0, 5;
    %store/vec4 v0000026a5f130b40_0, 0, 5;
    %pushi/vec4 0, 0, 10;
    %store/vec4 v0000026a5f130e60_0, 0, 10;
    %jmp T_10.1;
T_10.0 ;
    %pushi/vec4 0, 0, 1;
    %store/vec4 v0000026a5f131f40_0, 0, 1;
    %load/vec4 v0000026a5f0e0bc0_0;
    %parti/s 5, 0, 2;
    %store/vec4 v0000026a5f130b40_0, 0, 5;
    %load/vec4 v0000026a5f0e0ee0_0;
    %store/vec4 v0000026a5f130e60_0, 0, 10;
T_10.1 ;
    %jmp T_10;
    .thread T_10, $push;
    .scope S_0000026a5f0ac6f0;
T_11 ;
    %wait E_0000026a5f0eb8a0;
    %load/vec4 v0000026a5f130b40_0;
    %pushi/vec4 0, 0, 5;
    %cmp/e;
    %flag_get/vec4 4;
    %load/vec4 v0000026a5f130e60_0;
    %pushi/vec4 0, 0, 10;
    %cmp/e;
    %flag_get/vec4 4;
    %and;
    %flag_set/vec4 8;
    %jmp/0xz  T_11.0, 8;
    %pushi/vec4 1, 0, 1;
    %store/vec4 v0000026a5f1310e0_0, 0, 1;
    %jmp T_11.1;
T_11.0 ;
    %pushi/vec4 0, 0, 1;
    %store/vec4 v0000026a5f1310e0_0, 0, 1;
T_11.1 ;
    %jmp T_11;
    .thread T_11, $push;
    .scope S_0000026a5f09fd70;
T_12 ;
    %wait E_0000026a5f0ebae0;
    %load/vec4 v0000026a5f130820_0;
    %pushi/vec4 0, 0, 5;
    %cmp/e;
    %flag_get/vec4 4;
    %load/vec4 v0000026a5f130a00_0;
    %parti/s 10, 0, 2;
    %pushi/vec4 0, 0, 10;
    %cmp/e;
    %flag_get/vec4 4;
    %and;
    %flag_set/vec4 8;
    %load/vec4 v0000026a5f131220_0;
    %pushi/vec4 0, 0, 5;
    %cmp/e;
    %flag_get/vec4 4;
    %load/vec4 v0000026a5f130960_0;
    %parti/s 10, 0, 2;
    %pushi/vec4 0, 0, 10;
    %cmp/e;
    %flag_get/vec4 4;
    %and;
    %flag_set/vec4 9;
    %flag_or 9, 8;
    %jmp/0xz  T_12.0, 9;
    %pushi/vec4 0, 0, 5;
    %store/vec4 v0000026a5f133410_0, 0, 5;
    %pushi/vec4 0, 0, 10;
    %store/vec4 v0000026a5f132830_0, 0, 10;
    %jmp T_12.1;
T_12.0 ;
    %load/vec4 v0000026a5f133cd0_0;
    %store/vec4 v0000026a5f133410_0, 0, 5;
    %load/vec4 v0000026a5f132650_0;
    %store/vec4 v0000026a5f132830_0, 0, 10;
T_12.1 ;
    %jmp T_12;
    .thread T_12, $push;
    .scope S_0000026a5f09fd70;
T_13 ;
    %wait E_0000026a5f0eba60;
    %load/vec4 v0000026a5f133410_0;
    %pushi/vec4 0, 0, 5;
    %cmp/e;
    %flag_get/vec4 4;
    %load/vec4 v0000026a5f132830_0;
    %pushi/vec4 0, 0, 10;
    %cmp/e;
    %flag_get/vec4 4;
    %and;
    %flag_set/vec4 8;
    %jmp/0xz  T_13.0, 8;
    %pushi/vec4 1, 0, 1;
    %store/vec4 v0000026a5f133870_0, 0, 1;
    %jmp T_13.1;
T_13.0 ;
    %pushi/vec4 0, 0, 1;
    %store/vec4 v0000026a5f133870_0, 0, 1;
T_13.1 ;
    %jmp T_13;
    .thread T_13, $push;
    .scope S_0000026a5f0ac560;
T_14 ;
    %wait E_0000026a5f0ec2e0;
    %load/vec4 v0000026a5f1721a0_0;
    %dup/vec4;
    %pushi/vec4 2, 0, 2;
    %cmp/x;
    %jmp/1 T_14.0, 4;
    %dup/vec4;
    %pushi/vec4 3, 0, 2;
    %cmp/x;
    %jmp/1 T_14.1, 4;
    %dup/vec4;
    %pushi/vec4 0, 0, 2;
    %cmp/x;
    %jmp/1 T_14.2, 4;
    %dup/vec4;
    %pushi/vec4 1, 0, 2;
    %cmp/x;
    %jmp/1 T_14.3, 4;
    %jmp T_14.4;
T_14.0 ;
    %load/vec4 v0000026a5f172380_0;
    %store/vec4 v0000026a5f173dc0_0, 0, 32;
    %load/vec4 v0000026a5f1726a0_0;
    %store/vec4 v0000026a5f173960_0, 0, 4;
    %jmp T_14.4;
T_14.1 ;
    %load/vec4 v0000026a5f172920_0;
    %store/vec4 v0000026a5f173dc0_0, 0, 32;
    %load/vec4 v0000026a5f173500_0;
    %store/vec4 v0000026a5f173960_0, 0, 4;
    %jmp T_14.4;
T_14.2 ;
    %pushi/vec4 0, 0, 16;
    %load/vec4 v0000026a5f172880_0;
    %concat/vec4; draw_concat_vec4
    %store/vec4 v0000026a5f173dc0_0, 0, 32;
    %load/vec4 v0000026a5f172420_0;
    %store/vec4 v0000026a5f173960_0, 0, 4;
    %jmp T_14.4;
T_14.3 ;
    %pushi/vec4 0, 0, 16;
    %load/vec4 v0000026a5f172240_0;
    %concat/vec4; draw_concat_vec4
    %store/vec4 v0000026a5f173dc0_0, 0, 32;
    %load/vec4 v0000026a5f1722e0_0;
    %store/vec4 v0000026a5f173960_0, 0, 4;
    %jmp T_14.4;
T_14.4 ;
    %pop/vec4 1;
    %jmp T_14;
    .thread T_14, $push;
    .scope S_0000026a5f0ac3d0;
T_15 ;
    %pushi/vec4 1, 0, 1;
    %store/vec4 v0000026a5f175510_0, 0, 1;
    %delay 5, 0;
    %pushi/vec4 0, 0, 1;
    %store/vec4 v0000026a5f175510_0, 0, 1;
    %delay 5, 0;
    %jmp T_15;
    .thread T_15;
    .scope S_0000026a5f0ac3d0;
T_16 ;
    %vpi_call 2 24 "$readmemh", "fpu_tv.tv", v0000026a5f1751f0 {0 0 0};
    %pushi/vec4 0, 0, 32;
    %store/vec4 v0000026a5f175790_0, 0, 32;
    %pushi/vec4 0, 0, 32;
    %store/vec4 v0000026a5f175dd0_0, 0, 32;
    %pushi/vec4 1, 0, 1;
    %store/vec4 v0000026a5f174f70_0, 0, 1;
    %delay 27, 0;
    %pushi/vec4 0, 0, 1;
    %store/vec4 v0000026a5f174f70_0, 0, 1;
    %end;
    .thread T_16;
    .scope S_0000026a5f0ac3d0;
T_17 ;
    %wait E_0000026a5f0ebc20;
    %ix/getv 4, v0000026a5f175dd0_0;
    %load/vec4a v0000026a5f1751f0, 4;
    %parti/s 4, 0, 2;
    %store/vec4 v0000026a5f1746b0_0, 0, 4;
    %ix/getv 4, v0000026a5f175dd0_0;
    %load/vec4a v0000026a5f1751f0, 4;
    %parti/s 32, 4, 4;
    %store/vec4 v0000026a5f1741b0_0, 0, 32;
    %ix/getv 4, v0000026a5f175dd0_0;
    %load/vec4a v0000026a5f1751f0, 4;
    %parti/s 32, 36, 7;
    %store/vec4 v0000026a5f175470_0, 0, 32;
    %ix/getv 4, v0000026a5f175dd0_0;
    %load/vec4a v0000026a5f1751f0, 4;
    %parti/s 32, 68, 8;
    %store/vec4 v0000026a5f174250_0, 0, 32;
    %ix/getv 4, v0000026a5f175dd0_0;
    %load/vec4a v0000026a5f1751f0, 4;
    %parti/s 2, 100, 8;
    %store/vec4 v0000026a5f175b50_0, 0, 2;
    %jmp T_17;
    .thread T_17;
    .scope S_0000026a5f0ac3d0;
T_18 ;
    %wait E_0000026a5f0ebee0;
    %load/vec4 v0000026a5f174f70_0;
    %inv;
    %flag_set/vec4 8;
    %jmp/0xz  T_18.0, 8;
    %load/vec4 v0000026a5f1742f0_0;
    %load/vec4 v0000026a5f1741b0_0;
    %cmp/ne;
    %flag_mov 8, 6;
    %load/vec4 v0000026a5f1758d0_0;
    %load/vec4 v0000026a5f1746b0_0;
    %cmp/ne;
    %flag_or 6, 8;
    %jmp/0xz  T_18.2, 6;
    %vpi_call 2 46 "$display", "Vectornum=%d", v0000026a5f175dd0_0 {0 0 0};
    %vpi_call 2 48 "$display", "For: a=%h", v0000026a5f175470_0, " b=%h", v0000026a5f174250_0, " Control=%b", v0000026a5f175b50_0 {0 0 0};
    %vpi_call 2 49 "$display", "Got: Res=%h", v0000026a5f1742f0_0, " Flags=%b", v0000026a5f1758d0_0 {0 0 0};
    %vpi_call 2 50 "$display", "Exp: Res=%h", v0000026a5f1741b0_0, " Flags=%b", v0000026a5f1746b0_0, "\012" {0 0 0};
    %load/vec4 v0000026a5f175790_0;
    %addi 1, 0, 32;
    %store/vec4 v0000026a5f175790_0, 0, 32;
T_18.2 ;
    %load/vec4 v0000026a5f175dd0_0;
    %addi 1, 0, 32;
    %store/vec4 v0000026a5f175dd0_0, 0, 32;
    %ix/getv 4, v0000026a5f175dd0_0;
    %load/vec4a v0000026a5f1751f0, 4;
    %parti/s 1, 0, 2;
    %cmpi/e 1, 1, 1;
    %jmp/0xz  T_18.4, 6;
    %vpi_call 2 56 "$display", "errors :%d", v0000026a5f175790_0 {0 0 0};
    %vpi_call 2 57 "$dumpfile", "test.vcd" {0 0 0};
    %vpi_call 2 58 "$dumpvars" {0 0 0};
    %vpi_call 2 59 "$finish" {0 0 0};
T_18.4 ;
T_18.0 ;
    %jmp T_18;
    .thread T_18;
# The file index is used to find the file name in the following table.
:file_names 6;
    "N/A";
    "<interactive>";
    "fpu_tb.v";
    "fpu.v";
    "add_fp.v";
    "mult_fp.v";
