#! /c/Source/iverilog-install/bin/vvp
:ivl_version "12.0 (devel)" "(s20150603-1110-g18392a46)";
:ivl_delay_selection "TYPICAL";
:vpi_time_precision + 0;
:vpi_module "D:\Dev\iverilog\lib\ivl\system.vpi";
:vpi_module "D:\Dev\iverilog\lib\ivl\vhdl_sys.vpi";
:vpi_module "D:\Dev\iverilog\lib\ivl\vhdl_textio.vpi";
:vpi_module "D:\Dev\iverilog\lib\ivl\v2005_math.vpi";
:vpi_module "D:\Dev\iverilog\lib\ivl\va_math.vpi";
S_00000264ffb8c2b0 .scope module, "alu_tb" "alu_tb" 2 7;
 .timescale 0 0;
v00000264ffbf5a10_0 .var "ALUControl", 2 0;
v00000264ffbf4a70_0 .net "ALUFlags", 3 0, L_00000264ffc06a90;  1 drivers
v00000264ffbf5f10_0 .var "ALUFlags_expected", 3 0;
v00000264ffbf4b10_0 .net "Auxiliar", 31 0, L_00000264ffbf6410;  1 drivers
v00000264ffbf5dd0_0 .var "Auxiliar_expected", 31 0;
v00000264ffbf56f0_0 .net "Result", 31 0, v00000264ffb97ca0_0;  1 drivers
v00000264ffbf4bb0_0 .var "Result_expected", 31 0;
v00000264ffbf6190_0 .var "a", 31 0;
v00000264ffbf4890_0 .var "b", 31 0;
v00000264ffbf53d0_0 .var "clk", 0 0;
v00000264ffbf5c90_0 .var "errors", 31 0;
v00000264ffbf4750_0 .var "reset", 0 0;
v00000264ffbf5e70 .array "testvector", 0 15, 134 0;
v00000264ffbf4f70_0 .var "vectornum", 31 0;
E_00000264ffb9acc0 .event negedge, v00000264ffbf53d0_0;
E_00000264ffb9a900 .event posedge, v00000264ffbf53d0_0;
S_00000264ffb8c440 .scope module, "alu_dut" "ALU" 2 22, 3 12 0, S_00000264ffb8c2b0;
 .timescale 0 0;
    .port_info 0 /INPUT 32 "a";
    .port_info 1 /INPUT 32 "b";
    .port_info 2 /OUTPUT 32 "Result";
    .port_info 3 /OUTPUT 4 "ALUFlags";
    .port_info 4 /INPUT 3 "ALUControl";
    .port_info 5 /OUTPUT 32 "Auxiliar";
L_00000264ffb78690 .functor BUFZ 32, v00000264ffbf6190_0, C4<00000000000000000000000000000000>, C4<00000000000000000000000000000000>, C4<00000000000000000000000000000000>;
L_00000264ffb77890 .functor BUFZ 32, v00000264ffbf4890_0, C4<00000000000000000000000000000000>, C4<00000000000000000000000000000000>, C4<00000000000000000000000000000000>;
L_00000264ffb77ba0 .functor NOT 33, L_00000264ffbf5fb0, C4<000000000000000000000000000000000>, C4<000000000000000000000000000000000>, C4<000000000000000000000000000000000>;
L_00000264ffb782a0 .functor AND 1, L_00000264ffbf5650, L_00000264ffbf5790, C4<1>, C4<1>;
L_00000264ffb77ac0 .functor XOR 1, L_00000264ffbf5970, L_00000264ffbf5b50, C4<0>, C4<0>;
L_00000264ffb77c10 .functor AND 1, L_00000264ffbf58d0, L_00000264ffb77ac0, C4<1>, C4<1>;
L_00000264ffb77c80 .functor XOR 1, L_00000264ffbf60f0, L_00000264ffbf6230, C4<0>, C4<0>;
L_00000264ffb783f0 .functor XOR 1, L_00000264ffb77c80, L_00000264ffbf6550, C4<0>, C4<0>;
L_00000264ffb77cf0 .functor NOT 1, L_00000264ffb783f0, C4<0>, C4<0>, C4<0>;
L_00000264ffb77eb0 .functor AND 1, L_00000264ffb77c10, L_00000264ffb77cf0, C4<1>, C4<1>;
v00000264ffb987e0_0 .net "ALUControl", 2 0, v00000264ffbf5a10_0;  1 drivers
v00000264ffb97f20_0 .net "ALUFlags", 3 0, L_00000264ffc06a90;  alias, 1 drivers
v00000264ffb97de0_0 .net "Auxiliar", 31 0, L_00000264ffbf6410;  alias, 1 drivers
v00000264ffb97ca0_0 .var "Result", 31 0;
v00000264ffb97d40_0 .net *"_ivl_10", 63 0, L_00000264ffbf64b0;  1 drivers
L_00000264ffc60088 .functor BUFT 1, C4<00000000000000000000000000000000>, C4<0>, C4<0>, C4<0>;
v00000264ffb98880_0 .net *"_ivl_13", 31 0, L_00000264ffc60088;  1 drivers
v00000264ffb98240_0 .net *"_ivl_14", 63 0, L_00000264ffbf4930;  1 drivers
L_00000264ffc600d0 .functor BUFT 1, C4<00000000000000000000000000000000>, C4<0>, C4<0>, C4<0>;
v00000264ffb97e80_0 .net *"_ivl_17", 31 0, L_00000264ffc600d0;  1 drivers
v00000264ffb97200_0 .net *"_ivl_21", 0 0, L_00000264ffbf6370;  1 drivers
v00000264ffb973e0_0 .net *"_ivl_24", 32 0, L_00000264ffbf55b0;  1 drivers
L_00000264ffc60118 .functor BUFT 1, C4<0>, C4<0>, C4<0>, C4<0>;
v00000264ffb97fc0_0 .net *"_ivl_27", 0 0, L_00000264ffc60118;  1 drivers
v00000264ffb98e20_0 .net *"_ivl_29", 0 0, L_00000264ffbf49d0;  1 drivers
v00000264ffb97020_0 .net *"_ivl_30", 32 0, L_00000264ffbf5fb0;  1 drivers
L_00000264ffc60160 .functor BUFT 1, C4<0>, C4<0>, C4<0>, C4<0>;
v00000264ffb98920_0 .net *"_ivl_33", 0 0, L_00000264ffc60160;  1 drivers
v00000264ffb98a60_0 .net *"_ivl_34", 32 0, L_00000264ffb77ba0;  1 drivers
v00000264ffb98740_0 .net *"_ivl_36", 32 0, L_00000264ffbf5010;  1 drivers
L_00000264ffc601a8 .functor BUFT 1, C4<0>, C4<0>, C4<0>, C4<0>;
v00000264ffb989c0_0 .net *"_ivl_39", 0 0, L_00000264ffc601a8;  1 drivers
v00000264ffb98b00_0 .net/s *"_ivl_4", 63 0, L_00000264ffbf5830;  1 drivers
v00000264ffb98060_0 .net *"_ivl_40", 32 0, L_00000264ffbf62d0;  1 drivers
v00000264ffb98c40_0 .net *"_ivl_42", 32 0, L_00000264ffbf5bf0;  1 drivers
v00000264ffb97520_0 .net *"_ivl_45", 0 0, L_00000264ffbf5ab0;  1 drivers
v00000264ffb98ba0_0 .net *"_ivl_46", 32 0, L_00000264ffbf4c50;  1 drivers
L_00000264ffc601f0 .functor BUFT 1, C4<00000000000000000000000000000000>, C4<0>, C4<0>, C4<0>;
v00000264ffb97480_0 .net *"_ivl_49", 31 0, L_00000264ffc601f0;  1 drivers
v00000264ffb98ec0_0 .net *"_ivl_55", 1 0, L_00000264ffbf6050;  1 drivers
L_00000264ffc60238 .functor BUFT 1, C4<00>, C4<0>, C4<0>, C4<0>;
v00000264ffb98100_0 .net/2u *"_ivl_56", 1 0, L_00000264ffc60238;  1 drivers
v00000264ffb981a0_0 .net *"_ivl_58", 0 0, L_00000264ffbf5650;  1 drivers
v00000264ffb970c0_0 .net/s *"_ivl_6", 63 0, L_00000264ffbf46b0;  1 drivers
v00000264ffb975c0_0 .net *"_ivl_61", 0 0, L_00000264ffbf5790;  1 drivers
v00000264ffb98ce0_0 .net *"_ivl_65", 1 0, L_00000264ffbf51f0;  1 drivers
L_00000264ffc60280 .functor BUFT 1, C4<00>, C4<0>, C4<0>, C4<0>;
v00000264ffb982e0_0 .net/2u *"_ivl_66", 1 0, L_00000264ffc60280;  1 drivers
v00000264ffb98380_0 .net *"_ivl_68", 0 0, L_00000264ffbf58d0;  1 drivers
v00000264ffb97660_0 .net *"_ivl_71", 0 0, L_00000264ffbf5970;  1 drivers
v00000264ffb97160_0 .net *"_ivl_73", 0 0, L_00000264ffbf5b50;  1 drivers
v00000264ffb972a0_0 .net *"_ivl_74", 0 0, L_00000264ffb77ac0;  1 drivers
v00000264ffb98d80_0 .net *"_ivl_76", 0 0, L_00000264ffb77c10;  1 drivers
v00000264ffb97340_0 .net *"_ivl_79", 0 0, L_00000264ffbf60f0;  1 drivers
v00000264ffb97980_0 .net *"_ivl_81", 0 0, L_00000264ffbf6230;  1 drivers
v00000264ffb98420_0 .net *"_ivl_82", 0 0, L_00000264ffb77c80;  1 drivers
v00000264ffb97700_0 .net *"_ivl_85", 0 0, L_00000264ffbf6550;  1 drivers
v00000264ffb984c0_0 .net *"_ivl_86", 0 0, L_00000264ffb783f0;  1 drivers
v00000264ffb977a0_0 .net *"_ivl_88", 0 0, L_00000264ffb77cf0;  1 drivers
v00000264ffb98560_0 .net "a", 31 0, v00000264ffbf6190_0;  1 drivers
v00000264ffb98600_0 .net "b", 31 0, v00000264ffbf4890_0;  1 drivers
v00000264ffb97840_0 .net "carry", 0 0, L_00000264ffb782a0;  1 drivers
v00000264ffb986a0_0 .net "mull", 63 0, L_00000264ffbf5510;  1 drivers
v00000264ffbf4e30_0 .var "neg", 0 0;
v00000264ffbf4ed0_0 .net "overflow", 0 0, L_00000264ffb77eb0;  1 drivers
v00000264ffbf5290_0 .net/s "sa", 31 0, L_00000264ffb78690;  1 drivers
v00000264ffbf4d90_0 .net/s "sb", 31 0, L_00000264ffb77890;  1 drivers
v00000264ffbf4cf0_0 .net/s "smull", 63 0, L_00000264ffbf5330;  1 drivers
v00000264ffbf47f0_0 .net "sum", 32 0, L_00000264ffbf50b0;  1 drivers
v00000264ffbf5d30_0 .net "umull", 63 0, L_00000264ffbf5470;  1 drivers
v00000264ffbf5150_0 .var "zero", 0 0;
E_00000264ffb9a8c0 .event anyedge, v00000264ffb987e0_0, v00000264ffb97de0_0, v00000264ffb97ca0_0;
E_00000264ffb9abc0 .event anyedge, v00000264ffb987e0_0, v00000264ffb97ca0_0, v00000264ffb97de0_0;
E_00000264ffb9a980/0 .event anyedge, v00000264ffb987e0_0, v00000264ffbf47f0_0, v00000264ffb98560_0, v00000264ffb98600_0;
E_00000264ffb9a980/1 .event anyedge, v00000264ffb986a0_0;
E_00000264ffb9a980 .event/or E_00000264ffb9a980/0, E_00000264ffb9a980/1;
L_00000264ffbf5830 .extend/s 64, L_00000264ffb78690;
L_00000264ffbf46b0 .extend/s 64, L_00000264ffb77890;
L_00000264ffbf5330 .arith/mult 64, L_00000264ffbf5830, L_00000264ffbf46b0;
L_00000264ffbf64b0 .concat [ 32 32 0 0], v00000264ffbf6190_0, L_00000264ffc60088;
L_00000264ffbf4930 .concat [ 32 32 0 0], v00000264ffbf4890_0, L_00000264ffc600d0;
L_00000264ffbf5470 .arith/mult 64, L_00000264ffbf64b0, L_00000264ffbf4930;
L_00000264ffbf6370 .part v00000264ffbf5a10_0, 1, 1;
L_00000264ffbf5510 .functor MUXZ 64, L_00000264ffbf5470, L_00000264ffbf5330, L_00000264ffbf6370, C4<>;
L_00000264ffbf55b0 .concat [ 32 1 0 0], v00000264ffbf6190_0, L_00000264ffc60118;
L_00000264ffbf49d0 .part v00000264ffbf5a10_0, 0, 1;
L_00000264ffbf5fb0 .concat [ 32 1 0 0], v00000264ffbf4890_0, L_00000264ffc60160;
L_00000264ffbf5010 .concat [ 32 1 0 0], v00000264ffbf4890_0, L_00000264ffc601a8;
L_00000264ffbf62d0 .functor MUXZ 33, L_00000264ffbf5010, L_00000264ffb77ba0, L_00000264ffbf49d0, C4<>;
L_00000264ffbf5bf0 .arith/sum 33, L_00000264ffbf55b0, L_00000264ffbf62d0;
L_00000264ffbf5ab0 .part v00000264ffbf5a10_0, 0, 1;
L_00000264ffbf4c50 .concat [ 1 32 0 0], L_00000264ffbf5ab0, L_00000264ffc601f0;
L_00000264ffbf50b0 .arith/sum 33, L_00000264ffbf5bf0, L_00000264ffbf4c50;
L_00000264ffbf6410 .part L_00000264ffbf5510, 32, 32;
L_00000264ffbf6050 .part v00000264ffbf5a10_0, 1, 2;
L_00000264ffbf5650 .cmp/eq 2, L_00000264ffbf6050, L_00000264ffc60238;
L_00000264ffbf5790 .part L_00000264ffbf50b0, 32, 1;
L_00000264ffbf51f0 .part v00000264ffbf5a10_0, 1, 2;
L_00000264ffbf58d0 .cmp/eq 2, L_00000264ffbf51f0, L_00000264ffc60280;
L_00000264ffbf5970 .part L_00000264ffbf50b0, 31, 1;
L_00000264ffbf5b50 .part v00000264ffbf6190_0, 31, 1;
L_00000264ffbf60f0 .part v00000264ffbf5a10_0, 0, 1;
L_00000264ffbf6230 .part v00000264ffbf6190_0, 31, 1;
L_00000264ffbf6550 .part v00000264ffbf4890_0, 31, 1;
L_00000264ffc06a90 .concat [ 1 1 1 1], L_00000264ffb77eb0, L_00000264ffb782a0, v00000264ffbf5150_0, v00000264ffbf4e30_0;
    .scope S_00000264ffb8c440;
T_0 ;
    %wait E_00000264ffb9a980;
    %load/vec4 v00000264ffb987e0_0;
    %dup/vec4;
    %pushi/vec4 0, 1, 3;
    %cmp/x;
    %jmp/1 T_0.0, 4;
    %dup/vec4;
    %pushi/vec4 2, 0, 3;
    %cmp/x;
    %jmp/1 T_0.1, 4;
    %dup/vec4;
    %pushi/vec4 3, 0, 3;
    %cmp/x;
    %jmp/1 T_0.2, 4;
    %dup/vec4;
    %pushi/vec4 4, 3, 3;
    %cmp/x;
    %jmp/1 T_0.3, 4;
    %jmp T_0.4;
T_0.0 ;
    %load/vec4 v00000264ffbf47f0_0;
    %pad/u 32;
    %store/vec4 v00000264ffb97ca0_0, 0, 32;
    %jmp T_0.4;
T_0.1 ;
    %load/vec4 v00000264ffb98560_0;
    %load/vec4 v00000264ffb98600_0;
    %and;
    %store/vec4 v00000264ffb97ca0_0, 0, 32;
    %jmp T_0.4;
T_0.2 ;
    %load/vec4 v00000264ffb98560_0;
    %load/vec4 v00000264ffb98600_0;
    %or;
    %store/vec4 v00000264ffb97ca0_0, 0, 32;
    %jmp T_0.4;
T_0.3 ;
    %load/vec4 v00000264ffb986a0_0;
    %parti/s 32, 0, 2;
    %store/vec4 v00000264ffb97ca0_0, 0, 32;
    %jmp T_0.4;
T_0.4 ;
    %pop/vec4 1;
    %jmp T_0;
    .thread T_0, $push;
    .scope S_00000264ffb8c440;
T_1 ;
    %wait E_00000264ffb9abc0;
    %load/vec4 v00000264ffb987e0_0;
    %dup/vec4;
    %pushi/vec4 5, 2, 3;
    %cmp/x;
    %jmp/1 T_1.0, 4;
    %load/vec4 v00000264ffb97ca0_0;
    %pushi/vec4 0, 0, 32;
    %cmp/e;
    %flag_get/vec4 4;
    %store/vec4 v00000264ffbf5150_0, 0, 1;
    %jmp T_1.2;
T_1.0 ;
    %load/vec4 v00000264ffb97ca0_0;
    %pushi/vec4 0, 0, 32;
    %cmp/e;
    %flag_get/vec4 4;
    %load/vec4 v00000264ffb97de0_0;
    %pushi/vec4 0, 0, 32;
    %cmp/e;
    %flag_get/vec4 4;
    %and;
    %store/vec4 v00000264ffbf5150_0, 0, 1;
    %jmp T_1.2;
T_1.2 ;
    %pop/vec4 1;
    %jmp T_1;
    .thread T_1, $push;
    .scope S_00000264ffb8c440;
T_2 ;
    %wait E_00000264ffb9a8c0;
    %load/vec4 v00000264ffb987e0_0;
    %dup/vec4;
    %pushi/vec4 4, 1, 3;
    %cmp/x;
    %jmp/1 T_2.0, 4;
    %dup/vec4;
    %pushi/vec4 7, 0, 3;
    %cmp/x;
    %jmp/1 T_2.1, 4;
    %load/vec4 v00000264ffb97ca0_0;
    %parti/s 1, 31, 6;
    %store/vec4 v00000264ffbf4e30_0, 0, 1;
    %jmp T_2.3;
T_2.0 ;
    %pushi/vec4 0, 0, 1;
    %store/vec4 v00000264ffbf4e30_0, 0, 1;
    %jmp T_2.3;
T_2.1 ;
    %load/vec4 v00000264ffb97de0_0;
    %parti/s 1, 31, 6;
    %store/vec4 v00000264ffbf4e30_0, 0, 1;
    %jmp T_2.3;
T_2.3 ;
    %pop/vec4 1;
    %jmp T_2;
    .thread T_2, $push;
    .scope S_00000264ffb8c2b0;
T_3 ;
    %pushi/vec4 1, 0, 1;
    %store/vec4 v00000264ffbf53d0_0, 0, 1;
    %delay 5, 0;
    %pushi/vec4 0, 0, 1;
    %store/vec4 v00000264ffbf53d0_0, 0, 1;
    %delay 5, 0;
    %jmp T_3;
    .thread T_3;
    .scope S_00000264ffb8c2b0;
T_4 ;
    %vpi_call 2 31 "$readmemh", "alu_tv.tv", v00000264ffbf5e70 {0 0 0};
    %pushi/vec4 0, 0, 32;
    %store/vec4 v00000264ffbf5c90_0, 0, 32;
    %pushi/vec4 0, 0, 32;
    %store/vec4 v00000264ffbf4f70_0, 0, 32;
    %pushi/vec4 1, 0, 1;
    %store/vec4 v00000264ffbf4750_0, 0, 1;
    %delay 27, 0;
    %pushi/vec4 0, 0, 1;
    %store/vec4 v00000264ffbf4750_0, 0, 1;
    %end;
    .thread T_4;
    .scope S_00000264ffb8c2b0;
T_5 ;
    %wait E_00000264ffb9a900;
    %ix/getv 4, v00000264ffbf4f70_0;
    %load/vec4a v00000264ffbf5e70, 4;
    %parti/s 4, 0, 2;
    %store/vec4 v00000264ffbf5f10_0, 0, 4;
    %ix/getv 4, v00000264ffbf4f70_0;
    %load/vec4a v00000264ffbf5e70, 4;
    %parti/s 32, 4, 4;
    %store/vec4 v00000264ffbf4bb0_0, 0, 32;
    %ix/getv 4, v00000264ffbf4f70_0;
    %load/vec4a v00000264ffbf5e70, 4;
    %parti/s 32, 36, 7;
    %store/vec4 v00000264ffbf5dd0_0, 0, 32;
    %ix/getv 4, v00000264ffbf4f70_0;
    %load/vec4a v00000264ffbf5e70, 4;
    %parti/s 32, 68, 8;
    %store/vec4 v00000264ffbf6190_0, 0, 32;
    %ix/getv 4, v00000264ffbf4f70_0;
    %load/vec4a v00000264ffbf5e70, 4;
    %parti/s 32, 100, 8;
    %store/vec4 v00000264ffbf4890_0, 0, 32;
    %ix/getv 4, v00000264ffbf4f70_0;
    %load/vec4a v00000264ffbf5e70, 4;
    %parti/s 3, 132, 9;
    %store/vec4 v00000264ffbf5a10_0, 0, 3;
    %jmp T_5;
    .thread T_5;
    .scope S_00000264ffb8c2b0;
T_6 ;
    %wait E_00000264ffb9acc0;
    %load/vec4 v00000264ffbf4750_0;
    %inv;
    %flag_set/vec4 8;
    %jmp/0xz  T_6.0, 8;
    %load/vec4 v00000264ffbf56f0_0;
    %load/vec4 v00000264ffbf4bb0_0;
    %cmp/ne;
    %flag_mov 8, 6;
    %load/vec4 v00000264ffbf4a70_0;
    %load/vec4 v00000264ffbf5f10_0;
    %cmp/ne;
    %flag_or 6, 8;
    %flag_mov 8, 6;
    %load/vec4 v00000264ffbf4b10_0;
    %load/vec4 v00000264ffbf5dd0_0;
    %cmp/ne;
    %flag_get/vec4 6;
    %load/vec4 v00000264ffbf5dd0_0;
    %pushi/vec4 4294967295, 4294967295, 32;
    %cmp/ne;
    %flag_get/vec4 6;
    %and;
    %flag_set/vec4 9;
    %flag_or 9, 8;
    %jmp/0xz  T_6.2, 9;
    %vpi_call 2 55 "$display", "Vectornum=%d", v00000264ffbf4f70_0 {0 0 0};
    %vpi_call 2 57 "$display", "For: a=%h", v00000264ffbf6190_0, " b=%h", v00000264ffbf4890_0, " Control=%b", v00000264ffbf5a10_0 {0 0 0};
    %vpi_call 2 58 "$display", "Got: Res=%h", v00000264ffbf56f0_0, " Aux=%h", v00000264ffbf4b10_0, " Flags=%b", v00000264ffbf4a70_0 {0 0 0};
    %vpi_call 2 59 "$display", "Exp: Res=%h", v00000264ffbf4bb0_0, " Aux=%h", v00000264ffbf5dd0_0, " Flags=%b", v00000264ffbf5f10_0, "\012" {0 0 0};
    %load/vec4 v00000264ffbf5c90_0;
    %addi 1, 0, 32;
    %store/vec4 v00000264ffbf5c90_0, 0, 32;
T_6.2 ;
    %load/vec4 v00000264ffbf4f70_0;
    %addi 1, 0, 32;
    %store/vec4 v00000264ffbf4f70_0, 0, 32;
    %ix/getv 4, v00000264ffbf4f70_0;
    %load/vec4a v00000264ffbf5e70, 4;
    %parti/s 1, 0, 2;
    %cmpi/e 1, 1, 1;
    %jmp/0xz  T_6.4, 6;
    %vpi_call 2 65 "$display", "errors :%d", v00000264ffbf5c90_0 {0 0 0};
    %vpi_call 2 66 "$finish" {0 0 0};
T_6.4 ;
T_6.0 ;
    %jmp T_6;
    .thread T_6;
# The file index is used to find the file name in the following table.
:file_names 4;
    "N/A";
    "<interactive>";
    "alu_tb.v";
    "alu.v";
